<?xml version="1.0" encoding="UTF-8"?>
<coverage generated="1771066450549" clover="3.2.0">
  <project timestamp="1771066450549" name="All files">
    <metrics statements="35" coveredstatements="35" conditionals="10" coveredconditionals="10" methods="10" coveredmethods="10" elements="55" coveredelements="55" complexity="0" loc="35" ncloc="35" packages="1" files="1" classes="1"/>
    <file name="task-cron.service.ts" path="/Users/jiashenglin/Desktop/好玩的项目/noidear/server/src/modules/task/task-cron.service.ts">
      <metrics statements="35" coveredstatements="35" conditionals="10" coveredconditionals="10" methods="10" coveredmethods="10"/>
      <line num="1" count="1" type="stmt"/>
      <line num="2" count="1" type="stmt"/>
      <line num="3" count="1" type="stmt"/>
      <line num="4" count="1" type="stmt"/>
      <line num="15" count="1" type="stmt"/>
      <line num="16" count="24" type="stmt"/>
      <line num="19" count="24" type="stmt"/>
      <line num="20" count="24" type="stmt"/>
      <line num="33" count="1" type="stmt"/>
      <line num="34" count="22" type="stmt"/>
      <line num="35" count="22" type="stmt"/>
      <line num="37" count="19" type="cond" truecount="2" falsecount="0"/>
      <line num="38" count="6" type="stmt"/>
      <line num="39" count="6" type="stmt"/>
      <line num="42" count="13" type="stmt"/>
      <line num="44" count="13" type="stmt"/>
      <line num="45" count="13" type="stmt"/>
      <line num="47" count="3" type="stmt"/>
      <line num="54" count="22" type="stmt"/>
      <line num="67" count="13" type="stmt"/>
      <line num="68" count="67" type="stmt"/>
      <line num="73" count="67" type="stmt"/>
      <line num="74" count="67" type="stmt"/>
      <line num="79" count="3" type="stmt"/>
      <line num="86" count="67" type="stmt"/>
      <line num="88" count="13" type="stmt"/>
      <line num="89" count="273" type="stmt"/>
      <line num="90" count="20" type="stmt"/>
      <line num="98" count="20" type="stmt"/>
      <line num="99" count="20" type="stmt"/>
      <line num="104" count="20" type="cond" truecount="2" falsecount="0"/>
      <line num="105" count="7" type="stmt"/>
      <line num="108" count="15" type="stmt"/>
      <line num="115" count="13" type="stmt"/>
      <line num="117" count="4" type="stmt"/>
    </file>
  </project>
</coverage>
