{"/Users/jiashenglin/Desktop/好玩的项目/noidear/server/src/modules/task/task-cron.service.ts": {"path":"/Users/jiashenglin/Desktop/好玩的项目/noidear/server/src/modules/task/task-cron.service.ts","statementMap":{"0":{"start":{"line":1,"column":0},"end":{"line":1,"column":52}},"1":{"start":{"line":2,"column":0},"end":{"line":2,"column":40}},"2":{"start":{"line":3,"column":0},"end":{"line":3,"column":60}},"3":{"start":{"line":4,"column":0},"end":{"line":4,"column":75}},"4":{"start":{"line":15,"column":28},"end":{"line":122,"column":null}},"5":{"start":{"line":19,"column":21},"end":{"line":19,"column":29}},"6":{"start":{"line":20,"column":21},"end":{"line":20,"column":42}},"7":{"start":{"line":16,"column":19},"end":{"line":16,"column":61}},"8":{"start":{"line":34,"column":4},"end":{"line":50,"column":5}},"9":{"start":{"line":35,"column":27},"end":{"line":35,"column":56}},"10":{"start":{"line":37,"column":6},"end":{"line":40,"column":7}},"11":{"start":{"line":38,"column":8},"end":{"line":38,"column":50}},"12":{"start":{"line":39,"column":8},"end":{"line":39,"column":15}},"13":{"start":{"line":42,"column":6},"end":{"line":42,"column":83}},"14":{"start":{"line":44,"column":6},"end":{"line":44,"column":50}},"15":{"start":{"line":45,"column":6},"end":{"line":45,"column":49}},"16":{"start":{"line":47,"column":6},"end":{"line":49,"column":8}},"17":{"start":{"line":54,"column":4},"end":{"line":63,"column":7}},"18":{"start":{"line":67,"column":4},"end":{"line":69,"column":5}},"19":{"start":{"line":68,"column":6},"end":{"line":68,"column":43}},"20":{"start":{"line":73,"column":4},"end":{"line":82,"column":5}},"21":{"start":{"line":74,"column":6},"end":{"line":77,"column":9}},"22":{"start":{"line":79,"column":6},"end":{"line":81,"column":8}},"23":{"start":{"line":86,"column":26},"end":{"line":86,"column":72}},"24":{"start":{"line":86,"column":55},"end":{"line":86,"column":69}},"25":{"start":{"line":88,"column":4},"end":{"line":91,"column":5}},"26":{"start":{"line":89,"column":24},"end":{"line":89,"column":77}},"27":{"start":{"line":89,"column":44},"end":{"line":89,"column":69}},"28":{"start":{"line":90,"column":6},"end":{"line":90,"column":63}},"29":{"start":{"line":98,"column":4},"end":{"line":120,"column":5}},"30":{"start":{"line":99,"column":22},"end":{"line":102,"column":8}},"31":{"start":{"line":104,"column":6},"end":{"line":106,"column":7}},"32":{"start":{"line":105,"column":8},"end":{"line":105,"column":15}},"33":{"start":{"line":108,"column":28},"end":{"line":113,"column":9}},"34":{"start":{"line":108,"column":53},"end":{"line":113,"column":8}},"35":{"start":{"line":115,"column":6},"end":{"line":115,"column":63}},"36":{"start":{"line":117,"column":6},"end":{"line":119,"column":8}},"37":{"start":{"line":15,"column":13},"end":{"line":15,"column":28}},"38":{"start":{"line":33,"column":8},"end":{"line":51,"column":null}},"39":{"start":{"line":15,"column":13},"end":{"line":122,"column":null}}},"fnMap":{"0":{"name":"(anonymous_2)","decl":{"start":{"line":18,"column":2},"end":{"line":18,"column":null}},"loc":{"start":{"line":20,"column":61},"end":{"line":21,"column":6}}},"1":{"name":"(anonymous_3)","decl":{"start":{"line":33,"column":8},"end":{"line":33,"column":26}},"loc":{"start":{"line":33,"column":26},"end":{"line":51,"column":3}}},"2":{"name":"(anonymous_4)","decl":{"start":{"line":53,"column":10},"end":{"line":53,"column":15}},"loc":{"start":{"line":53,"column":32},"end":{"line":64,"column":3}}},"3":{"name":"(anonymous_5)","decl":{"start":{"line":66,"column":10},"end":{"line":66,"column":15}},"loc":{"start":{"line":66,"column":55},"end":{"line":70,"column":3}}},"4":{"name":"(anonymous_6)","decl":{"start":{"line":72,"column":10},"end":{"line":72,"column":15}},"loc":{"start":{"line":72,"column":47},"end":{"line":83,"column":3}}},"5":{"name":"(anonymous_7)","decl":{"start":{"line":85,"column":10},"end":{"line":85,"column":15}},"loc":{"start":{"line":85,"column":54},"end":{"line":92,"column":3}}},"6":{"name":"(anonymous_8)","decl":{"start":{"line":86,"column":48},"end":{"line":86,"column":49}},"loc":{"start":{"line":86,"column":55},"end":{"line":86,"column":69}}},"7":{"name":"(anonymous_9)","decl":{"start":{"line":89,"column":37},"end":{"line":89,"column":38}},"loc":{"start":{"line":89,"column":44},"end":{"line":89,"column":69}}},"8":{"name":"(anonymous_10)","decl":{"start":{"line":94,"column":10},"end":{"line":94,"column":15}},"loc":{"start":{"line":96,"column":21},"end":{"line":121,"column":3}}},"9":{"name":"(anonymous_11)","decl":{"start":{"line":108,"column":40},"end":{"line":108,"column":41}},"loc":{"start":{"line":108,"column":53},"end":{"line":113,"column":8}}}},"branchMap":{"0":{"loc":{"start":{"line":37,"column":6},"end":{"line":40,"column":7}},"type":"if","locations":[{"start":{"line":37,"column":6},"end":{"line":40,"column":7}},{"start":{},"end":{}}]},"1":{"loc":{"start":{"line":48,"column":44},"end":{"line":48,"column":98}},"type":"cond-expr","locations":[{"start":{"line":48,"column":69},"end":{"line":48,"column":82}},{"start":{"line":48,"column":85},"end":{"line":48,"column":98}}]},"2":{"loc":{"start":{"line":80,"column":53},"end":{"line":80,"column":107}},"type":"cond-expr","locations":[{"start":{"line":80,"column":78},"end":{"line":80,"column":91}},{"start":{"line":80,"column":94},"end":{"line":80,"column":107}}]},"3":{"loc":{"start":{"line":104,"column":6},"end":{"line":106,"column":7}},"type":"if","locations":[{"start":{"line":104,"column":6},"end":{"line":106,"column":7}},{"start":{},"end":{}}]},"4":{"loc":{"start":{"line":118,"column":80},"end":{"line":118,"column":134}},"type":"cond-expr","locations":[{"start":{"line":118,"column":105},"end":{"line":118,"column":118}},{"start":{"line":118,"column":121},"end":{"line":118,"column":134}}]}},"s":{"0":1,"1":1,"2":1,"3":1,"4":1,"5":24,"6":24,"7":24,"8":22,"9":22,"10":19,"11":6,"12":6,"13":13,"14":13,"15":13,"16":3,"17":22,"18":13,"19":67,"20":67,"21":67,"22":3,"23":13,"24":67,"25":13,"26":20,"27":273,"28":20,"29":20,"30":20,"31":20,"32":7,"33":13,"34":15,"35":13,"36":4,"37":1,"38":1,"39":1},"f":{"0":24,"1":22,"2":22,"3":13,"4":67,"5":13,"6":67,"7":273,"8":20,"9":15},"b":{"0":[6,13],"1":[2,1],"2":[2,1],"3":[7,13],"4":[3,1]}}
}
