<?xml version="1.0" encoding="UTF-8"?>
<coverage generated="1771746328368" clover="3.2.0">
  <project timestamp="1771746328368" name="All files">
    <metrics statements="1271" coveredstatements="896" conditionals="916" coveredconditionals="542" methods="576" coveredmethods="338" elements="2763" coveredelements="1776" complexity="0" loc="1271" ncloc="1271" packages="9" files="15" classes="15"/>
    <package name="api">
      <metrics statements="29" coveredstatements="21" conditionals="22" coveredconditionals="21" methods="24" coveredmethods="16"/>
      <file name="approval.ts" path="/Users/jiashenglin/Desktop/好玩的项目/noidear/client/src/api/approval.ts">
        <metrics statements="9" coveredstatements="9" conditionals="8" coveredconditionals="7" methods="9" coveredmethods="9"/>
        <line num="74" count="1" type="stmt"/>
        <line num="81" count="2" type="stmt"/>
        <line num="92" count="1" type="stmt"/>
        <line num="103" count="1" type="stmt"/>
        <line num="112" count="1" type="stmt"/>
        <line num="119" count="1" type="stmt"/>
        <line num="126" count="2" type="stmt"/>
        <line num="135" count="3" type="stmt"/>
        <line num="146" count="1" type="stmt"/>
      </file>
      <file name="task.ts" path="/Users/jiashenglin/Desktop/好玩的项目/noidear/client/src/api/task.ts">
        <metrics statements="20" coveredstatements="12" conditionals="14" coveredconditionals="14" methods="15" coveredmethods="7"/>
        <line num="111" count="2" type="stmt"/>
        <line num="118" count="7" type="stmt"/>
        <line num="122" count="5" type="cond" truecount="5" falsecount="0"/>
        <line num="123" count="3" type="stmt"/>
        <line num="125" count="2" type="stmt"/>
        <line num="132" count="2" type="stmt"/>
        <line num="142" count="6" type="cond" truecount="2" falsecount="0"/>
        <line num="146" count="4" type="cond" truecount="2" falsecount="0"/>
        <line num="149" count="2" type="stmt"/>
        <line num="157" count="5" type="cond" truecount="2" falsecount="0"/>
        <line num="161" count="5" type="cond" truecount="2" falsecount="0"/>
        <line num="173" count="10" type="stmt"/>
        <line num="180" count="0" type="stmt"/>
        <line num="187" count="0" type="stmt"/>
        <line num="194" count="0" type="stmt"/>
        <line num="201" count="0" type="stmt"/>
        <line num="208" count="0" type="stmt"/>
        <line num="215" count="0" type="stmt"/>
        <line num="222" count="0" type="stmt"/>
        <line num="229" count="0" type="stmt"/>
      </file>
    </package>
    <package name="components">
      <metrics statements="44" coveredstatements="42" conditionals="44" coveredconditionals="36" methods="11" coveredmethods="9"/>
      <file name="ExportButton.vue" path="/Users/jiashenglin/Desktop/好玩的项目/noidear/client/src/components/ExportButton.vue">
        <metrics statements="24" coveredstatements="24" conditionals="6" coveredconditionals="5" methods="2" coveredmethods="2"/>
        <line num="2" count="20" type="stmt"/>
        <line num="9" count="20" type="cond" truecount="2" falsecount="0"/>
        <line num="25" count="10" type="stmt"/>
        <line num="31" count="10" type="stmt"/>
        <line num="37" count="10" type="stmt"/>
        <line num="39" count="10" type="stmt"/>
        <line num="40" count="14" type="stmt"/>
        <line num="42" count="14" type="cond" truecount="2" falsecount="0"/>
        <line num="44" count="10" type="stmt"/>
        <line num="45" count="10" type="stmt"/>
        <line num="46" count="10" type="stmt"/>
        <line num="47" count="6" type="stmt"/>
        <line num="48" count="6" type="stmt"/>
        <line num="49" count="6" type="stmt"/>
        <line num="50" count="6" type="stmt"/>
        <line num="51" count="6" type="stmt"/>
        <line num="52" count="6" type="stmt"/>
        <line num="53" count="6" type="stmt"/>
        <line num="54" count="6" type="stmt"/>
        <line num="55" count="6" type="stmt"/>
        <line num="56" count="6" type="stmt"/>
        <line num="58" count="4" type="cond" truecount="1" falsecount="1"/>
        <line num="59" count="4" type="stmt"/>
        <line num="61" count="10" type="stmt"/>
      </file>
      <file name="OfficePreview.vue" path="/Users/jiashenglin/Desktop/好玩的项目/noidear/client/src/components/OfficePreview.vue">
        <metrics statements="20" coveredstatements="18" conditionals="38" coveredconditionals="31" methods="9" coveredmethods="7"/>
        <line num="2" count="16" type="stmt"/>
        <line num="6" count="0" type="cond" truecount="0" falsecount="2"/>
        <line num="14" count="0" type="cond" truecount="0" falsecount="2"/>
        <line num="19" count="4" type="cond" truecount="2" falsecount="0"/>
        <line num="24" count="1" type="cond" truecount="2" falsecount="0"/>
        <line num="30" count="3" type="cond" truecount="2" falsecount="0"/>
        <line num="43" count="16" type="stmt"/>
        <line num="47" count="16" type="stmt"/>
        <line num="49" count="16" type="stmt"/>
        <line num="50" count="10" type="stmt"/>
        <line num="53" count="16" type="stmt"/>
        <line num="54" count="16" type="cond" truecount="1" falsecount="1"/>
        <line num="55" count="16" type="cond" truecount="2" falsecount="0"/>
        <line num="56" count="12" type="cond" truecount="2" falsecount="0"/>
        <line num="57" count="6" type="cond" truecount="2" falsecount="0"/>
        <line num="58" count="3" type="stmt"/>
        <line num="61" count="16" type="stmt"/>
        <line num="62" count="7" type="cond" truecount="4" falsecount="0"/>
        <line num="63" count="2" type="stmt"/>
        <line num="66" count="16" type="stmt"/>
      </file>
    </package>
    <package name="components.training">
      <metrics statements="12" coveredstatements="11" conditionals="16" coveredconditionals="6" methods="6" coveredmethods="4"/>
      <file name="ExamResult.vue" path="/Users/jiashenglin/Desktop/好玩的项目/noidear/client/src/components/training/ExamResult.vue">
        <metrics statements="12" coveredstatements="11" conditionals="16" coveredconditionals="6" methods="6" coveredmethods="4"/>
        <line num="2" count="3" type="stmt"/>
        <line num="8" count="2" type="stmt"/>
        <line num="9" count="2" type="stmt"/>
        <line num="15" count="2" type="stmt"/>
        <line num="24" count="3" type="stmt"/>
        <line num="33" count="3" type="cond" truecount="1" falsecount="5"/>
        <line num="34" count="0" type="cond" truecount="0" falsecount="2"/>
        <line num="53" count="3" type="stmt"/>
        <line num="55" count="3" type="stmt"/>
        <line num="56" count="1" type="stmt"/>
        <line num="59" count="3" type="stmt"/>
        <line num="60" count="1" type="stmt"/>
      </file>
    </package>
    <package name="views">
      <metrics statements="83" coveredstatements="49" conditionals="59" coveredconditionals="24" methods="29" coveredmethods="12"/>
      <file name="RecycleBin.vue" path="/Users/jiashenglin/Desktop/好玩的项目/noidear/client/src/views/RecycleBin.vue">
        <metrics statements="83" coveredstatements="49" conditionals="59" coveredconditionals="24" methods="29" coveredmethods="12"/>
        <line num="2" count="35" type="stmt"/>
        <line num="4" count="1" type="stmt"/>
        <line num="9" count="0" type="cond" truecount="2" falsecount="0"/>
        <line num="10" count="18" type="stmt"/>
        <line num="15" count="1" type="stmt"/>
        <line num="17" count="0" type="cond" truecount="2" falsecount="0"/>
        <line num="28" count="17" type="cond" truecount="2" falsecount="0"/>
        <line num="36" count="17" type="cond" truecount="2" falsecount="0"/>
        <line num="44" count="0" type="cond" truecount="0" falsecount="2"/>
        <line num="46" count="31" type="stmt"/>
        <line num="50" count="0" type="stmt"/>
        <line num="52" count="1" type="stmt"/>
        <line num="59" count="0" type="stmt"/>
        <line num="64" count="0" type="stmt"/>
        <line num="68" count="0" type="stmt"/>
        <line num="71" count="0" type="cond" truecount="0" falsecount="2"/>
        <line num="76" count="0" type="stmt"/>
        <line num="79" count="0" type="cond" truecount="0" falsecount="2"/>
        <line num="85" count="0" type="cond" truecount="2" falsecount="0"/>
        <line num="86" count="0" type="cond" truecount="2" falsecount="0"/>
        <line num="99" count="16" type="stmt"/>
        <line num="101" count="16" type="stmt"/>
        <line num="102" count="16" type="stmt"/>
        <line num="103" count="16" type="stmt"/>
        <line num="104" count="16" type="stmt"/>
        <line num="105" count="16" type="stmt"/>
        <line num="111" count="16" type="stmt"/>
        <line num="112" count="16" type="stmt"/>
        <line num="115" count="16" type="stmt"/>
        <line num="116" count="23" type="stmt"/>
        <line num="117" count="23" type="stmt"/>
        <line num="123" count="22" type="stmt"/>
        <line num="124" count="22" type="stmt"/>
        <line num="126" count="1" type="cond" truecount="1" falsecount="1"/>
        <line num="130" count="16" type="stmt"/>
        <line num="131" count="4" type="stmt"/>
        <line num="132" count="4" type="stmt"/>
        <line num="135" count="3" type="stmt"/>
        <line num="136" count="2" type="stmt"/>
        <line num="137" count="2" type="stmt"/>
        <line num="139" count="2" type="cond" truecount="2" falsecount="0"/>
        <line num="140" count="1" type="cond" truecount="1" falsecount="1"/>
        <line num="145" count="16" type="stmt"/>
        <line num="146" count="4" type="stmt"/>
        <line num="147" count="4" type="stmt"/>
        <line num="152" count="3" type="stmt"/>
        <line num="153" count="2" type="stmt"/>
        <line num="154" count="2" type="stmt"/>
        <line num="156" count="2" type="cond" truecount="2" falsecount="0"/>
        <line num="157" count="1" type="cond" truecount="1" falsecount="1"/>
        <line num="162" count="16" type="stmt"/>
        <line num="163" count="0" type="stmt"/>
        <line num="164" count="0" type="stmt"/>
        <line num="167" count="0" type="stmt"/>
        <line num="168" count="0" type="stmt"/>
        <line num="169" count="0" type="stmt"/>
        <line num="170" count="0" type="stmt"/>
        <line num="172" count="0" type="cond" truecount="0" falsecount="2"/>
        <line num="173" count="0" type="cond" truecount="0" falsecount="2"/>
        <line num="178" count="16" type="stmt"/>
        <line num="179" count="0" type="stmt"/>
        <line num="180" count="0" type="stmt"/>
        <line num="185" count="0" type="stmt"/>
        <line num="186" count="0" type="stmt"/>
        <line num="187" count="0" type="stmt"/>
        <line num="188" count="0" type="stmt"/>
        <line num="190" count="0" type="cond" truecount="0" falsecount="2"/>
        <line num="191" count="0" type="cond" truecount="0" falsecount="2"/>
        <line num="196" count="16" type="stmt"/>
        <line num="197" count="2" type="stmt"/>
        <line num="200" count="16" type="stmt"/>
        <line num="201" count="1" type="stmt"/>
        <line num="202" count="1" type="stmt"/>
        <line num="203" count="1" type="stmt"/>
        <line num="207" count="16" type="stmt"/>
        <line num="208" count="0" type="cond" truecount="0" falsecount="2"/>
        <line num="209" count="0" type="stmt"/>
        <line num="212" count="16" type="stmt"/>
        <line num="213" count="0" type="cond" truecount="0" falsecount="2"/>
        <line num="214" count="0" type="cond" truecount="0" falsecount="3"/>
        <line num="217" count="16" type="stmt"/>
        <line num="218" count="0" type="stmt"/>
        <line num="219" count="0" type="cond" truecount="0" falsecount="2"/>
      </file>
    </package>
    <package name="views.approvals">
      <metrics statements="253" coveredstatements="205" conditionals="193" coveredconditionals="125" methods="120" coveredmethods="72"/>
      <file name="ApprovalDetail.vue" path="/Users/jiashenglin/Desktop/好玩的项目/noidear/client/src/views/approvals/ApprovalDetail.vue">
        <metrics statements="123" coveredstatements="111" conditionals="106" coveredconditionals="66" methods="65" coveredmethods="48"/>
        <line num="2" count="68" type="stmt"/>
        <line num="3" count="1" type="stmt"/>
        <line num="4" count="0" type="cond" truecount="2" falsecount="0"/>
        <line num="5" count="16" type="stmt"/>
        <line num="10" count="1" type="stmt"/>
        <line num="14" count="1" type="stmt"/>
        <line num="18" count="1" type="stmt"/>
        <line num="19" count="1" type="stmt"/>
        <line num="20" count="1" type="stmt"/>
        <line num="21" count="1" type="stmt"/>
        <line num="26" count="15" type="stmt"/>
        <line num="32" count="15" type="cond" truecount="2" falsecount="0"/>
        <line num="36" count="15" type="cond" truecount="1" falsecount="1"/>
        <line num="37" count="15" type="stmt"/>
        <line num="40" count="15" type="stmt"/>
        <line num="41" count="15" type="stmt"/>
        <line num="44" count="1" type="stmt"/>
        <line num="47" count="1" type="stmt"/>
        <line num="49" count="15" type="stmt"/>
        <line num="55" count="14" type="cond" truecount="2" falsecount="0"/>
        <line num="59" count="14" type="cond" truecount="1" falsecount="1"/>
        <line num="60" count="14" type="stmt"/>
        <line num="62" count="14" type="cond" truecount="2" falsecount="0"/>
        <line num="65" count="13" type="stmt"/>
        <line num="67" count="14" type="stmt"/>
        <line num="73" count="13" type="stmt"/>
        <line num="81" count="1" type="cond" truecount="2" falsecount="0"/>
        <line num="85" count="1" type="cond" truecount="1" falsecount="1"/>
        <line num="86" count="1" type="stmt"/>
        <line num="88" count="1" type="cond" truecount="1" falsecount="1"/>
        <line num="91" count="1" type="cond" truecount="1" falsecount="1"/>
        <line num="94" count="1" type="cond" truecount="1" falsecount="1"/>
        <line num="96" count="1" type="stmt"/>
        <line num="102" count="1" type="cond" truecount="2" falsecount="0"/>
        <line num="105" count="1" type="stmt"/>
        <line num="106" count="1" type="stmt"/>
        <line num="112" count="1" type="stmt"/>
        <line num="113" count="1" type="cond" truecount="1" falsecount="1"/>
        <line num="115" count="1" type="stmt"/>
        <line num="121" count="1" type="stmt"/>
        <line num="123" count="1" type="stmt"/>
        <line num="129" count="16" type="stmt"/>
        <line num="131" count="0" type="cond" truecount="2" falsecount="0"/>
        <line num="132" count="14" type="stmt"/>
        <line num="139" count="0" type="cond" truecount="2" falsecount="0"/>
        <line num="141" count="0" type="cond" truecount="2" falsecount="0"/>
        <line num="145" count="1" type="stmt"/>
        <line num="147" count="1" type="cond" truecount="4" falsecount="0"/>
        <line num="148" count="1" type="cond" truecount="2" falsecount="0"/>
        <line num="153" count="0" type="cond" truecount="2" falsecount="0"/>
        <line num="154" count="1" type="stmt"/>
        <line num="155" count="1" type="stmt"/>
        <line num="156" count="0" type="stmt"/>
        <line num="160" count="0" type="cond" truecount="0" falsecount="2"/>
        <line num="168" count="0" type="stmt"/>
        <line num="170" count="0" type="cond" truecount="0" falsecount="4"/>
        <line num="176" count="0" type="cond" truecount="0" falsecount="2"/>
        <line num="190" count="16" type="stmt"/>
        <line num="191" count="16" type="stmt"/>
        <line num="192" count="16" type="stmt"/>
        <line num="193" count="16" type="stmt"/>
        <line num="194" count="16" type="stmt"/>
        <line num="195" count="16" type="stmt"/>
        <line num="196" count="16" type="stmt"/>
        <line num="197" count="16" type="stmt"/>
        <line num="198" count="16" type="stmt"/>
        <line num="199" count="16" type="stmt"/>
        <line num="200" count="16" type="stmt"/>
        <line num="202" count="16" type="stmt"/>
        <line num="204" count="16" type="cond" truecount="1" falsecount="1"/>
        <line num="206" count="16" type="stmt"/>
        <line num="207" count="15" type="stmt"/>
        <line num="212" count="15" type="cond" truecount="2" falsecount="2"/>
        <line num="215" count="16" type="stmt"/>
        <line num="216" count="13" type="cond" truecount="1" falsecount="1"/>
        <line num="217" count="13" type="stmt"/>
        <line num="223" count="16" type="stmt"/>
        <line num="224" count="18" type="cond" truecount="2" falsecount="0"/>
        <line num="225" count="17" type="stmt"/>
        <line num="228" count="16" type="stmt"/>
        <line num="229" count="16" type="stmt"/>
        <line num="236" count="16" type="cond" truecount="1" falsecount="1"/>
        <line num="239" count="16" type="stmt"/>
        <line num="240" count="19" type="stmt"/>
        <line num="247" count="19" type="cond" truecount="1" falsecount="1"/>
        <line num="250" count="16" type="stmt"/>
        <line num="251" count="1" type="stmt"/>
        <line num="258" count="1" type="cond" truecount="1" falsecount="1"/>
        <line num="261" count="16" type="stmt"/>
        <line num="262" count="18" type="stmt"/>
        <line num="263" count="18" type="stmt"/>
        <line num="264" count="18" type="stmt"/>
        <line num="265" count="17" type="stmt"/>
        <line num="268" count="17" type="cond" truecount="2" falsecount="0"/>
        <line num="269" count="16" type="stmt"/>
        <line num="270" count="16" type="cond" truecount="1" falsecount="1"/>
        <line num="273" count="1" type="stmt"/>
        <line num="275" count="18" type="stmt"/>
        <line num="279" count="16" type="stmt"/>
        <line num="280" count="1" type="stmt"/>
        <line num="281" count="1" type="stmt"/>
        <line num="284" count="16" type="stmt"/>
        <line num="285" count="1" type="stmt"/>
        <line num="286" count="1" type="stmt"/>
        <line num="287" count="1" type="stmt"/>
        <line num="292" count="1" type="stmt"/>
        <line num="293" count="1" type="stmt"/>
        <line num="294" count="1" type="stmt"/>
        <line num="296" count="0" type="stmt"/>
        <line num="298" count="1" type="stmt"/>
        <line num="302" count="16" type="stmt"/>
        <line num="303" count="2" type="cond" truecount="2" falsecount="0"/>
        <line num="304" count="1" type="stmt"/>
        <line num="305" count="1" type="stmt"/>
        <line num="307" count="1" type="stmt"/>
        <line num="308" count="1" type="stmt"/>
        <line num="309" count="1" type="stmt"/>
        <line num="314" count="1" type="stmt"/>
        <line num="315" count="1" type="stmt"/>
        <line num="316" count="1" type="stmt"/>
        <line num="318" count="0" type="stmt"/>
        <line num="320" count="1" type="stmt"/>
        <line num="324" count="16" type="stmt"/>
      </file>
      <file name="ApprovalPending.vue" path="/Users/jiashenglin/Desktop/好玩的项目/noidear/client/src/views/approvals/ApprovalPending.vue">
        <metrics statements="130" coveredstatements="94" conditionals="87" coveredconditionals="59" methods="55" coveredmethods="24"/>
        <line num="2" count="26" type="stmt"/>
        <line num="10" count="1" type="stmt"/>
        <line num="11" count="1" type="stmt"/>
        <line num="15" count="1" type="stmt"/>
        <line num="16" count="0" type="cond" truecount="2" falsecount="0"/>
        <line num="17" count="61" type="stmt"/>
        <line num="24" count="61" type="stmt"/>
        <line num="29" count="0" type="stmt"/>
        <line num="31" count="0" type="cond" truecount="0" falsecount="2"/>
        <line num="34" count="61" type="stmt"/>
        <line num="36" count="0" type="stmt"/>
        <line num="37" count="1" type="stmt"/>
        <line num="39" count="0" type="stmt"/>
        <line num="41" count="1" type="stmt"/>
        <line num="46" count="0" type="stmt"/>
        <line num="48" count="0" type="stmt"/>
        <line num="53" count="0" type="stmt"/>
        <line num="54" count="0" type="stmt"/>
        <line num="58" count="0" type="stmt"/>
        <line num="59" count="1" type="stmt"/>
        <line num="60" count="1" type="stmt"/>
        <line num="66" count="0" type="stmt"/>
        <line num="67" count="1" type="stmt"/>
        <line num="71" count="0" type="stmt"/>
        <line num="72" count="1" type="stmt"/>
        <line num="73" count="0" type="stmt"/>
        <line num="74" count="0" type="stmt"/>
        <line num="76" count="0" type="stmt"/>
        <line num="77" count="0" type="stmt"/>
        <line num="79" count="0" type="stmt"/>
        <line num="80" count="0" type="stmt"/>
        <line num="85" count="61" type="stmt"/>
        <line num="91" count="0" type="cond" truecount="2" falsecount="0"/>
        <line num="92" count="1" type="stmt"/>
        <line num="95" count="0" type="cond" truecount="2" falsecount="0"/>
        <line num="101" count="2" type="cond" truecount="2" falsecount="0"/>
        <line num="103" count="2" type="cond" truecount="4" falsecount="0"/>
        <line num="104" count="2" type="cond" truecount="2" falsecount="0"/>
        <line num="109" count="0" type="cond" truecount="2" falsecount="0"/>
        <line num="110" count="1" type="stmt"/>
        <line num="111" count="1" type="stmt"/>
        <line num="112" count="0" type="stmt"/>
        <line num="116" count="0" type="cond" truecount="2" falsecount="0"/>
        <line num="125" count="3" type="stmt"/>
        <line num="127" count="3" type="cond" truecount="4" falsecount="0"/>
        <line num="133" count="3" type="cond" truecount="2" falsecount="0"/>
        <line num="147" count="19" type="stmt"/>
        <line num="148" count="19" type="stmt"/>
        <line num="149" count="19" type="stmt"/>
        <line num="150" count="19" type="stmt"/>
        <line num="151" count="19" type="stmt"/>
        <line num="152" count="19" type="stmt"/>
        <line num="153" count="19" type="stmt"/>
        <line num="154" count="19" type="stmt"/>
        <line num="155" count="19" type="stmt"/>
        <line num="156" count="19" type="stmt"/>
        <line num="157" count="19" type="stmt"/>
        <line num="159" count="19" type="stmt"/>
        <line num="160" count="37" type="cond" truecount="1" falsecount="1"/>
        <line num="162" count="0" type="stmt"/>
        <line num="163" count="0" type="cond" truecount="0" falsecount="2"/>
        <line num="164" count="0" type="stmt"/>
        <line num="166" count="0" type="stmt"/>
        <line num="170" count="19" type="stmt"/>
        <line num="171" count="2" type="cond" truecount="2" falsecount="0"/>
        <line num="172" count="1" type="stmt"/>
        <line num="175" count="19" type="stmt"/>
        <line num="176" count="2" type="cond" truecount="2" falsecount="0"/>
        <line num="177" count="1" type="cond" truecount="2" falsecount="2"/>
        <line num="179" count="1" type="cond" truecount="1" falsecount="1"/>
        <line num="180" count="1" type="stmt"/>
        <line num="182" count="0" type="cond" truecount="0" falsecount="3"/>
        <line num="185" count="19" type="stmt"/>
        <line num="186" count="0" type="cond" truecount="0" falsecount="2"/>
        <line num="187" count="0" type="cond" truecount="0" falsecount="2"/>
        <line num="189" count="0" type="stmt"/>
        <line num="192" count="19" type="stmt"/>
        <line num="193" count="3" type="cond" truecount="2" falsecount="0"/>
        <line num="194" count="1" type="cond" truecount="1" falsecount="1"/>
        <line num="195" count="0" type="stmt"/>
        <line num="198" count="19" type="stmt"/>
        <line num="199" count="1" type="stmt"/>
        <line num="200" count="1" type="cond" truecount="1" falsecount="1"/>
        <line num="203" count="19" type="stmt"/>
        <line num="204" count="2" type="stmt"/>
        <line num="209" count="2" type="cond" truecount="2" falsecount="2"/>
        <line num="212" count="19" type="stmt"/>
        <line num="213" count="0" type="stmt"/>
        <line num="218" count="0" type="cond" truecount="0" falsecount="4"/>
        <line num="221" count="19" type="stmt"/>
        <line num="222" count="21" type="stmt"/>
        <line num="223" count="21" type="stmt"/>
        <line num="224" count="21" type="stmt"/>
        <line num="225" count="20" type="cond" truecount="2" falsecount="0"/>
        <line num="227" count="1" type="stmt"/>
        <line num="229" count="21" type="stmt"/>
        <line num="233" count="19" type="stmt"/>
        <line num="234" count="1" type="stmt"/>
        <line num="237" count="19" type="stmt"/>
        <line num="238" count="2" type="stmt"/>
        <line num="239" count="2" type="stmt"/>
        <line num="240" count="2" type="stmt"/>
        <line num="243" count="19" type="stmt"/>
        <line num="244" count="1" type="cond" truecount="1" falsecount="1"/>
        <line num="245" count="1" type="stmt"/>
        <line num="246" count="1" type="stmt"/>
        <line num="247" count="1" type="stmt"/>
        <line num="252" count="1" type="stmt"/>
        <line num="253" count="1" type="stmt"/>
        <line num="254" count="1" type="stmt"/>
        <line num="256" count="0" type="stmt"/>
        <line num="258" count="1" type="stmt"/>
        <line num="262" count="19" type="stmt"/>
        <line num="263" count="3" type="stmt"/>
        <line num="264" count="3" type="stmt"/>
        <line num="265" count="3" type="stmt"/>
        <line num="268" count="19" type="stmt"/>
        <line num="269" count="2" type="cond" truecount="1" falsecount="1"/>
        <line num="270" count="2" type="cond" truecount="2" falsecount="0"/>
        <line num="271" count="1" type="stmt"/>
        <line num="272" count="1" type="stmt"/>
        <line num="274" count="1" type="stmt"/>
        <line num="275" count="1" type="stmt"/>
        <line num="276" count="1" type="stmt"/>
        <line num="281" count="1" type="stmt"/>
        <line num="282" count="1" type="stmt"/>
        <line num="283" count="1" type="stmt"/>
        <line num="285" count="0" type="stmt"/>
        <line num="287" count="1" type="stmt"/>
        <line num="291" count="19" type="stmt"/>
      </file>
    </package>
    <package name="views.documents">
      <metrics statements="282" coveredstatements="143" conditionals="211" coveredconditionals="81" methods="135" coveredmethods="50"/>
      <file name="DocumentDetail.vue" path="/Users/jiashenglin/Desktop/好玩的项目/noidear/client/src/views/documents/DocumentDetail.vue">
        <metrics statements="195" coveredstatements="92" conditionals="151" coveredconditionals="50" methods="87" coveredmethods="31"/>
        <line num="2" count="50" type="stmt"/>
        <line num="3" count="0" type="cond" truecount="2" falsecount="0"/>
        <line num="5" count="31" type="stmt"/>
        <line num="11" count="15" type="stmt"/>
        <line num="13" count="15" type="stmt"/>
        <line num="17" count="15" type="stmt"/>
        <line num="18" count="15" type="stmt"/>
        <line num="20" count="15" type="stmt"/>
        <line num="21" count="15" type="stmt"/>
        <line num="22" count="15" type="stmt"/>
        <line num="23" count="15" type="cond" truecount="1" falsecount="1"/>
        <line num="24" count="15" type="stmt"/>
        <line num="26" count="0" type="stmt"/>
        <line num="29" count="0" type="stmt"/>
        <line num="31" count="15" type="stmt"/>
        <line num="42" count="1" type="stmt"/>
        <line num="43" count="0" type="cond" truecount="2" falsecount="0"/>
        <line num="44" count="15" type="stmt"/>
        <line num="48" count="15" type="stmt"/>
        <line num="57" count="15" type="cond" truecount="2" falsecount="0"/>
        <line num="64" count="0" type="cond" truecount="0" falsecount="2"/>
        <line num="71" count="0" type="cond" truecount="0" falsecount="2"/>
        <line num="75" count="0" type="cond" truecount="2" falsecount="0"/>
        <line num="78" count="15" type="cond" truecount="2" falsecount="0"/>
        <line num="85" count="15" type="cond" truecount="2" falsecount="0"/>
        <line num="92" count="0" type="cond" truecount="0" falsecount="2"/>
        <line num="99" count="0" type="cond" truecount="0" falsecount="2"/>
        <line num="106" count="0" type="cond" truecount="0" falsecount="2"/>
        <line num="113" count="0" type="cond" truecount="0" falsecount="2"/>
        <line num="138" count="0" type="cond" truecount="0" falsecount="2"/>
        <line num="142" count="0" type="stmt"/>
        <line num="143" count="0" type="stmt"/>
        <line num="146" count="0" type="stmt"/>
        <line num="150" count="0" type="stmt"/>
        <line num="152" count="0" type="stmt"/>
        <line num="157" count="0" type="cond" truecount="2" falsecount="0"/>
        <line num="163" count="0" type="cond" truecount="2" falsecount="0"/>
        <line num="167" count="0" type="cond" truecount="0" falsecount="2"/>
        <line num="173" count="0" type="stmt"/>
        <line num="174" count="0" type="stmt"/>
        <line num="175" count="0" type="stmt"/>
        <line num="177" count="0" type="cond" truecount="0" falsecount="4"/>
        <line num="180" count="0" type="cond" truecount="0" falsecount="2"/>
        <line num="185" count="0" type="cond" truecount="2" falsecount="0"/>
        <line num="189" count="0" type="cond" truecount="0" falsecount="2"/>
        <line num="195" count="0" type="stmt"/>
        <line num="196" count="0" type="stmt"/>
        <line num="197" count="0" type="stmt"/>
        <line num="199" count="0" type="cond" truecount="0" falsecount="4"/>
        <line num="202" count="0" type="cond" truecount="0" falsecount="2"/>
        <line num="207" count="0" type="cond" truecount="2" falsecount="0"/>
        <line num="211" count="0" type="cond" truecount="0" falsecount="2"/>
        <line num="217" count="0" type="stmt"/>
        <line num="218" count="0" type="stmt"/>
        <line num="219" count="0" type="stmt"/>
        <line num="221" count="0" type="cond" truecount="0" falsecount="4"/>
        <line num="224" count="0" type="cond" truecount="0" falsecount="2"/>
        <line num="278" count="16" type="stmt"/>
        <line num="279" count="16" type="stmt"/>
        <line num="280" count="16" type="stmt"/>
        <line num="281" count="16" type="stmt"/>
        <line num="282" count="16" type="stmt"/>
        <line num="283" count="16" type="stmt"/>
        <line num="284" count="16" type="stmt"/>
        <line num="287" count="16" type="stmt"/>
        <line num="288" count="16" type="stmt"/>
        <line num="291" count="16" type="stmt"/>
        <line num="292" count="16" type="stmt"/>
        <line num="293" count="16" type="stmt"/>
        <line num="294" count="16" type="stmt"/>
        <line num="295" count="16" type="stmt"/>
        <line num="296" count="16" type="stmt"/>
        <line num="297" count="16" type="stmt"/>
        <line num="298" count="16" type="stmt"/>
        <line num="299" count="16" type="stmt"/>
        <line num="301" count="16" type="stmt"/>
        <line num="305" count="16" type="stmt"/>
        <line num="309" count="16" type="stmt"/>
        <line num="313" count="16" type="stmt"/>
        <line num="320" count="16" type="stmt"/>
        <line num="327" count="16" type="stmt"/>
        <line num="335" count="16" type="stmt"/>
        <line num="336" count="0" type="cond" truecount="0" falsecount="2"/>
        <line num="337" count="0" type="stmt"/>
        <line num="338" count="0" type="cond" truecount="0" falsecount="2"/>
        <line num="341" count="16" type="stmt"/>
        <line num="342" count="18" type="cond" truecount="2" falsecount="0"/>
        <line num="343" count="17" type="cond" truecount="2" falsecount="0"/>
        <line num="344" count="1" type="stmt"/>
        <line num="347" count="16" type="stmt"/>
        <line num="348" count="15" type="stmt"/>
        <line num="351" count="16" type="stmt"/>
        <line num="352" count="17" type="stmt"/>
        <line num="361" count="17" type="cond" truecount="1" falsecount="1"/>
        <line num="364" count="16" type="stmt"/>
        <line num="365" count="19" type="stmt"/>
        <line num="374" count="19" type="cond" truecount="1" falsecount="1"/>
        <line num="377" count="16" type="stmt"/>
        <line num="378" count="17" type="stmt"/>
        <line num="379" count="17" type="stmt"/>
        <line num="380" count="17" type="stmt"/>
        <line num="381" count="16" type="stmt"/>
        <line num="383" count="1" type="stmt"/>
        <line num="385" count="17" type="stmt"/>
        <line num="389" count="16" type="stmt"/>
        <line num="390" count="16" type="stmt"/>
        <line num="391" count="16" type="stmt"/>
        <line num="392" count="15" type="cond" truecount="2" falsecount="0"/>
        <line num="398" count="16" type="stmt"/>
        <line num="399" count="0" type="cond" truecount="0" falsecount="2"/>
        <line num="400" count="0" type="stmt"/>
        <line num="402" count="0" type="cond" truecount="0" falsecount="2"/>
        <line num="403" count="0" type="stmt"/>
        <line num="404" count="0" type="stmt"/>
        <line num="406" count="0" type="stmt"/>
        <line num="409" count="16" type="stmt"/>
        <line num="410" count="2" type="cond" truecount="1" falsecount="1"/>
        <line num="411" count="0" type="stmt"/>
        <line num="413" count="2" type="stmt"/>
        <line num="414" count="2" type="stmt"/>
        <line num="415" count="1" type="stmt"/>
        <line num="416" count="1" type="stmt"/>
        <line num="417" count="1" type="stmt"/>
        <line num="423" count="16" type="stmt"/>
        <line num="424" count="0" type="cond" truecount="0" falsecount="2"/>
        <line num="425" count="0" type="stmt"/>
        <line num="427" count="0" type="stmt"/>
        <line num="428" count="0" type="stmt"/>
        <line num="431" count="0" type="stmt"/>
        <line num="432" count="0" type="stmt"/>
        <line num="433" count="0" type="stmt"/>
        <line num="439" count="16" type="stmt"/>
        <line num="440" count="2" type="cond" truecount="1" falsecount="1"/>
        <line num="441" count="0" type="stmt"/>
        <line num="443" count="2" type="stmt"/>
        <line num="444" count="2" type="stmt"/>
        <line num="447" count="1" type="stmt"/>
        <line num="448" count="1" type="stmt"/>
        <line num="449" count="1" type="stmt"/>
        <line num="455" count="16" type="stmt"/>
        <line num="456" count="0" type="cond" truecount="0" falsecount="2"/>
        <line num="457" count="0" type="stmt"/>
        <line num="459" count="0" type="stmt"/>
        <line num="460" count="0" type="stmt"/>
        <line num="461" count="0" type="stmt"/>
        <line num="462" count="0" type="stmt"/>
        <line num="463" count="0" type="stmt"/>
        <line num="469" count="16" type="stmt"/>
        <line num="470" count="0" type="stmt"/>
        <line num="471" count="0" type="stmt"/>
        <line num="474" count="16" type="stmt"/>
        <line num="475" count="0" type="stmt"/>
        <line num="476" count="0" type="stmt"/>
        <line num="479" count="16" type="stmt"/>
        <line num="480" count="0" type="stmt"/>
        <line num="481" count="0" type="stmt"/>
        <line num="484" count="16" type="stmt"/>
        <line num="485" count="0" type="cond" truecount="0" falsecount="2"/>
        <line num="486" count="0" type="stmt"/>
        <line num="488" count="0" type="stmt"/>
        <line num="489" count="0" type="stmt"/>
        <line num="490" count="0" type="stmt"/>
        <line num="491" count="0" type="stmt"/>
        <line num="494" count="0" type="stmt"/>
        <line num="495" count="0" type="stmt"/>
        <line num="496" count="0" type="stmt"/>
        <line num="498" count="0" type="cond" truecount="0" falsecount="2"/>
        <line num="502" count="0" type="stmt"/>
        <line num="506" count="16" type="stmt"/>
        <line num="507" count="0" type="cond" truecount="0" falsecount="2"/>
        <line num="508" count="0" type="stmt"/>
        <line num="510" count="0" type="stmt"/>
        <line num="511" count="0" type="stmt"/>
        <line num="512" count="0" type="stmt"/>
        <line num="513" count="0" type="stmt"/>
        <line num="516" count="0" type="stmt"/>
        <line num="517" count="0" type="stmt"/>
        <line num="518" count="0" type="stmt"/>
        <line num="520" count="0" type="cond" truecount="0" falsecount="2"/>
        <line num="524" count="0" type="stmt"/>
        <line num="528" count="16" type="stmt"/>
        <line num="529" count="0" type="cond" truecount="0" falsecount="2"/>
        <line num="530" count="0" type="stmt"/>
        <line num="532" count="0" type="stmt"/>
        <line num="533" count="0" type="stmt"/>
        <line num="534" count="0" type="stmt"/>
        <line num="535" count="0" type="stmt"/>
        <line num="538" count="0" type="stmt"/>
        <line num="539" count="0" type="stmt"/>
        <line num="540" count="0" type="stmt"/>
        <line num="542" count="0" type="cond" truecount="0" falsecount="2"/>
        <line num="546" count="0" type="stmt"/>
        <line num="550" count="16" type="stmt"/>
        <line num="551" count="16" type="stmt"/>
        <line num="552" count="16" type="stmt"/>
      </file>
      <file name="Level1List.vue" path="/Users/jiashenglin/Desktop/好玩的项目/noidear/client/src/views/documents/Level1List.vue">
        <metrics statements="87" coveredstatements="51" conditionals="60" coveredconditionals="31" methods="48" coveredmethods="19"/>
        <line num="2" count="9" type="stmt"/>
        <line num="6" count="0" type="cond" truecount="2" falsecount="0"/>
        <line num="7" count="0" type="stmt"/>
        <line num="10" count="9" type="stmt"/>
        <line num="11" count="9" type="stmt"/>
        <line num="13" count="10" type="cond" truecount="2" falsecount="0"/>
        <line num="16" count="0" type="cond" truecount="2" falsecount="0"/>
        <line num="17" count="0" type="stmt"/>
        <line num="21" count="10" type="stmt"/>
        <line num="24" count="9" type="cond" truecount="2" falsecount="0"/>
        <line num="25" count="9" type="cond" truecount="2" falsecount="0"/>
        <line num="27" count="9" type="stmt"/>
        <line num="32" count="1" type="stmt"/>
        <line num="34" count="0" type="cond" truecount="2" falsecount="2"/>
        <line num="36" count="9" type="cond" truecount="2" falsecount="0"/>
        <line num="37" count="29" type="cond" truecount="2" falsecount="0"/>
        <line num="41" count="29" type="stmt"/>
        <line num="45" count="0" type="stmt"/>
        <line num="50" count="0" type="stmt"/>
        <line num="52" count="0" type="stmt"/>
        <line num="57" count="0" type="stmt"/>
        <line num="62" count="0" type="stmt"/>
        <line num="67" count="0" type="stmt"/>
        <line num="68" count="0" type="cond" truecount="0" falsecount="2"/>
        <line num="73" count="0" type="stmt"/>
        <line num="76" count="0" type="cond" truecount="0" falsecount="2"/>
        <line num="81" count="0" type="stmt"/>
        <line num="84" count="0" type="cond" truecount="0" falsecount="2"/>
        <line num="89" count="0" type="stmt"/>
        <line num="92" count="0" type="cond" truecount="0" falsecount="2"/>
        <line num="97" count="0" type="stmt"/>
        <line num="100" count="0" type="cond" truecount="0" falsecount="2"/>
        <line num="103" count="29" type="stmt"/>
        <line num="105" count="1" type="stmt"/>
        <line num="107" count="0" type="cond" truecount="2" falsecount="0"/>
        <line num="108" count="0" type="cond" truecount="2" falsecount="0"/>
        <line num="137" count="9" type="stmt"/>
        <line num="138" count="9" type="stmt"/>
        <line num="139" count="9" type="stmt"/>
        <line num="141" count="9" type="stmt"/>
        <line num="151" count="9" type="stmt"/>
        <line num="157" count="9" type="stmt"/>
        <line num="158" count="2" type="cond" truecount="2" falsecount="0"/>
        <line num="159" count="1" type="cond" truecount="1" falsecount="1"/>
        <line num="160" count="0" type="stmt"/>
        <line num="163" count="9" type="stmt"/>
        <line num="164" count="0" type="stmt"/>
        <line num="167" count="9" type="stmt"/>
        <line num="168" count="2" type="stmt"/>
        <line num="174" count="2" type="cond" truecount="1" falsecount="1"/>
        <line num="177" count="9" type="stmt"/>
        <line num="178" count="4" type="stmt"/>
        <line num="184" count="4" type="cond" truecount="1" falsecount="1"/>
        <line num="187" count="9" type="stmt"/>
        <line num="188" count="10" type="stmt"/>
        <line num="189" count="10" type="stmt"/>
        <line num="190" count="10" type="stmt"/>
        <line num="199" count="9" type="stmt"/>
        <line num="200" count="9" type="stmt"/>
        <line num="202" count="1" type="stmt"/>
        <line num="204" count="10" type="stmt"/>
        <line num="208" count="9" type="stmt"/>
        <line num="209" count="1" type="stmt"/>
        <line num="210" count="1" type="stmt"/>
        <line num="213" count="9" type="stmt"/>
        <line num="214" count="1" type="stmt"/>
        <line num="215" count="1" type="stmt"/>
        <line num="216" count="1" type="stmt"/>
        <line num="217" count="1" type="stmt"/>
        <line num="220" count="9" type="stmt"/>
        <line num="221" count="0" type="stmt"/>
        <line num="224" count="9" type="stmt"/>
        <line num="225" count="0" type="stmt"/>
        <line num="228" count="9" type="stmt"/>
        <line num="229" count="0" type="stmt"/>
        <line num="230" count="0" type="stmt"/>
        <line num="231" count="0" type="stmt"/>
        <line num="232" count="0" type="stmt"/>
        <line num="233" count="0" type="stmt"/>
        <line num="239" count="9" type="stmt"/>
        <line num="240" count="0" type="stmt"/>
        <line num="241" count="0" type="stmt"/>
        <line num="244" count="0" type="stmt"/>
        <line num="245" count="0" type="stmt"/>
        <line num="246" count="0" type="stmt"/>
        <line num="252" count="9" type="stmt"/>
        <line num="253" count="9" type="stmt"/>
      </file>
    </package>
    <package name="views.statistics">
      <metrics statements="421" coveredstatements="330" conditionals="297" coveredconditionals="205" methods="172" coveredmethods="125"/>
      <file name="DocumentStatistics.vue" path="/Users/jiashenglin/Desktop/好玩的项目/noidear/client/src/views/statistics/DocumentStatistics.vue">
        <metrics statements="154" coveredstatements="116" conditionals="96" coveredconditionals="64" methods="64" coveredmethods="47"/>
        <line num="2" count="5" type="stmt"/>
        <line num="4" count="5" type="cond" truecount="2" falsecount="0"/>
        <line num="12" count="0" type="cond" truecount="2" falsecount="0"/>
        <line num="13" count="0" type="stmt"/>
        <line num="16" count="5" type="stmt"/>
        <line num="17" count="5" type="stmt"/>
        <line num="20" count="0" type="cond" truecount="2" falsecount="0"/>
        <line num="21" count="0" type="stmt"/>
        <line num="22" count="0" type="stmt"/>
        <line num="27" count="5" type="stmt"/>
        <line num="31" count="0" type="cond" truecount="2" falsecount="0"/>
        <line num="32" count="0" type="stmt"/>
        <line num="35" count="5" type="stmt"/>
        <line num="40" count="0" type="cond" truecount="2" falsecount="0"/>
        <line num="47" count="5" type="stmt"/>
        <line num="51" count="5" type="cond" truecount="2" falsecount="0"/>
        <line num="52" count="5" type="cond" truecount="2" falsecount="0"/>
        <line num="53" count="5" type="cond" truecount="2" falsecount="0"/>
        <line num="55" count="5" type="stmt"/>
        <line num="66" count="10" type="stmt"/>
        <line num="67" count="5" type="stmt"/>
        <line num="74" count="5" type="stmt"/>
        <line num="82" count="10" type="stmt"/>
        <line num="90" count="10" type="stmt"/>
        <line num="99" count="5" type="cond" truecount="2" falsecount="0"/>
        <line num="101" count="5" type="stmt"/>
        <line num="102" count="5" type="stmt"/>
        <line num="103" count="5" type="stmt"/>
        <line num="108" count="5" type="cond" truecount="2" falsecount="0"/>
        <line num="110" count="5" type="stmt"/>
        <line num="111" count="5" type="stmt"/>
        <line num="119" count="5" type="cond" truecount="2" falsecount="0"/>
        <line num="121" count="5" type="stmt"/>
        <line num="122" count="5" type="stmt"/>
        <line num="123" count="5" type="stmt"/>
        <line num="128" count="5" type="cond" truecount="2" falsecount="0"/>
        <line num="130" count="5" type="stmt"/>
        <line num="131" count="5" type="stmt"/>
        <line num="146" count="5" type="stmt"/>
        <line num="154" count="5" type="stmt"/>
        <line num="155" count="5" type="stmt"/>
        <line num="156" count="5" type="stmt"/>
        <line num="158" count="5" type="stmt"/>
        <line num="159" count="5" type="stmt"/>
        <line num="160" count="5" type="stmt"/>
        <line num="161" count="5" type="stmt"/>
        <line num="163" count="5" type="stmt"/>
        <line num="164" count="5" type="stmt"/>
        <line num="165" count="5" type="stmt"/>
        <line num="166" count="5" type="stmt"/>
        <line num="168" count="5" type="stmt"/>
        <line num="169" count="10" type="cond" truecount="2" falsecount="0"/>
        <line num="172" count="5" type="stmt"/>
        <line num="173" count="10" type="cond" truecount="2" falsecount="0"/>
        <line num="176" count="5" type="stmt"/>
        <line num="177" count="10" type="cond" truecount="2" falsecount="0"/>
        <line num="180" count="5" type="stmt"/>
        <line num="181" count="0" type="cond" truecount="0" falsecount="2"/>
        <line num="182" count="0" type="stmt"/>
        <line num="183" count="0" type="stmt"/>
        <line num="185" count="0" type="stmt"/>
        <line num="186" count="0" type="stmt"/>
        <line num="188" count="0" type="stmt"/>
        <line num="191" count="5" type="stmt"/>
        <line num="192" count="5" type="stmt"/>
        <line num="193" count="5" type="stmt"/>
        <line num="194" count="4" type="cond" truecount="3" falsecount="0"/>
        <line num="196" count="1" type="stmt"/>
        <line num="200" count="5" type="stmt"/>
        <line num="201" count="5" type="stmt"/>
        <line num="202" count="5" type="stmt"/>
        <line num="203" count="5" type="cond" truecount="1" falsecount="1"/>
        <line num="204" count="5" type="cond" truecount="1" falsecount="1"/>
        <line num="205" count="5" type="cond" truecount="1" falsecount="1"/>
        <line num="206" count="5" type="cond" truecount="1" falsecount="1"/>
        <line num="207" count="5" type="cond" truecount="1" falsecount="1"/>
        <line num="209" count="5" type="stmt"/>
        <line num="210" count="5" type="cond" truecount="2" falsecount="0"/>
        <line num="212" count="5" type="stmt"/>
        <line num="213" count="5" type="stmt"/>
        <line num="215" count="0" type="cond" truecount="0" falsecount="2"/>
        <line num="219" count="5" type="stmt"/>
        <line num="220" count="0" type="stmt"/>
        <line num="227" count="0" type="stmt"/>
        <line num="228" count="0" type="stmt"/>
        <line num="231" count="5" type="stmt"/>
        <line num="232" count="0" type="stmt"/>
        <line num="233" count="0" type="stmt"/>
        <line num="234" count="0" type="stmt"/>
        <line num="235" count="0" type="stmt"/>
        <line num="236" count="0" type="stmt"/>
        <line num="237" count="0" type="stmt"/>
        <line num="238" count="0" type="stmt"/>
        <line num="239" count="0" type="stmt"/>
        <line num="240" count="0" type="stmt"/>
        <line num="241" count="0" type="stmt"/>
        <line num="242" count="0" type="stmt"/>
        <line num="244" count="0" type="cond" truecount="0" falsecount="2"/>
        <line num="248" count="5" type="stmt"/>
        <line num="249" count="5" type="stmt"/>
        <line num="250" count="5" type="stmt"/>
        <line num="251" count="5" type="stmt"/>
        <line num="252" count="5" type="stmt"/>
        <line num="255" count="5" type="stmt"/>
        <line num="256" count="5" type="cond" truecount="1" falsecount="1"/>
        <line num="257" count="5" type="cond" truecount="1" falsecount="1"/>
        <line num="259" count="5" type="cond" truecount="1" falsecount="1"/>
        <line num="260" count="5" type="stmt"/>
        <line num="261" count="5" type="cond" truecount="1" falsecount="1"/>
        <line num="262" count="10" type="cond" truecount="1" falsecount="1"/>
        <line num="263" count="15" type="cond" truecount="1" falsecount="1"/>
        <line num="266" count="5" type="stmt"/>
        <line num="285" count="5" type="stmt"/>
        <line num="286" count="5" type="cond" truecount="1" falsecount="1"/>
        <line num="287" count="5" type="cond" truecount="1" falsecount="1"/>
        <line num="289" count="5" type="cond" truecount="1" falsecount="1"/>
        <line num="290" count="5" type="stmt"/>
        <line num="295" count="5" type="stmt"/>
        <line num="297" count="0" type="stmt"/>
        <line num="302" count="0" type="stmt"/>
        <line num="314" count="5" type="stmt"/>
        <line num="315" count="5" type="cond" truecount="1" falsecount="1"/>
        <line num="316" count="5" type="cond" truecount="1" falsecount="1"/>
        <line num="318" count="5" type="cond" truecount="1" falsecount="1"/>
        <line num="319" count="5" type="stmt"/>
        <line num="326" count="15" type="stmt"/>
        <line num="331" count="5" type="stmt"/>
        <line num="353" count="5" type="stmt"/>
        <line num="354" count="5" type="cond" truecount="1" falsecount="1"/>
        <line num="355" count="5" type="cond" truecount="1" falsecount="1"/>
        <line num="357" count="5" type="cond" truecount="2" falsecount="0"/>
        <line num="358" count="5" type="stmt"/>
        <line num="360" count="5" type="stmt"/>
        <line num="366" count="0" type="cond" truecount="0" falsecount="2"/>
        <line num="371" count="0" type="stmt"/>
        <line num="377" count="5" type="stmt"/>
        <line num="378" count="0" type="stmt"/>
        <line num="379" count="0" type="stmt"/>
        <line num="380" count="0" type="stmt"/>
        <line num="381" count="0" type="stmt"/>
        <line num="384" count="5" type="stmt"/>
        <line num="385" count="5" type="stmt"/>
        <line num="386" count="5" type="stmt"/>
        <line num="387" count="5" type="stmt"/>
        <line num="390" count="5" type="stmt"/>
        <line num="391" count="5" type="stmt"/>
        <line num="392" count="5" type="stmt"/>
        <line num="393" count="5" type="stmt"/>
        <line num="394" count="5" type="stmt"/>
        <line num="395" count="5" type="stmt"/>
        <line num="396" count="5" type="stmt"/>
        <line num="397" count="5" type="stmt"/>
        <line num="398" count="5" type="stmt"/>
        <line num="399" count="5" type="stmt"/>
      </file>
      <file name="Overview.vue" path="/Users/jiashenglin/Desktop/好玩的项目/noidear/client/src/views/statistics/Overview.vue">
        <metrics statements="106" coveredstatements="91" conditionals="94" coveredconditionals="75" methods="44" coveredmethods="33"/>
        <line num="2" count="6" type="stmt"/>
        <line num="4" count="6" type="cond" truecount="2" falsecount="0"/>
        <line num="12" count="1" type="stmt"/>
        <line num="13" count="0" type="stmt"/>
        <line num="14" count="11" type="stmt"/>
        <line num="15" count="1" type="stmt"/>
        <line num="16" count="1" type="cond" truecount="4" falsecount="0"/>
        <line num="19" count="6" type="stmt"/>
        <line num="20" count="6" type="stmt"/>
        <line num="24" count="1" type="stmt"/>
        <line num="25" count="0" type="stmt"/>
        <line num="26" count="11" type="stmt"/>
        <line num="27" count="1" type="stmt"/>
        <line num="28" count="1" type="cond" truecount="4" falsecount="0"/>
        <line num="31" count="6" type="stmt"/>
        <line num="36" count="1" type="stmt"/>
        <line num="37" count="0" type="stmt"/>
        <line num="38" count="11" type="stmt"/>
        <line num="39" count="1" type="stmt"/>
        <line num="40" count="1" type="cond" truecount="4" falsecount="0"/>
        <line num="43" count="6" type="stmt"/>
        <line num="48" count="1" type="stmt"/>
        <line num="49" count="0" type="stmt"/>
        <line num="50" count="11" type="stmt"/>
        <line num="51" count="1" type="stmt"/>
        <line num="52" count="1" type="cond" truecount="4" falsecount="0"/>
        <line num="55" count="6" type="stmt"/>
        <line num="64" count="11" type="cond" truecount="2" falsecount="0"/>
        <line num="66" count="1" type="stmt"/>
        <line num="68" count="1" type="stmt"/>
        <line num="69" count="11" type="cond" truecount="2" falsecount="0"/>
        <line num="70" count="1" type="stmt"/>
        <line num="72" count="1" type="cond" truecount="2" falsecount="0"/>
        <line num="74" count="6" type="stmt"/>
        <line num="75" count="6" type="stmt"/>
        <line num="80" count="11" type="cond" truecount="2" falsecount="0"/>
        <line num="82" count="1" type="stmt"/>
        <line num="84" count="1" type="stmt"/>
        <line num="85" count="11" type="cond" truecount="2" falsecount="0"/>
        <line num="86" count="1" type="stmt"/>
        <line num="88" count="1" type="cond" truecount="2" falsecount="0"/>
        <line num="90" count="6" type="stmt"/>
        <line num="96" count="11" type="cond" truecount="2" falsecount="0"/>
        <line num="98" count="33" type="stmt"/>
        <line num="100" count="1" type="stmt"/>
        <line num="102" count="6" type="stmt"/>
        <line num="111" count="1" type="stmt"/>
        <line num="113" count="0" type="cond" truecount="2" falsecount="0"/>
        <line num="114" count="0" type="stmt"/>
        <line num="118" count="6" type="cond" truecount="2" falsecount="0"/>
        <line num="120" count="6" type="stmt"/>
        <line num="121" count="6" type="stmt"/>
        <line num="122" count="6" type="stmt"/>
        <line num="134" count="6" type="stmt"/>
        <line num="135" count="6" type="stmt"/>
        <line num="136" count="6" type="stmt"/>
        <line num="137" count="6" type="stmt"/>
        <line num="139" count="6" type="stmt"/>
        <line num="140" count="11" type="cond" truecount="2" falsecount="0"/>
        <line num="143" count="6" type="stmt"/>
        <line num="144" count="11" type="cond" truecount="2" falsecount="0"/>
        <line num="147" count="6" type="stmt"/>
        <line num="148" count="11" type="stmt"/>
        <line num="155" count="6" type="stmt"/>
        <line num="156" count="6" type="stmt"/>
        <line num="157" count="6" type="stmt"/>
        <line num="158" count="6" type="stmt"/>
        <line num="160" count="6" type="cond" truecount="1" falsecount="1"/>
        <line num="161" count="6" type="stmt"/>
        <line num="162" count="0" type="cond" truecount="0" falsecount="2"/>
        <line num="163" count="0" type="stmt"/>
        <line num="164" count="0" type="cond" truecount="0" falsecount="2"/>
        <line num="165" count="0" type="stmt"/>
        <line num="168" count="6" type="stmt"/>
        <line num="171" count="6" type="stmt"/>
        <line num="172" count="6" type="stmt"/>
        <line num="173" count="6" type="stmt"/>
        <line num="174" count="6" type="stmt"/>
        <line num="175" count="5" type="cond" truecount="2" falsecount="0"/>
        <line num="176" count="6" type="stmt"/>
        <line num="177" count="5" type="stmt"/>
        <line num="179" count="1" type="cond" truecount="2" falsecount="0"/>
        <line num="183" count="6" type="stmt"/>
        <line num="184" count="5" type="cond" truecount="1" falsecount="1"/>
        <line num="186" count="5" type="cond" truecount="1" falsecount="1"/>
        <line num="187" count="5" type="stmt"/>
        <line num="190" count="5" type="cond" truecount="2" falsecount="0"/>
        <line num="191" count="5" type="cond" truecount="2" falsecount="0"/>
        <line num="192" count="5" type="cond" truecount="2" falsecount="0"/>
        <line num="193" count="5" type="cond" truecount="2" falsecount="0"/>
        <line num="195" count="5" type="cond" truecount="1" falsecount="1"/>
        <line num="196" count="0" type="cond" truecount="0" falsecount="2"/>
        <line num="199" count="5" type="stmt"/>
        <line num="212" count="0" type="cond" truecount="3" falsecount="3"/>
        <line num="218" count="0" type="cond" truecount="3" falsecount="3"/>
        <line num="224" count="0" type="cond" truecount="3" falsecount="3"/>
        <line num="230" count="5" type="stmt"/>
        <line num="233" count="6" type="stmt"/>
        <line num="234" count="0" type="stmt"/>
        <line num="237" count="6" type="stmt"/>
        <line num="238" count="6" type="stmt"/>
        <line num="239" count="6" type="stmt"/>
        <line num="242" count="6" type="stmt"/>
        <line num="243" count="6" type="stmt"/>
        <line num="244" count="6" type="stmt"/>
        <line num="245" count="6" type="stmt"/>
      </file>
      <file name="TaskStatistics.vue" path="/Users/jiashenglin/Desktop/好玩的项目/noidear/client/src/views/statistics/TaskStatistics.vue">
        <metrics statements="161" coveredstatements="123" conditionals="107" coveredconditionals="66" methods="64" coveredmethods="45"/>
        <line num="2" count="6" type="stmt"/>
        <line num="4" count="6" type="cond" truecount="2" falsecount="0"/>
        <line num="12" count="0" type="cond" truecount="2" falsecount="0"/>
        <line num="13" count="0" type="stmt"/>
        <line num="14" count="0" type="stmt"/>
        <line num="19" count="6" type="stmt"/>
        <line num="20" count="6" type="stmt"/>
        <line num="23" count="0" type="cond" truecount="2" falsecount="0"/>
        <line num="24" count="0" type="stmt"/>
        <line num="25" count="0" type="stmt"/>
        <line num="30" count="6" type="stmt"/>
        <line num="34" count="0" type="cond" truecount="2" falsecount="0"/>
        <line num="35" count="0" type="stmt"/>
        <line num="39" count="6" type="stmt"/>
        <line num="44" count="0" type="cond" truecount="2" falsecount="0"/>
        <line num="51" count="6" type="stmt"/>
        <line num="55" count="6" type="cond" truecount="2" falsecount="0"/>
        <line num="56" count="6" type="cond" truecount="2" falsecount="0"/>
        <line num="57" count="6" type="cond" truecount="2" falsecount="0"/>
        <line num="59" count="6" type="stmt"/>
        <line num="70" count="12" type="stmt"/>
        <line num="71" count="6" type="stmt"/>
        <line num="78" count="12" type="stmt"/>
        <line num="86" count="12" type="stmt"/>
        <line num="94" count="12" type="stmt"/>
        <line num="103" count="6" type="cond" truecount="2" falsecount="0"/>
        <line num="105" count="6" type="stmt"/>
        <line num="106" count="6" type="stmt"/>
        <line num="107" count="6" type="stmt"/>
        <line num="112" count="6" type="cond" truecount="2" falsecount="0"/>
        <line num="114" count="6" type="stmt"/>
        <line num="115" count="6" type="stmt"/>
        <line num="123" count="6" type="cond" truecount="2" falsecount="0"/>
        <line num="125" count="6" type="stmt"/>
        <line num="126" count="6" type="stmt"/>
        <line num="127" count="6" type="stmt"/>
        <line num="132" count="6" type="cond" truecount="2" falsecount="0"/>
        <line num="134" count="6" type="stmt"/>
        <line num="135" count="6" type="stmt"/>
        <line num="150" count="6" type="stmt"/>
        <line num="158" count="6" type="stmt"/>
        <line num="159" count="6" type="stmt"/>
        <line num="160" count="6" type="stmt"/>
        <line num="161" count="6" type="stmt"/>
        <line num="163" count="6" type="stmt"/>
        <line num="164" count="6" type="stmt"/>
        <line num="165" count="6" type="stmt"/>
        <line num="166" count="6" type="stmt"/>
        <line num="168" count="6" type="stmt"/>
        <line num="169" count="6" type="stmt"/>
        <line num="170" count="6" type="stmt"/>
        <line num="171" count="6" type="stmt"/>
        <line num="173" count="6" type="stmt"/>
        <line num="174" count="12" type="cond" truecount="2" falsecount="0"/>
        <line num="175" count="12" type="cond" truecount="2" falsecount="0"/>
        <line num="176" count="12" type="cond" truecount="2" falsecount="0"/>
        <line num="179" count="6" type="stmt"/>
        <line num="180" count="12" type="cond" truecount="2" falsecount="0"/>
        <line num="183" count="6" type="stmt"/>
        <line num="184" count="12" type="cond" truecount="2" falsecount="0"/>
        <line num="187" count="6" type="stmt"/>
        <line num="188" count="0" type="cond" truecount="0" falsecount="2"/>
        <line num="189" count="0" type="stmt"/>
        <line num="190" count="0" type="stmt"/>
        <line num="192" count="0" type="stmt"/>
        <line num="193" count="0" type="stmt"/>
        <line num="195" count="0" type="stmt"/>
        <line num="198" count="6" type="stmt"/>
        <line num="199" count="6" type="stmt"/>
        <line num="200" count="6" type="stmt"/>
        <line num="201" count="5" type="cond" truecount="3" falsecount="0"/>
        <line num="203" count="1" type="stmt"/>
        <line num="207" count="6" type="stmt"/>
        <line num="208" count="6" type="stmt"/>
        <line num="209" count="6" type="stmt"/>
        <line num="210" count="6" type="cond" truecount="3" falsecount="0"/>
        <line num="212" count="0" type="stmt"/>
        <line num="216" count="6" type="stmt"/>
        <line num="217" count="6" type="stmt"/>
        <line num="218" count="6" type="stmt"/>
        <line num="219" count="6" type="cond" truecount="1" falsecount="1"/>
        <line num="220" count="6" type="cond" truecount="1" falsecount="1"/>
        <line num="221" count="6" type="cond" truecount="1" falsecount="1"/>
        <line num="222" count="6" type="cond" truecount="1" falsecount="1"/>
        <line num="223" count="6" type="cond" truecount="1" falsecount="1"/>
        <line num="225" count="6" type="stmt"/>
        <line num="226" count="6" type="cond" truecount="2" falsecount="0"/>
        <line num="228" count="6" type="stmt"/>
        <line num="229" count="6" type="stmt"/>
        <line num="231" count="0" type="cond" truecount="0" falsecount="2"/>
        <line num="235" count="6" type="stmt"/>
        <line num="236" count="0" type="stmt"/>
        <line num="243" count="0" type="stmt"/>
        <line num="244" count="0" type="stmt"/>
        <line num="247" count="6" type="stmt"/>
        <line num="248" count="0" type="stmt"/>
        <line num="249" count="0" type="stmt"/>
        <line num="250" count="0" type="stmt"/>
        <line num="251" count="0" type="stmt"/>
        <line num="252" count="0" type="stmt"/>
        <line num="253" count="0" type="stmt"/>
        <line num="254" count="0" type="stmt"/>
        <line num="255" count="0" type="stmt"/>
        <line num="256" count="0" type="stmt"/>
        <line num="257" count="0" type="stmt"/>
        <line num="258" count="0" type="stmt"/>
        <line num="260" count="0" type="cond" truecount="0" falsecount="2"/>
        <line num="264" count="6" type="stmt"/>
        <line num="265" count="6" type="stmt"/>
        <line num="266" count="6" type="stmt"/>
        <line num="267" count="6" type="stmt"/>
        <line num="268" count="6" type="stmt"/>
        <line num="271" count="6" type="stmt"/>
        <line num="272" count="6" type="cond" truecount="1" falsecount="1"/>
        <line num="273" count="6" type="cond" truecount="1" falsecount="1"/>
        <line num="275" count="6" type="cond" truecount="1" falsecount="1"/>
        <line num="276" count="6" type="stmt"/>
        <line num="281" count="6" type="stmt"/>
        <line num="300" count="6" type="stmt"/>
        <line num="301" count="6" type="cond" truecount="1" falsecount="1"/>
        <line num="302" count="6" type="cond" truecount="1" falsecount="1"/>
        <line num="304" count="6" type="cond" truecount="1" falsecount="1"/>
        <line num="305" count="6" type="stmt"/>
        <line num="307" count="6" type="stmt"/>
        <line num="315" count="0" type="cond" truecount="0" falsecount="3"/>
        <line num="320" count="0" type="stmt"/>
        <line num="331" count="6" type="stmt"/>
        <line num="332" count="6" type="cond" truecount="1" falsecount="1"/>
        <line num="333" count="6" type="cond" truecount="1" falsecount="1"/>
        <line num="335" count="6" type="cond" truecount="1" falsecount="1"/>
        <line num="336" count="6" type="stmt"/>
        <line num="343" count="18" type="stmt"/>
        <line num="348" count="6" type="stmt"/>
        <line num="367" count="6" type="stmt"/>
        <line num="368" count="6" type="cond" truecount="1" falsecount="1"/>
        <line num="369" count="6" type="cond" truecount="1" falsecount="1"/>
        <line num="371" count="6" type="cond" truecount="1" falsecount="1"/>
        <line num="372" count="6" type="cond" truecount="0" falsecount="2"/>
        <line num="373" count="6" type="cond" truecount="0" falsecount="2"/>
        <line num="374" count="6" type="cond" truecount="0" falsecount="3"/>
        <line num="376" count="6" type="stmt"/>
        <line num="403" count="6" type="stmt"/>
        <line num="404" count="0" type="stmt"/>
        <line num="405" count="0" type="stmt"/>
        <line num="406" count="0" type="stmt"/>
        <line num="407" count="0" type="stmt"/>
        <line num="410" count="6" type="stmt"/>
        <line num="411" count="6" type="stmt"/>
        <line num="412" count="6" type="stmt"/>
        <line num="413" count="6" type="stmt"/>
        <line num="414" count="6" type="stmt"/>
        <line num="417" count="6" type="stmt"/>
        <line num="418" count="6" type="stmt"/>
        <line num="419" count="6" type="stmt"/>
        <line num="420" count="6" type="stmt"/>
        <line num="421" count="6" type="stmt"/>
        <line num="422" count="6" type="stmt"/>
        <line num="423" count="6" type="stmt"/>
        <line num="424" count="6" type="stmt"/>
        <line num="425" count="6" type="stmt"/>
        <line num="426" count="6" type="stmt"/>
      </file>
    </package>
    <package name="views.tasks">
      <metrics statements="41" coveredstatements="29" conditionals="18" coveredconditionals="16" methods="22" coveredmethods="16"/>
      <file name="TaskCreate.vue" path="/Users/jiashenglin/Desktop/好玩的项目/noidear/client/src/views/tasks/TaskCreate.vue">
        <metrics statements="41" coveredstatements="29" conditionals="18" coveredconditionals="16" methods="22" coveredmethods="16"/>
        <line num="2" count="9" type="stmt"/>
        <line num="3" count="0" type="cond" truecount="2" falsecount="0"/>
        <line num="4" count="9" type="cond" truecount="2" falsecount="0"/>
        <line num="10" count="0" type="cond" truecount="2" falsecount="0"/>
        <line num="11" count="16" type="stmt"/>
        <line num="12" count="17" type="stmt"/>
        <line num="17" count="9" type="stmt"/>
        <line num="18" count="9" type="stmt"/>
        <line num="21" count="0" type="cond" truecount="2" falsecount="0"/>
        <line num="22" count="16" type="stmt"/>
        <line num="23" count="17" type="stmt"/>
        <line num="28" count="9" type="stmt"/>
        <line num="33" count="0" type="cond" truecount="2" falsecount="0"/>
        <line num="37" count="9" type="stmt"/>
        <line num="41" count="9" type="cond" truecount="2" falsecount="0"/>
        <line num="42" count="9" type="cond" truecount="4" falsecount="0"/>
        <line num="44" count="9" type="stmt"/>
        <line num="59" count="9" type="stmt"/>
        <line num="60" count="9" type="stmt"/>
        <line num="61" count="9" type="stmt"/>
        <line num="62" count="9" type="stmt"/>
        <line num="63" count="9" type="stmt"/>
        <line num="65" count="9" type="stmt"/>
        <line num="71" count="9" type="stmt"/>
        <line num="77" count="9" type="stmt"/>
        <line num="79" count="9" type="stmt"/>
        <line num="80" count="9" type="stmt"/>
        <line num="81" count="9" type="stmt"/>
        <line num="85" count="8" type="stmt"/>
        <line num="86" count="8" type="stmt"/>
        <line num="87" count="1" type="stmt"/>
        <line num="90" count="9" type="stmt"/>
        <line num="91" count="0" type="cond" truecount="0" falsecount="2"/>
        <line num="92" count="0" type="stmt"/>
        <line num="93" count="0" type="stmt"/>
        <line num="94" count="0" type="stmt"/>
        <line num="95" count="0" type="stmt"/>
        <line num="100" count="0" type="stmt"/>
        <line num="101" count="0" type="stmt"/>
        <line num="102" count="0" type="stmt"/>
        <line num="105" count="9" type="stmt"/>
      </file>
    </package>
    <package name="views.templates">
      <metrics statements="106" coveredstatements="66" conditionals="56" coveredconditionals="28" methods="57" coveredmethods="34"/>
      <file name="TemplateEdit.vue" path="/Users/jiashenglin/Desktop/好玩的项目/noidear/client/src/views/templates/TemplateEdit.vue">
        <metrics statements="106" coveredstatements="66" conditionals="56" coveredconditionals="28" methods="57" coveredmethods="34"/>
        <line num="2" count="10" type="stmt"/>
        <line num="3" count="0" type="cond" truecount="2" falsecount="0"/>
        <line num="5" count="10" type="cond" truecount="1" falsecount="1"/>
        <line num="12" count="0" type="cond" truecount="2" falsecount="0"/>
        <line num="13" count="10" type="stmt"/>
        <line num="17" count="10" type="stmt"/>
        <line num="18" count="10" type="stmt"/>
        <line num="21" count="10" type="cond" truecount="2" falsecount="0"/>
        <line num="25" count="1" type="stmt"/>
        <line num="26" count="0" type="cond" truecount="2" falsecount="0"/>
        <line num="27" count="10" type="stmt"/>
        <line num="30" count="14" type="stmt"/>
        <line num="39" count="1" type="stmt"/>
        <line num="50" count="17" type="stmt"/>
        <line num="55" count="1" type="stmt"/>
        <line num="57" count="13" type="stmt"/>
        <line num="59" count="0" type="stmt"/>
        <line num="60" count="0" type="stmt"/>
        <line num="61" count="0" type="stmt"/>
        <line num="62" count="51" type="stmt"/>
        <line num="63" count="17" type="stmt"/>
        <line num="67" count="357" type="stmt"/>
        <line num="68" count="51" type="stmt"/>
        <line num="75" count="17" type="cond" truecount="2" falsecount="0"/>
        <line num="76" count="0" type="stmt"/>
        <line num="77" count="17" type="stmt"/>
        <line num="84" count="0" type="stmt"/>
        <line num="90" count="0" type="stmt"/>
        <line num="94" count="0" type="stmt"/>
        <line num="100" count="0" type="stmt"/>
        <line num="102" count="0" type="stmt"/>
        <line num="109" count="0" type="stmt"/>
        <line num="112" count="0" type="cond" truecount="0" falsecount="2"/>
        <line num="118" count="10" type="stmt"/>
        <line num="122" count="10" type="stmt"/>
        <line num="124" count="1" type="stmt"/>
        <line num="125" count="10" type="cond" truecount="4" falsecount="0"/>
        <line num="127" count="10" type="cond" truecount="1" falsecount="1"/>
        <line num="161" count="10" type="stmt"/>
        <line num="162" count="10" type="stmt"/>
        <line num="163" count="10" type="stmt"/>
        <line num="164" count="10" type="stmt"/>
        <line num="165" count="10" type="stmt"/>
        <line num="166" count="10" type="stmt"/>
        <line num="167" count="10" type="stmt"/>
        <line num="168" count="10" type="stmt"/>
        <line num="170" count="10" type="stmt"/>
        <line num="172" count="10" type="stmt"/>
        <line num="178" count="10" type="stmt"/>
        <line num="183" count="10" type="stmt"/>
        <line num="184" count="4" type="stmt"/>
        <line num="187" count="10" type="stmt"/>
        <line num="188" count="1" type="cond" truecount="1" falsecount="1"/>
        <line num="189" count="1" type="stmt"/>
        <line num="193" count="10" type="stmt"/>
        <line num="195" count="0" type="cond" truecount="0" falsecount="4"/>
        <line num="196" count="0" type="stmt"/>
        <line num="200" count="10" type="stmt"/>
        <line num="201" count="1" type="cond" truecount="1" falsecount="1"/>
        <line num="202" count="0" type="stmt"/>
        <line num="204" count="1" type="stmt"/>
        <line num="207" count="10" type="stmt"/>
        <line num="208" count="1" type="cond" truecount="3" falsecount="1"/>
        <line num="209" count="1" type="stmt"/>
        <line num="213" count="10" type="stmt"/>
        <line num="214" count="11" type="cond" truecount="1" falsecount="1"/>
        <line num="216" count="11" type="stmt"/>
        <line num="221" count="0" type="stmt"/>
        <line num="222" count="0" type="stmt"/>
        <line num="223" count="0" type="stmt"/>
        <line num="224" count="0" type="stmt"/>
        <line num="229" count="10" type="stmt"/>
        <line num="230" count="10" type="cond" truecount="1" falsecount="1"/>
        <line num="231" count="10" type="stmt"/>
        <line num="232" count="10" type="stmt"/>
        <line num="235" count="0" type="stmt"/>
        <line num="236" count="0" type="stmt"/>
        <line num="237" count="0" type="stmt"/>
        <line num="238" count="0" type="stmt"/>
        <line num="239" count="0" type="stmt"/>
        <line num="240" count="0" type="cond" truecount="0" falsecount="2"/>
        <line num="241" count="10" type="stmt"/>
        <line num="243" count="0" type="stmt"/>
        <line num="245" count="0" type="stmt"/>
        <line num="249" count="10" type="stmt"/>
        <line num="250" count="1" type="stmt"/>
        <line num="251" count="1" type="stmt"/>
        <line num="252" count="1" type="stmt"/>
        <line num="254" count="1" type="stmt"/>
        <line num="255" count="1" type="cond" truecount="1" falsecount="1"/>
        <line num="256" count="1" type="stmt"/>
        <line num="258" count="1" type="stmt"/>
        <line num="262" count="10" type="stmt"/>
        <line num="263" count="0" type="cond" truecount="0" falsecount="2"/>
        <line num="264" count="0" type="stmt"/>
        <line num="266" count="0" type="stmt"/>
        <line num="267" count="0" type="stmt"/>
        <line num="268" count="0" type="cond" truecount="0" falsecount="2"/>
        <line num="269" count="0" type="stmt"/>
        <line num="273" count="0" type="stmt"/>
        <line num="275" count="0" type="stmt"/>
        <line num="280" count="0" type="stmt"/>
        <line num="282" count="0" type="stmt"/>
        <line num="286" count="0" type="stmt"/>
        <line num="290" count="10" type="stmt"/>
        <line num="291" count="10" type="stmt"/>
      </file>
    </package>
  </project>
</coverage>
