{"/Users/jiashenglin/Desktop/好玩的项目/noidear/client/src/api/approval.ts": {"path":"/Users/jiashenglin/Desktop/好玩的项目/noidear/client/src/api/approval.ts","statementMap":{"0":{"start":{"line":74,"column":4},"end":{"line":74,"column":null}},"1":{"start":{"line":81,"column":4},"end":{"line":85,"column":null}},"2":{"start":{"line":92,"column":4},"end":{"line":96,"column":null}},"3":{"start":{"line":103,"column":4},"end":{"line":103,"column":null}},"4":{"start":{"line":112,"column":4},"end":{"line":112,"column":null}},"5":{"start":{"line":119,"column":4},"end":{"line":119,"column":null}},"6":{"start":{"line":126,"column":4},"end":{"line":128,"column":null}},"7":{"start":{"line":135,"column":4},"end":{"line":139,"column":null}},"8":{"start":{"line":146,"column":4},"end":{"line":150,"column":null}}},"fnMap":{"0":{"name":"(anonymous_0)","decl":{"start":{"line":73,"column":2},"end":{"line":73,"column":22}},"loc":{"start":{"line":73,"column":40},"end":{"line":75,"column":null}},"line":73},"1":{"name":"(anonymous_1)","decl":{"start":{"line":80,"column":2},"end":{"line":80,"column":16}},"loc":{"start":{"line":80,"column":87},"end":{"line":86,"column":null}},"line":80},"2":{"name":"(anonymous_2)","decl":{"start":{"line":91,"column":2},"end":{"line":91,"column":16}},"loc":{"start":{"line":91,"column":87},"end":{"line":97,"column":null}},"line":91},"3":{"name":"(anonymous_3)","decl":{"start":{"line":102,"column":2},"end":{"line":102,"column":19}},"loc":{"start":{"line":102,"column":37},"end":{"line":104,"column":null}},"line":102},"4":{"name":"(anonymous_4)","decl":{"start":{"line":111,"column":2},"end":{"line":111,"column":24}},"loc":{"start":{"line":111,"column":24},"end":{"line":113,"column":null}},"line":111},"5":{"name":"(anonymous_5)","decl":{"start":{"line":118,"column":2},"end":{"line":118,"column":20}},"loc":{"start":{"line":118,"column":32},"end":{"line":120,"column":null}},"line":118},"6":{"name":"(anonymous_6)","decl":{"start":{"line":125,"column":2},"end":{"line":125,"column":21}},"loc":{"start":{"line":125,"column":59},"end":{"line":129,"column":null}},"line":125},"7":{"name":"(anonymous_7)","decl":{"start":{"line":134,"column":2},"end":{"line":134,"column":17}},"loc":{"start":{"line":134,"column":88},"end":{"line":140,"column":null}},"line":134},"8":{"name":"(anonymous_8)","decl":{"start":{"line":145,"column":2},"end":{"line":145,"column":16}},"loc":{"start":{"line":145,"column":53},"end":{"line":151,"column":null}},"line":145}},"branchMap":{"0":{"loc":{"start":{"line":84,"column":10},"end":{"line":84,"column":null}},"type":"cond-expr","locations":[{"start":{"line":84,"column":34},"end":{"line":84,"column":65}},{"start":{"line":84,"column":65},"end":{"line":84,"column":null}}],"line":84},"1":{"loc":{"start":{"line":95,"column":10},"end":{"line":95,"column":null}},"type":"cond-expr","locations":[{"start":{"line":95,"column":34},"end":{"line":95,"column":65}},{"start":{"line":95,"column":65},"end":{"line":95,"column":null}}],"line":95},"2":{"loc":{"start":{"line":125,"column":21},"end":{"line":125,"column":39}},"type":"default-arg","locations":[{"start":{"line":125,"column":36},"end":{"line":125,"column":39}}],"line":125},"3":{"loc":{"start":{"line":125,"column":39},"end":{"line":125,"column":59}},"type":"default-arg","locations":[{"start":{"line":125,"column":55},"end":{"line":125,"column":59}}],"line":125},"4":{"loc":{"start":{"line":138,"column":10},"end":{"line":138,"column":null}},"type":"cond-expr","locations":[{"start":{"line":138,"column":34},"end":{"line":138,"column":65}},{"start":{"line":138,"column":65},"end":{"line":138,"column":null}}],"line":138}},"s":{"0":1,"1":2,"2":1,"3":1,"4":1,"5":1,"6":2,"7":3,"8":1},"f":{"0":1,"1":2,"2":1,"3":1,"4":1,"5":1,"6":2,"7":3,"8":1},"b":{"0":[1,1],"1":[1,0],"2":[2],"3":[2],"4":[2,1]},"meta":{"lastBranch":5,"lastFunction":9,"lastStatement":9,"seen":{"f:73:2:73:22":0,"s:74:4:74:Infinity":0,"f:80:2:80:16":1,"s:81:4:85:Infinity":1,"b:84:34:84:65:84:65:84:Infinity":0,"f:91:2:91:16":2,"s:92:4:96:Infinity":2,"b:95:34:95:65:95:65:95:Infinity":1,"f:102:2:102:19":3,"s:103:4:103:Infinity":3,"f:111:2:111:24":4,"s:112:4:112:Infinity":4,"f:118:2:118:20":5,"s:119:4:119:Infinity":5,"f:125:2:125:21":6,"b:125:36:125:39":2,"b:125:55:125:59":3,"s:126:4:128:Infinity":6,"f:134:2:134:17":7,"s:135:4:139:Infinity":7,"b:138:34:138:65:138:65:138:Infinity":4,"f:145:2:145:16":8,"s:146:4:150:Infinity":8}}}
,"/Users/jiashenglin/Desktop/好玩的项目/noidear/client/src/api/task.ts": {"path":"/Users/jiashenglin/Desktop/好玩的项目/noidear/client/src/api/task.ts","statementMap":{"0":{"start":{"line":111,"column":45},"end":{"line":115,"column":null}},"1":{"start":{"line":118,"column":2},"end":{"line":118,"column":null}},"2":{"start":{"line":122,"column":2},"end":{"line":124,"column":null}},"3":{"start":{"line":123,"column":4},"end":{"line":123,"column":null}},"4":{"start":{"line":125,"column":2},"end":{"line":125,"column":null}},"5":{"start":{"line":132,"column":67},"end":{"line":139,"column":null}},"6":{"start":{"line":142,"column":2},"end":{"line":142,"column":null}},"7":{"start":{"line":146,"column":2},"end":{"line":146,"column":null}},"8":{"start":{"line":149,"column":74},"end":{"line":154,"column":null}},"9":{"start":{"line":157,"column":2},"end":{"line":157,"column":null}},"10":{"start":{"line":161,"column":2},"end":{"line":161,"column":null}},"11":{"start":{"line":173,"column":4},"end":{"line":173,"column":null}},"12":{"start":{"line":180,"column":4},"end":{"line":180,"column":null}},"13":{"start":{"line":187,"column":4},"end":{"line":187,"column":null}},"14":{"start":{"line":194,"column":4},"end":{"line":194,"column":null}},"15":{"start":{"line":201,"column":4},"end":{"line":201,"column":null}},"16":{"start":{"line":208,"column":4},"end":{"line":208,"column":null}},"17":{"start":{"line":215,"column":4},"end":{"line":215,"column":null}},"18":{"start":{"line":222,"column":4},"end":{"line":222,"column":null}},"19":{"start":{"line":229,"column":4},"end":{"line":229,"column":null}}},"fnMap":{"0":{"name":"isTaskLocked","decl":{"start":{"line":117,"column":16},"end":{"line":117,"column":29}},"loc":{"start":{"line":117,"column":54},"end":{"line":119,"column":null}},"line":117},"1":{"name":"isTaskOverdue","decl":{"start":{"line":121,"column":16},"end":{"line":121,"column":30}},"loc":{"start":{"line":121,"column":73},"end":{"line":126,"column":null}},"line":121},"2":{"name":"getTaskStatusText","decl":{"start":{"line":141,"column":16},"end":{"line":141,"column":34}},"loc":{"start":{"line":141,"column":58},"end":{"line":143,"column":null}},"line":141},"3":{"name":"getTaskStatusType","decl":{"start":{"line":145,"column":16},"end":{"line":145,"column":34}},"loc":{"start":{"line":145,"column":58},"end":{"line":147,"column":null}},"line":145},"4":{"name":"getRecordStatusText","decl":{"start":{"line":156,"column":16},"end":{"line":156,"column":36}},"loc":{"start":{"line":156,"column":60},"end":{"line":158,"column":null}},"line":156},"5":{"name":"getRecordStatusType","decl":{"start":{"line":160,"column":16},"end":{"line":160,"column":36}},"loc":{"start":{"line":160,"column":60},"end":{"line":162,"column":null}},"line":160},"6":{"name":"(anonymous_6)","decl":{"start":{"line":172,"column":2},"end":{"line":172,"column":11}},"loc":{"start":{"line":172,"column":40},"end":{"line":174,"column":null}},"line":172},"7":{"name":"(anonymous_7)","decl":{"start":{"line":179,"column":2},"end":{"line":179,"column":14}},"loc":{"start":{"line":179,"column":26},"end":{"line":181,"column":null}},"line":179},"8":{"name":"(anonymous_8)","decl":{"start":{"line":186,"column":2},"end":{"line":186,"column":13}},"loc":{"start":{"line":186,"column":41},"end":{"line":188,"column":null}},"line":186},"9":{"name":"(anonymous_9)","decl":{"start":{"line":193,"column":2},"end":{"line":193,"column":13}},"loc":{"start":{"line":193,"column":53},"end":{"line":195,"column":null}},"line":193},"10":{"name":"(anonymous_10)","decl":{"start":{"line":200,"column":2},"end":{"line":200,"column":13}},"loc":{"start":{"line":200,"column":41},"end":{"line":202,"column":null}},"line":200},"11":{"name":"(anonymous_11)","decl":{"start":{"line":207,"column":2},"end":{"line":207,"column":17}},"loc":{"start":{"line":207,"column":104},"end":{"line":209,"column":null}},"line":207},"12":{"name":"(anonymous_12)","decl":{"start":{"line":214,"column":2},"end":{"line":214,"column":13}},"loc":{"start":{"line":214,"column":25},"end":{"line":216,"column":null}},"line":214},"13":{"name":"(anonymous_13)","decl":{"start":{"line":221,"column":2},"end":{"line":221,"column":12}},"loc":{"start":{"line":221,"column":47},"end":{"line":223,"column":null}},"line":221},"14":{"name":"(anonymous_14)","decl":{"start":{"line":228,"column":2},"end":{"line":228,"column":14}},"loc":{"start":{"line":228,"column":43},"end":{"line":230,"column":null}},"line":228}},"branchMap":{"0":{"loc":{"start":{"line":122,"column":2},"end":{"line":124,"column":null}},"type":"if","locations":[{"start":{"line":122,"column":2},"end":{"line":124,"column":null}},{"start":{},"end":{}}],"line":122},"1":{"loc":{"start":{"line":122,"column":6},"end":{"line":122,"column":81}},"type":"binary-expr","locations":[{"start":{"line":122,"column":6},"end":{"line":122,"column":32}},{"start":{"line":122,"column":32},"end":{"line":122,"column":58}},{"start":{"line":122,"column":58},"end":{"line":122,"column":81}}],"line":122},"2":{"loc":{"start":{"line":142,"column":9},"end":{"line":142,"column":null}},"type":"binary-expr","locations":[{"start":{"line":142,"column":9},"end":{"line":142,"column":37}},{"start":{"line":142,"column":37},"end":{"line":142,"column":null}}],"line":142},"3":{"loc":{"start":{"line":146,"column":9},"end":{"line":146,"column":null}},"type":"binary-expr","locations":[{"start":{"line":146,"column":9},"end":{"line":146,"column":37}},{"start":{"line":146,"column":37},"end":{"line":146,"column":null}}],"line":146},"4":{"loc":{"start":{"line":157,"column":9},"end":{"line":157,"column":null}},"type":"binary-expr","locations":[{"start":{"line":157,"column":9},"end":{"line":157,"column":44}},{"start":{"line":157,"column":44},"end":{"line":157,"column":null}}],"line":157},"5":{"loc":{"start":{"line":161,"column":9},"end":{"line":161,"column":null}},"type":"binary-expr","locations":[{"start":{"line":161,"column":9},"end":{"line":161,"column":44}},{"start":{"line":161,"column":44},"end":{"line":161,"column":null}}],"line":161},"6":{"loc":{"start":{"line":172,"column":11},"end":{"line":172,"column":40}},"type":"default-arg","locations":[{"start":{"line":172,"column":36},"end":{"line":172,"column":40}}],"line":172}},"s":{"0":2,"1":7,"2":5,"3":3,"4":2,"5":2,"6":6,"7":4,"8":2,"9":5,"10":5,"11":10,"12":0,"13":0,"14":0,"15":0,"16":0,"17":0,"18":0,"19":0},"f":{"0":7,"1":5,"2":6,"3":4,"4":5,"5":5,"6":10,"7":0,"8":0,"9":0,"10":0,"11":0,"12":0,"13":0,"14":0},"b":{"0":[3,2],"1":[5,4,3],"2":[6,1],"3":[4,1],"4":[5,1],"5":[5,1],"6":[10]},"meta":{"lastBranch":7,"lastFunction":15,"lastStatement":20,"seen":{"s:111:45:115:Infinity":0,"f:117:16:117:29":0,"s:118:2:118:Infinity":1,"f:121:16:121:30":1,"b:122:2:124:Infinity:undefined:undefined:undefined:undefined":0,"s:122:2:124:Infinity":2,"b:122:6:122:32:122:32:122:58:122:58:122:81":1,"s:123:4:123:Infinity":3,"s:125:2:125:Infinity":4,"s:132:67:139:Infinity":5,"f:141:16:141:34":2,"s:142:2:142:Infinity":6,"b:142:9:142:37:142:37:142:Infinity":2,"f:145:16:145:34":3,"s:146:2:146:Infinity":7,"b:146:9:146:37:146:37:146:Infinity":3,"s:149:74:154:Infinity":8,"f:156:16:156:36":4,"s:157:2:157:Infinity":9,"b:157:9:157:44:157:44:157:Infinity":4,"f:160:16:160:36":5,"s:161:2:161:Infinity":10,"b:161:9:161:44:161:44:161:Infinity":5,"f:172:2:172:11":6,"b:172:36:172:40":6,"s:173:4:173:Infinity":11,"f:179:2:179:14":7,"s:180:4:180:Infinity":12,"f:186:2:186:13":8,"s:187:4:187:Infinity":13,"f:193:2:193:13":9,"s:194:4:194:Infinity":14,"f:200:2:200:13":10,"s:201:4:201:Infinity":15,"f:207:2:207:17":11,"s:208:4:208:Infinity":16,"f:214:2:214:13":12,"s:215:4:215:Infinity":17,"f:221:2:221:12":13,"s:222:4:222:Infinity":18,"f:228:2:228:14":14,"s:229:4:229:Infinity":19}}}
,"/Users/jiashenglin/Desktop/好玩的项目/noidear/client/src/components/ExportButton.vue": {"path":"/Users/jiashenglin/Desktop/好玩的项目/noidear/client/src/components/ExportButton.vue","statementMap":{"0":{"start":{"line":25,"column":14},"end":{"line":25,"column":null}},"1":{"start":{"line":31,"column":13},"end":{"line":31,"column":null}},"2":{"start":{"line":37,"column":6},"end":{"line":37,"column":null}},"3":{"start":{"line":39,"column":20},"end":{"line":63,"column":null}},"4":{"start":{"line":40,"column":2},"end":{"line":40,"column":null}},"5":{"start":{"line":42,"column":2},"end":{"line":42,"column":null}},"6":{"start":{"line":42,"column":23},"end":{"line":42,"column":null}},"7":{"start":{"line":44,"column":2},"end":{"line":44,"column":null}},"8":{"start":{"line":45,"column":2},"end":{"line":62,"column":null}},"9":{"start":{"line":46,"column":17},"end":{"line":46,"column":null}},"10":{"start":{"line":47,"column":16},"end":{"line":47,"column":null}},"11":{"start":{"line":48,"column":14},"end":{"line":48,"column":null}},"12":{"start":{"line":49,"column":4},"end":{"line":49,"column":null}},"13":{"start":{"line":50,"column":4},"end":{"line":50,"column":null}},"14":{"start":{"line":51,"column":4},"end":{"line":51,"column":null}},"15":{"start":{"line":52,"column":4},"end":{"line":52,"column":null}},"16":{"start":{"line":53,"column":4},"end":{"line":53,"column":null}},"17":{"start":{"line":54,"column":4},"end":{"line":54,"column":null}},"18":{"start":{"line":55,"column":4},"end":{"line":55,"column":null}},"19":{"start":{"line":56,"column":4},"end":{"line":56,"column":null}},"20":{"start":{"line":58,"column":4},"end":{"line":58,"column":null}},"21":{"start":{"line":59,"column":4},"end":{"line":59,"column":null}},"22":{"start":{"line":61,"column":4},"end":{"line":61,"column":null}},"23":{"start":{"line":2,"column":2},"end":{"line":9,"column":39}},"24":{"start":{"line":9,"column":39},"end":{"line":9,"column":39}}},"fnMap":{"0":{"name":"(anonymous_0)","decl":{"start":{"line":39,"column":20},"end":{"line":39,"column":32}},"loc":{"start":{"line":39,"column":32},"end":{"line":63,"column":null}},"line":39},"1":{"name":"(anonymous_1)","decl":{"start":{"line":9,"column":4},"end":{"line":9,"column":7}},"loc":{"start":{"line":9,"column":39},"end":{"line":9,"column":39}},"line":9}},"branchMap":{"0":{"loc":{"start":{"line":42,"column":2},"end":{"line":42,"column":null}},"type":"if","locations":[{"start":{"line":42,"column":2},"end":{"line":42,"column":null}},{"start":{},"end":{}}],"line":42},"1":{"loc":{"start":{"line":58,"column":29},"end":{"line":58,"column":52}},"type":"binary-expr","locations":[{"start":{"line":58,"column":29},"end":{"line":58,"column":46}},{"start":{"line":58,"column":46},"end":{"line":58,"column":52}}],"line":58},"2":{"loc":{"start":{"line":9,"column":7},"end":{"line":9,"column":36}},"type":"cond-expr","locations":[{"start":{"line":9,"column":18},"end":{"line":9,"column":32}},{"start":{"line":9,"column":32},"end":{"line":9,"column":36}}],"line":9}},"s":{"0":10,"1":10,"2":10,"3":10,"4":14,"5":14,"6":4,"7":10,"8":10,"9":10,"10":6,"11":6,"12":6,"13":6,"14":6,"15":6,"16":6,"17":6,"18":6,"19":6,"20":4,"21":4,"22":10,"23":20,"24":20},"f":{"0":14,"1":20},"b":{"0":[4,10],"1":[4,0],"2":[5,15]},"meta":{"lastBranch":3,"lastFunction":2,"lastStatement":25,"seen":{"s:25:14:25:Infinity":0,"s:31:13:31:Infinity":1,"s:37:6:37:Infinity":2,"s:39:20:63:Infinity":3,"f:39:20:39:32":0,"s:40:2:40:Infinity":4,"b:42:2:42:Infinity:undefined:undefined:undefined:undefined":0,"s:42:2:42:Infinity":5,"s:42:23:42:Infinity":6,"s:44:2:44:Infinity":7,"s:45:2:62:Infinity":8,"s:46:17:46:Infinity":9,"s:47:16:47:Infinity":10,"s:48:14:48:Infinity":11,"s:49:4:49:Infinity":12,"s:50:4:50:Infinity":13,"s:51:4:51:Infinity":14,"s:52:4:52:Infinity":15,"s:53:4:53:Infinity":16,"s:54:4:54:Infinity":17,"s:55:4:55:Infinity":18,"s:56:4:56:Infinity":19,"s:58:4:58:Infinity":20,"b:58:29:58:46:58:46:58:52":1,"s:59:4:59:Infinity":21,"s:61:4:61:Infinity":22,"s:2:2:9:39":23,"f:9:4:9:7":1,"s:9:39:9:39":24,"b:9:18:9:32:9:32:9:36":2}}}
,"/Users/jiashenglin/Desktop/好玩的项目/noidear/client/src/components/OfficePreview.vue": {"path":"/Users/jiashenglin/Desktop/好玩的项目/noidear/client/src/components/OfficePreview.vue","statementMap":{"0":{"start":{"line":43,"column":14},"end":{"line":43,"column":null}},"1":{"start":{"line":47,"column":13},"end":{"line":47,"column":null}},"2":{"start":{"line":49,"column":6},"end":{"line":51,"column":null}},"3":{"start":{"line":50,"column":2},"end":{"line":50,"column":null}},"4":{"start":{"line":53,"column":6},"end":{"line":59,"column":null}},"5":{"start":{"line":54,"column":14},"end":{"line":54,"column":null}},"6":{"start":{"line":55,"column":2},"end":{"line":55,"column":null}},"7":{"start":{"line":55,"column":21},"end":{"line":55,"column":null}},"8":{"start":{"line":56,"column":2},"end":{"line":56,"column":null}},"9":{"start":{"line":56,"column":67},"end":{"line":56,"column":null}},"10":{"start":{"line":57,"column":2},"end":{"line":57,"column":null}},"11":{"start":{"line":57,"column":73},"end":{"line":57,"column":null}},"12":{"start":{"line":58,"column":2},"end":{"line":58,"column":null}},"13":{"start":{"line":61,"column":6},"end":{"line":64,"column":null}},"14":{"start":{"line":62,"column":2},"end":{"line":62,"column":null}},"15":{"start":{"line":62,"column":56},"end":{"line":62,"column":null}},"16":{"start":{"line":63,"column":2},"end":{"line":63,"column":null}},"17":{"start":{"line":66,"column":23},"end":{"line":66,"column":null}},"18":{"start":{"line":66,"column":31},"end":{"line":66,"column":49}},"19":{"start":{"line":2,"column":7},"end":{"line":2,"column":null}},"20":{"start":{"line":2,"column":2},"end":{"line":30,"column":97}},"21":{"start":{"line":6,"column":87},"end":{"line":6,"column":99}},"22":{"start":{"line":14,"column":87},"end":{"line":14,"column":99}},"23":{"start":{"line":19,"column":87},"end":{"line":19,"column":99}},"24":{"start":{"line":24,"column":75},"end":{"line":24,"column":69}},"25":{"start":{"line":30,"column":85},"end":{"line":30,"column":97}}},"fnMap":{"0":{"name":"(anonymous_0)","decl":{"start":{"line":49,"column":26},"end":{"line":49,"column":null}},"loc":{"start":{"line":50,"column":2},"end":{"line":50,"column":null}},"line":50},"1":{"name":"(anonymous_1)","decl":{"start":{"line":53,"column":26},"end":{"line":53,"column":32}},"loc":{"start":{"line":53,"column":32},"end":{"line":59,"column":1}},"line":53},"2":{"name":"(anonymous_2)","decl":{"start":{"line":61,"column":33},"end":{"line":61,"column":39}},"loc":{"start":{"line":61,"column":39},"end":{"line":64,"column":1}},"line":61},"3":{"name":"(anonymous_3)","decl":{"start":{"line":66,"column":23},"end":{"line":66,"column":29}},"loc":{"start":{"line":66,"column":29},"end":{"line":66,"column":null}},"line":66},"4":{"name":"(anonymous_4)","decl":{"start":{"line":6,"column":83},"end":{"line":6,"column":87}},"loc":{"start":{"line":6,"column":87},"end":{"line":6,"column":99}},"line":6},"5":{"name":"(anonymous_5)","decl":{"start":{"line":14,"column":83},"end":{"line":14,"column":87}},"loc":{"start":{"line":14,"column":87},"end":{"line":14,"column":99}},"line":14},"6":{"name":"(anonymous_6)","decl":{"start":{"line":19,"column":83},"end":{"line":19,"column":87}},"loc":{"start":{"line":19,"column":87},"end":{"line":19,"column":99}},"line":19},"7":{"name":"(anonymous_7)","decl":{"start":{"line":24,"column":25},"end":{"line":24,"column":30}},"loc":{"start":{"line":24,"column":75},"end":{"line":24,"column":69}},"line":24},"8":{"name":"(anonymous_8)","decl":{"start":{"line":30,"column":81},"end":{"line":30,"column":85}},"loc":{"start":{"line":30,"column":85},"end":{"line":30,"column":97}},"line":30}},"branchMap":{"0":{"loc":{"start":{"line":54,"column":14},"end":{"line":54,"column":null}},"type":"binary-expr","locations":[{"start":{"line":54,"column":14},"end":{"line":54,"column":64}},{"start":{"line":54,"column":64},"end":{"line":54,"column":null}}],"line":54},"1":{"loc":{"start":{"line":55,"column":2},"end":{"line":55,"column":null}},"type":"if","locations":[{"start":{"line":55,"column":2},"end":{"line":55,"column":null}},{"start":{},"end":{}}],"line":55},"2":{"loc":{"start":{"line":56,"column":2},"end":{"line":56,"column":null}},"type":"if","locations":[{"start":{"line":56,"column":2},"end":{"line":56,"column":null}},{"start":{},"end":{}}],"line":56},"3":{"loc":{"start":{"line":57,"column":2},"end":{"line":57,"column":null}},"type":"if","locations":[{"start":{"line":57,"column":2},"end":{"line":57,"column":null}},{"start":{},"end":{}}],"line":57},"4":{"loc":{"start":{"line":62,"column":2},"end":{"line":62,"column":null}},"type":"if","locations":[{"start":{"line":62,"column":2},"end":{"line":62,"column":null}},{"start":{},"end":{}}],"line":62},"5":{"loc":{"start":{"line":62,"column":6},"end":{"line":62,"column":56}},"type":"binary-expr","locations":[{"start":{"line":62,"column":6},"end":{"line":62,"column":27}},{"start":{"line":62,"column":27},"end":{"line":62,"column":56}}],"line":62},"6":{"loc":{"start":{"line":3,"column":15},"end":{"line":30,"column":97}},"type":"cond-expr","locations":[{"start":{"line":3,"column":23},"end":{"line":11,"column":28}},{"start":{"line":11,"column":20},"end":{"line":30,"column":97}}],"line":3},"7":{"loc":{"start":{"line":4,"column":17},"end":{"line":9,"column":48}},"type":"cond-expr","locations":[{"start":{"line":4,"column":17},"end":{"line":8,"column":38}},{"start":{"line":8,"column":25},"end":{"line":9,"column":48}}],"line":4},"8":{"loc":{"start":{"line":6,"column":87},"end":{"line":6,"column":99}},"type":"binary-expr","locations":[{"start":{"line":6,"column":87},"end":{"line":6,"column":99}},{"start":{"line":6,"column":87},"end":{"line":6,"column":99}}],"line":6},"9":{"loc":{"start":{"line":8,"column":25},"end":{"line":9,"column":48}},"type":"cond-expr","locations":[{"start":{"line":8,"column":25},"end":{"line":8,"column":96}},{"start":{"line":8,"column":90},"end":{"line":9,"column":48}}],"line":8},"10":{"loc":{"start":{"line":11,"column":20},"end":{"line":30,"column":97}},"type":"cond-expr","locations":[{"start":{"line":11,"column":28},"end":{"line":22,"column":28}},{"start":{"line":22,"column":20},"end":{"line":30,"column":97}}],"line":11},"11":{"loc":{"start":{"line":12,"column":17},"end":{"line":19,"column":99}},"type":"cond-expr","locations":[{"start":{"line":12,"column":17},"end":{"line":16,"column":43}},{"start":{"line":16,"column":25},"end":{"line":19,"column":99}}],"line":12},"12":{"loc":{"start":{"line":14,"column":87},"end":{"line":14,"column":99}},"type":"binary-expr","locations":[{"start":{"line":14,"column":87},"end":{"line":14,"column":99}},{"start":{"line":14,"column":87},"end":{"line":14,"column":99}}],"line":14},"13":{"loc":{"start":{"line":16,"column":25},"end":{"line":19,"column":99}},"type":"cond-expr","locations":[{"start":{"line":16,"column":25},"end":{"line":16,"column":106}},{"start":{"line":16,"column":100},"end":{"line":19,"column":99}}],"line":16},"14":{"loc":{"start":{"line":19,"column":87},"end":{"line":19,"column":99}},"type":"binary-expr","locations":[{"start":{"line":19,"column":87},"end":{"line":19,"column":99}},{"start":{"line":19,"column":87},"end":{"line":19,"column":99}}],"line":19},"15":{"loc":{"start":{"line":22,"column":20},"end":{"line":30,"column":97}},"type":"cond-expr","locations":[{"start":{"line":22,"column":28},"end":{"line":28,"column":16}},{"start":{"line":28,"column":4},"end":{"line":30,"column":97}}],"line":22},"16":{"loc":{"start":{"line":23,"column":22},"end":{"line":26,"column":46}},"type":"cond-expr","locations":[{"start":{"line":23,"column":22},"end":{"line":26,"column":23}},{"start":{"line":26,"column":6},"end":{"line":26,"column":46}}],"line":23},"17":{"loc":{"start":{"line":24,"column":75},"end":{"line":24,"column":69}},"type":"binary-expr","locations":[{"start":{"line":24,"column":75},"end":{"line":24,"column":null}},{"start":{"line":24,"column":75},"end":{"line":24,"column":69}}],"line":24},"18":{"loc":{"start":{"line":30,"column":85},"end":{"line":30,"column":97}},"type":"binary-expr","locations":[{"start":{"line":30,"column":85},"end":{"line":30,"column":97}},{"start":{"line":30,"column":85},"end":{"line":30,"column":97}}],"line":30}},"s":{"0":16,"1":16,"2":16,"3":10,"4":16,"5":16,"6":16,"7":4,"8":12,"9":12,"10":6,"11":3,"12":3,"13":16,"14":7,"15":5,"16":2,"17":16,"18":2,"19":1,"20":16,"21":0,"22":0,"23":4,"24":1,"25":3},"f":{"0":10,"1":16,"2":7,"3":2,"4":0,"5":0,"6":4,"7":1,"8":3},"b":{"0":[16,0],"1":[4,12],"2":[6,6],"3":[3,3],"4":[5,2],"5":[7,3],"6":[4,12],"7":[0,4],"8":[0,0],"9":[2,2],"10":[6,6],"11":[0,6],"12":[0,0],"13":[2,4],"14":[4,4],"15":[3,3],"16":[1,2],"17":[1,1],"18":[3,3]},"meta":{"lastBranch":0,"lastFunction":0,"lastStatement":0,"seen":{}}}
,"/Users/jiashenglin/Desktop/好玩的项目/noidear/client/src/components/training/ExamResult.vue": {"path":"/Users/jiashenglin/Desktop/好玩的项目/noidear/client/src/components/training/ExamResult.vue","statementMap":{"0":{"start":{"line":53,"column":13},"end":{"line":53,"column":null}},"1":{"start":{"line":55,"column":20},"end":{"line":57,"column":null}},"2":{"start":{"line":56,"column":2},"end":{"line":56,"column":null}},"3":{"start":{"line":59,"column":19},"end":{"line":61,"column":null}},"4":{"start":{"line":60,"column":2},"end":{"line":60,"column":null}},"5":{"start":{"line":2,"column":7},"end":{"line":2,"column":null}},"6":{"start":{"line":8,"column":13},"end":{"line":8,"column":null}},"7":{"start":{"line":9,"column":15},"end":{"line":9,"column":null}},"8":{"start":{"line":15,"column":15},"end":{"line":15,"column":null}},"9":{"start":{"line":2,"column":2},"end":{"line":34,"column":53}},"10":{"start":{"line":24,"column":14},"end":{"line":21,"column":null}},"11":{"start":{"line":33,"column":20},"end":{"line":34,"column":53}},"12":{"start":{"line":33,"column":8},"end":{"line":33,"column":20}},"13":{"start":{"line":34,"column":41},"end":{"line":34,"column":53}}},"fnMap":{"0":{"name":"(anonymous_0)","decl":{"start":{"line":55,"column":20},"end":{"line":55,"column":26}},"loc":{"start":{"line":55,"column":26},"end":{"line":57,"column":null}},"line":55},"1":{"name":"(anonymous_1)","decl":{"start":{"line":59,"column":19},"end":{"line":59,"column":25}},"loc":{"start":{"line":59,"column":25},"end":{"line":61,"column":null}},"line":59},"2":{"name":"(anonymous_2)","decl":{"start":{"line":8,"column":8},"end":{"line":8,"column":13}},"loc":{"start":{"line":24,"column":14},"end":{"line":21,"column":null}},"line":24},"3":{"name":"(anonymous_3)","decl":{"start":{"line":27,"column":8},"end":{"line":27,"column":null}},"loc":{"start":{"line":33,"column":20},"end":{"line":34,"column":53}},"line":33},"4":{"name":"(anonymous_4)","decl":{"start":{"line":31,"column":9},"end":{"line":31,"column":null}},"loc":{"start":{"line":33,"column":8},"end":{"line":33,"column":20}},"line":33},"5":{"name":"(anonymous_5)","decl":{"start":{"line":34,"column":39},"end":{"line":34,"column":41}},"loc":{"start":{"line":34,"column":41},"end":{"line":34,"column":53}},"line":34}},"branchMap":{"0":{"loc":{"start":{"line":4,"column":13},"end":{"line":4,"column":null}},"type":"cond-expr","locations":[{"start":{"line":4,"column":26},"end":{"line":4,"column":null}},{"start":{"line":4,"column":26},"end":{"line":4,"column":null}}],"line":4},"1":{"loc":{"start":{"line":5,"column":14},"end":{"line":5,"column":null}},"type":"cond-expr","locations":[{"start":{"line":5,"column":27},"end":{"line":5,"column":null}},{"start":{"line":5,"column":27},"end":{"line":5,"column":null}}],"line":5},"2":{"loc":{"start":{"line":14,"column":16},"end":{"line":10,"column":50}},"type":"binary-expr","locations":[{"start":{"line":14,"column":16},"end":{"line":14,"column":null}},{"start":{"line":14,"column":16},"end":{"line":10,"column":50}}],"line":14},"3":{"loc":{"start":{"line":21,"column":37},"end":{"line":21,"column":null}},"type":"cond-expr","locations":[{"start":{"line":21,"column":61},"end":{"line":21,"column":null}},{"start":{"line":21,"column":61},"end":{"line":21,"column":null}}],"line":21},"4":{"loc":{"start":{"line":33,"column":20},"end":{"line":33,"column":20}},"type":"cond-expr","locations":[{"start":{"line":28,"column":58},"end":{"line":33,"column":20}}],"line":33},"5":{"loc":{"start":{"line":33,"column":20},"end":{"line":28,"column":null}},"type":"binary-expr","locations":[{"start":{"line":33,"column":20},"end":{"line":28,"column":34}},{"start":{"line":28,"column":34},"end":{"line":28,"column":null}}],"line":33},"6":{"loc":{"start":{"line":33,"column":8},"end":{"line":33,"column":20}},"type":"binary-expr","locations":[{"start":{"line":33,"column":8},"end":{"line":33,"column":20}},{"start":{"line":33,"column":8},"end":{"line":33,"column":20}}],"line":33},"7":{"loc":{"start":{"line":34,"column":41},"end":{"line":34,"column":53}},"type":"binary-expr","locations":[{"start":{"line":34,"column":41},"end":{"line":34,"column":53}},{"start":{"line":34,"column":41},"end":{"line":34,"column":53}}],"line":34}},"s":{"0":3,"1":3,"2":1,"3":3,"4":1,"5":2,"6":2,"7":2,"8":2,"9":3,"10":3,"11":3,"12":0,"13":0},"f":{"0":1,"1":1,"2":3,"3":3,"4":0,"5":0},"b":{"0":[3,0],"1":[3,0],"2":[3,3],"3":[3,0],"4":[0,null],"5":[3,0],"6":[0,0],"7":[0,0]},"meta":{"lastBranch":0,"lastFunction":0,"lastStatement":0,"seen":{}}}
,"/Users/jiashenglin/Desktop/好玩的项目/noidear/client/src/views/RecycleBin.vue": {"path":"/Users/jiashenglin/Desktop/好玩的项目/noidear/client/src/views/RecycleBin.vue","statementMap":{"0":{"start":{"line":99,"column":6},"end":{"line":99,"column":null}},"1":{"start":{"line":101,"column":6},"end":{"line":101,"column":null}},"2":{"start":{"line":102,"column":6},"end":{"line":102,"column":null}},"3":{"start":{"line":103,"column":6},"end":{"line":103,"column":null}},"4":{"start":{"line":104,"column":6},"end":{"line":104,"column":null}},"5":{"start":{"line":105,"column":6},"end":{"line":109,"column":null}},"6":{"start":{"line":111,"column":0},"end":{"line":113,"column":null}},"7":{"start":{"line":112,"column":2},"end":{"line":112,"column":null}},"8":{"start":{"line":115,"column":18},"end":{"line":128,"column":null}},"9":{"start":{"line":116,"column":2},"end":{"line":127,"column":null}},"10":{"start":{"line":117,"column":28},"end":{"line":122,"column":null}},"11":{"start":{"line":123,"column":4},"end":{"line":123,"column":null}},"12":{"start":{"line":124,"column":4},"end":{"line":124,"column":null}},"13":{"start":{"line":126,"column":4},"end":{"line":126,"column":null}},"14":{"start":{"line":130,"column":22},"end":{"line":143,"column":null}},"15":{"start":{"line":131,"column":2},"end":{"line":142,"column":null}},"16":{"start":{"line":132,"column":4},"end":{"line":134,"column":null}},"17":{"start":{"line":135,"column":4},"end":{"line":135,"column":null}},"18":{"start":{"line":136,"column":4},"end":{"line":136,"column":null}},"19":{"start":{"line":137,"column":4},"end":{"line":137,"column":null}},"20":{"start":{"line":139,"column":4},"end":{"line":141,"column":null}},"21":{"start":{"line":140,"column":6},"end":{"line":140,"column":null}},"22":{"start":{"line":145,"column":30},"end":{"line":160,"column":null}},"23":{"start":{"line":146,"column":2},"end":{"line":159,"column":null}},"24":{"start":{"line":147,"column":4},"end":{"line":151,"column":null}},"25":{"start":{"line":152,"column":4},"end":{"line":152,"column":null}},"26":{"start":{"line":153,"column":4},"end":{"line":153,"column":null}},"27":{"start":{"line":154,"column":4},"end":{"line":154,"column":null}},"28":{"start":{"line":156,"column":4},"end":{"line":158,"column":null}},"29":{"start":{"line":157,"column":6},"end":{"line":157,"column":null}},"30":{"start":{"line":162,"column":27},"end":{"line":176,"column":null}},"31":{"start":{"line":163,"column":2},"end":{"line":175,"column":null}},"32":{"start":{"line":164,"column":4},"end":{"line":166,"column":null}},"33":{"start":{"line":167,"column":4},"end":{"line":167,"column":null}},"34":{"start":{"line":168,"column":4},"end":{"line":168,"column":null}},"35":{"start":{"line":169,"column":4},"end":{"line":169,"column":null}},"36":{"start":{"line":170,"column":4},"end":{"line":170,"column":null}},"37":{"start":{"line":172,"column":4},"end":{"line":174,"column":null}},"38":{"start":{"line":173,"column":6},"end":{"line":173,"column":null}},"39":{"start":{"line":178,"column":26},"end":{"line":194,"column":null}},"40":{"start":{"line":179,"column":2},"end":{"line":193,"column":null}},"41":{"start":{"line":180,"column":4},"end":{"line":184,"column":null}},"42":{"start":{"line":185,"column":4},"end":{"line":185,"column":null}},"43":{"start":{"line":186,"column":4},"end":{"line":186,"column":null}},"44":{"start":{"line":187,"column":4},"end":{"line":187,"column":null}},"45":{"start":{"line":188,"column":4},"end":{"line":188,"column":null}},"46":{"start":{"line":190,"column":4},"end":{"line":192,"column":null}},"47":{"start":{"line":191,"column":6},"end":{"line":191,"column":null}},"48":{"start":{"line":196,"column":30},"end":{"line":198,"column":null}},"49":{"start":{"line":197,"column":2},"end":{"line":197,"column":null}},"50":{"start":{"line":197,"column":44},"end":{"line":197,"column":51}},"51":{"start":{"line":200,"column":21},"end":{"line":205,"column":null}},"52":{"start":{"line":201,"column":2},"end":{"line":204,"column":null}},"53":{"start":{"line":202,"column":4},"end":{"line":202,"column":null}},"54":{"start":{"line":203,"column":4},"end":{"line":203,"column":null}},"55":{"start":{"line":207,"column":19},"end":{"line":210,"column":null}},"56":{"start":{"line":208,"column":2},"end":{"line":208,"column":null}},"57":{"start":{"line":208,"column":13},"end":{"line":208,"column":null}},"58":{"start":{"line":209,"column":2},"end":{"line":209,"column":null}},"59":{"start":{"line":212,"column":20},"end":{"line":215,"column":null}},"60":{"start":{"line":213,"column":2},"end":{"line":213,"column":null}},"61":{"start":{"line":213,"column":32},"end":{"line":213,"column":null}},"62":{"start":{"line":214,"column":2},"end":{"line":214,"column":null}},"63":{"start":{"line":217,"column":23},"end":{"line":220,"column":null}},"64":{"start":{"line":218,"column":15},"end":{"line":218,"column":null}},"65":{"start":{"line":219,"column":2},"end":{"line":219,"column":null}},"66":{"start":{"line":2,"column":7},"end":{"line":2,"column":null}},"67":{"start":{"line":4,"column":7},"end":{"line":4,"column":null}},"68":{"start":{"line":15,"column":9},"end":{"line":15,"column":null}},"69":{"start":{"line":52,"column":17},"end":{"line":52,"column":40}},"70":{"start":{"line":2,"column":2},"end":{"line":88,"column":null}},"71":{"start":{"line":9,"column":22},"end":{"line":9,"column":35}},"72":{"start":{"line":10,"column":60},"end":{"line":12,"column":56}},"73":{"start":{"line":17,"column":17},"end":{"line":17,"column":null}},"74":{"start":{"line":28,"column":6},"end":{"line":28,"column":18}},"75":{"start":{"line":36,"column":6},"end":{"line":36,"column":18}},"76":{"start":{"line":44,"column":68},"end":{"line":44,"column":68}},"77":{"start":{"line":46,"column":53},"end":{"line":79,"column":22}},"78":{"start":{"line":50,"column":33},"end":{"line":55,"column":50}},"79":{"start":{"line":59,"column":33},"end":{"line":60,"column":41}},"80":{"start":{"line":64,"column":33},"end":{"line":79,"column":22}},"81":{"start":{"line":68,"column":20},"end":{"line":68,"column":null}},"82":{"start":{"line":71,"column":10},"end":{"line":71,"column":22}},"83":{"start":{"line":76,"column":20},"end":{"line":76,"column":null}},"84":{"start":{"line":79,"column":10},"end":{"line":79,"column":22}},"85":{"start":{"line":85,"column":28},"end":{"line":85,"column":null}},"86":{"start":{"line":86,"column":25},"end":{"line":86,"column":null}}},"fnMap":{"0":{"name":"(anonymous_0)","decl":{"start":{"line":111,"column":10},"end":{"line":111,"column":16}},"loc":{"start":{"line":111,"column":16},"end":{"line":113,"column":1}},"line":111},"1":{"name":"(anonymous_1)","decl":{"start":{"line":115,"column":18},"end":{"line":115,"column":30}},"loc":{"start":{"line":115,"column":30},"end":{"line":128,"column":null}},"line":115},"2":{"name":"(anonymous_2)","decl":{"start":{"line":130,"column":22},"end":{"line":130,"column":29}},"loc":{"start":{"line":130,"column":44},"end":{"line":143,"column":null}},"line":130},"3":{"name":"(anonymous_3)","decl":{"start":{"line":145,"column":30},"end":{"line":145,"column":37}},"loc":{"start":{"line":145,"column":52},"end":{"line":160,"column":null}},"line":145},"4":{"name":"(anonymous_4)","decl":{"start":{"line":162,"column":27},"end":{"line":162,"column":39}},"loc":{"start":{"line":162,"column":39},"end":{"line":176,"column":null}},"line":162},"5":{"name":"(anonymous_5)","decl":{"start":{"line":178,"column":26},"end":{"line":178,"column":38}},"loc":{"start":{"line":178,"column":38},"end":{"line":194,"column":null}},"line":178},"6":{"name":"(anonymous_6)","decl":{"start":{"line":196,"column":30},"end":{"line":196,"column":31}},"loc":{"start":{"line":196,"column":52},"end":{"line":198,"column":null}},"line":196},"7":{"name":"(anonymous_7)","decl":{"start":{"line":197,"column":36},"end":{"line":197,"column":44}},"loc":{"start":{"line":197,"column":44},"end":{"line":197,"column":51}},"line":197},"8":{"name":"(anonymous_8)","decl":{"start":{"line":200,"column":21},"end":{"line":200,"column":27}},"loc":{"start":{"line":200,"column":27},"end":{"line":205,"column":null}},"line":200},"9":{"name":"(anonymous_9)","decl":{"start":{"line":201,"column":13},"end":{"line":201,"column":19}},"loc":{"start":{"line":201,"column":19},"end":{"line":204,"column":5}},"line":201},"10":{"name":"(anonymous_10)","decl":{"start":{"line":207,"column":19},"end":{"line":207,"column":20}},"loc":{"start":{"line":207,"column":45},"end":{"line":210,"column":null}},"line":207},"11":{"name":"(anonymous_11)","decl":{"start":{"line":212,"column":20},"end":{"line":212,"column":21}},"loc":{"start":{"line":212,"column":43},"end":{"line":215,"column":null}},"line":212},"12":{"name":"(anonymous_12)","decl":{"start":{"line":217,"column":23},"end":{"line":217,"column":24}},"loc":{"start":{"line":217,"column":46},"end":{"line":220,"column":null}},"line":217},"13":{"name":"(anonymous_13)","decl":{"start":{"line":9,"column":22},"end":{"line":9,"column":32}},"loc":{"start":{"line":9,"column":22},"end":{"line":9,"column":35}},"line":9},"14":{"name":"(anonymous_14)","decl":{"start":{"line":10,"column":6},"end":{"line":10,"column":19}},"loc":{"start":{"line":10,"column":60},"end":{"line":12,"column":56}},"line":10},"15":{"name":"(anonymous_15)","decl":{"start":{"line":17,"column":17},"end":{"line":17,"column":30}},"loc":{"start":{"line":17,"column":17},"end":{"line":17,"column":null}},"line":17},"16":{"name":"(anonymous_16)","decl":{"start":{"line":26,"column":7},"end":{"line":26,"column":null}},"loc":{"start":{"line":28,"column":6},"end":{"line":28,"column":18}},"line":28},"17":{"name":"(anonymous_17)","decl":{"start":{"line":34,"column":7},"end":{"line":34,"column":null}},"loc":{"start":{"line":36,"column":6},"end":{"line":36,"column":18}},"line":36},"18":{"name":"(anonymous_18)","decl":{"start":{"line":44,"column":8},"end":{"line":44,"column":17}},"loc":{"start":{"line":44,"column":68},"end":{"line":44,"column":68}},"line":44},"19":{"name":"(anonymous_19)","decl":{"start":{"line":46,"column":6},"end":{"line":46,"column":23}},"loc":{"start":{"line":46,"column":53},"end":{"line":79,"column":22}},"line":46},"20":{"name":"(anonymous_20)","decl":{"start":{"line":51,"column":10},"end":{"line":51,"column":21}},"loc":{"start":{"line":50,"column":33},"end":{"line":55,"column":50}},"line":50},"21":{"name":"(anonymous_21)","decl":{"start":{"line":60,"column":10},"end":{"line":60,"column":13}},"loc":{"start":{"line":59,"column":33},"end":{"line":60,"column":41}},"line":59},"22":{"name":"(anonymous_22)","decl":{"start":{"line":65,"column":10},"end":{"line":65,"column":null}},"loc":{"start":{"line":64,"column":33},"end":{"line":79,"column":22}},"line":64},"23":{"name":"(anonymous_23)","decl":{"start":{"line":68,"column":18},"end":{"line":68,"column":20}},"loc":{"start":{"line":68,"column":20},"end":{"line":68,"column":null}},"line":68},"24":{"name":"(anonymous_24)","decl":{"start":{"line":69,"column":11},"end":{"line":69,"column":null}},"loc":{"start":{"line":71,"column":10},"end":{"line":71,"column":22}},"line":71},"25":{"name":"(anonymous_25)","decl":{"start":{"line":76,"column":18},"end":{"line":76,"column":20}},"loc":{"start":{"line":76,"column":20},"end":{"line":76,"column":null}},"line":76},"26":{"name":"(anonymous_26)","decl":{"start":{"line":77,"column":11},"end":{"line":77,"column":null}},"loc":{"start":{"line":79,"column":10},"end":{"line":79,"column":22}},"line":79},"27":{"name":"(anonymous_27)","decl":{"start":{"line":85,"column":39},"end":{"line":85,"column":43}},"loc":{"start":{"line":85,"column":28},"end":{"line":85,"column":null}},"line":85},"28":{"name":"(anonymous_28)","decl":{"start":{"line":86,"column":36},"end":{"line":86,"column":41}},"loc":{"start":{"line":86,"column":25},"end":{"line":86,"column":null}},"line":86}},"branchMap":{"0":{"loc":{"start":{"line":126,"column":20},"end":{"line":126,"column":61}},"type":"binary-expr","locations":[{"start":{"line":126,"column":20},"end":{"line":126,"column":53}},{"start":{"line":126,"column":53},"end":{"line":126,"column":61}}],"line":126},"1":{"loc":{"start":{"line":139,"column":4},"end":{"line":141,"column":null}},"type":"if","locations":[{"start":{"line":139,"column":4},"end":{"line":141,"column":null}},{"start":{},"end":{}}],"line":139},"2":{"loc":{"start":{"line":140,"column":22},"end":{"line":140,"column":61}},"type":"binary-expr","locations":[{"start":{"line":140,"column":22},"end":{"line":140,"column":55}},{"start":{"line":140,"column":55},"end":{"line":140,"column":61}}],"line":140},"3":{"loc":{"start":{"line":156,"column":4},"end":{"line":158,"column":null}},"type":"if","locations":[{"start":{"line":156,"column":4},"end":{"line":158,"column":null}},{"start":{},"end":{}}],"line":156},"4":{"loc":{"start":{"line":157,"column":22},"end":{"line":157,"column":61}},"type":"binary-expr","locations":[{"start":{"line":157,"column":22},"end":{"line":157,"column":55}},{"start":{"line":157,"column":55},"end":{"line":157,"column":61}}],"line":157},"5":{"loc":{"start":{"line":172,"column":4},"end":{"line":174,"column":null}},"type":"if","locations":[{"start":{"line":172,"column":4},"end":{"line":174,"column":null}},{"start":{},"end":{}}],"line":172},"6":{"loc":{"start":{"line":173,"column":22},"end":{"line":173,"column":63}},"type":"binary-expr","locations":[{"start":{"line":173,"column":22},"end":{"line":173,"column":55}},{"start":{"line":173,"column":55},"end":{"line":173,"column":63}}],"line":173},"7":{"loc":{"start":{"line":190,"column":4},"end":{"line":192,"column":null}},"type":"if","locations":[{"start":{"line":190,"column":4},"end":{"line":192,"column":null}},{"start":{},"end":{}}],"line":190},"8":{"loc":{"start":{"line":191,"column":22},"end":{"line":191,"column":63}},"type":"binary-expr","locations":[{"start":{"line":191,"column":22},"end":{"line":191,"column":55}},{"start":{"line":191,"column":55},"end":{"line":191,"column":63}}],"line":191},"9":{"loc":{"start":{"line":208,"column":2},"end":{"line":208,"column":null}},"type":"if","locations":[{"start":{"line":208,"column":2},"end":{"line":208,"column":null}},{"start":{},"end":{}}],"line":208},"10":{"loc":{"start":{"line":213,"column":2},"end":{"line":213,"column":null}},"type":"if","locations":[{"start":{"line":213,"column":2},"end":{"line":213,"column":null}},{"start":{},"end":{}}],"line":213},"11":{"loc":{"start":{"line":214,"column":9},"end":{"line":214,"column":null}},"type":"binary-expr","locations":[{"start":{"line":214,"column":9},"end":{"line":214,"column":23}},{"start":{"line":214,"column":23},"end":{"line":214,"column":41}},{"start":{"line":214,"column":41},"end":{"line":214,"column":null}}],"line":214},"12":{"loc":{"start":{"line":219,"column":9},"end":{"line":219,"column":null}},"type":"binary-expr","locations":[{"start":{"line":219,"column":9},"end":{"line":219,"column":27}},{"start":{"line":219,"column":27},"end":{"line":219,"column":null}}],"line":219},"13":{"loc":{"start":{"line":90,"column":8},"end":{"line":3,"column":16}},"type":"binary-expr","locations":[{"start":{"line":90,"column":8},"end":{"line":90,"column":null}},{"start":{"line":90,"column":8},"end":{"line":3,"column":16}}],"line":90},"14":{"loc":{"start":{"line":5,"column":18},"end":{"line":6,"column":42}},"type":"cond-expr","locations":[{"start":{"line":5,"column":28},"end":{"line":5,"column":68}},{"start":{"line":5,"column":61},"end":{"line":6,"column":42}}],"line":5},"15":{"loc":{"start":{"line":9,"column":22},"end":{"line":9,"column":35}},"type":"binary-expr","locations":[{"start":{"line":9,"column":22},"end":{"line":9,"column":32}},{"start":{"line":9,"column":22},"end":{"line":9,"column":35}}],"line":9},"16":{"loc":{"start":{"line":17,"column":17},"end":{"line":17,"column":null}},"type":"binary-expr","locations":[{"start":{"line":17,"column":17},"end":{"line":17,"column":30}},{"start":{"line":17,"column":17},"end":{"line":17,"column":null}}],"line":17},"17":{"loc":{"start":{"line":23,"column":14},"end":{"line":28,"column":18}},"type":"cond-expr","locations":[{"start":{"line":23,"column":24},"end":{"line":28,"column":18}}],"line":23},"18":{"loc":{"start":{"line":28,"column":6},"end":{"line":28,"column":18}},"type":"binary-expr","locations":[{"start":{"line":28,"column":6},"end":{"line":28,"column":18}},{"start":{"line":28,"column":6},"end":{"line":28,"column":18}}],"line":28},"19":{"loc":{"start":{"line":30,"column":14},"end":{"line":36,"column":18}},"type":"cond-expr","locations":[{"start":{"line":30,"column":24},"end":{"line":36,"column":18}}],"line":30},"20":{"loc":{"start":{"line":36,"column":6},"end":{"line":36,"column":18}},"type":"binary-expr","locations":[{"start":{"line":36,"column":6},"end":{"line":36,"column":18}},{"start":{"line":36,"column":6},"end":{"line":36,"column":18}}],"line":36},"21":{"loc":{"start":{"line":44,"column":17},"end":{"line":44,"column":68}},"type":"cond-expr","locations":[{"start":{"line":44,"column":34},"end":{"line":44,"column":68}},{"start":{"line":44,"column":34},"end":{"line":44,"column":68}}],"line":44},"22":{"loc":{"start":{"line":51,"column":21},"end":{"line":55,"column":50}},"type":"cond-expr","locations":[{"start":{"line":51,"column":25},"end":{"line":53,"column":57}},{"start":{"line":53,"column":46},"end":{"line":55,"column":50}}],"line":51},"23":{"loc":{"start":{"line":66,"column":18},"end":{"line":71,"column":22}},"type":"cond-expr","locations":[{"start":{"line":66,"column":28},"end":{"line":71,"column":22}}],"line":66},"24":{"loc":{"start":{"line":71,"column":10},"end":{"line":71,"column":22}},"type":"binary-expr","locations":[{"start":{"line":71,"column":10},"end":{"line":71,"column":22}},{"start":{"line":71,"column":10},"end":{"line":71,"column":22}}],"line":71},"25":{"loc":{"start":{"line":73,"column":18},"end":{"line":79,"column":22}},"type":"cond-expr","locations":[{"start":{"line":73,"column":28},"end":{"line":79,"column":22}}],"line":73},"26":{"loc":{"start":{"line":79,"column":10},"end":{"line":79,"column":22}},"type":"binary-expr","locations":[{"start":{"line":79,"column":10},"end":{"line":79,"column":22}},{"start":{"line":79,"column":10},"end":{"line":79,"column":22}}],"line":79},"27":{"loc":{"start":{"line":85,"column":39},"end":{"line":85,"column":null}},"type":"binary-expr","locations":[{"start":{"line":85,"column":39},"end":{"line":85,"column":43}},{"start":{"line":85,"column":39},"end":{"line":85,"column":null}}],"line":85},"28":{"loc":{"start":{"line":86,"column":36},"end":{"line":86,"column":null}},"type":"binary-expr","locations":[{"start":{"line":86,"column":36},"end":{"line":86,"column":41}},{"start":{"line":86,"column":36},"end":{"line":86,"column":null}}],"line":86}},"s":{"0":16,"1":16,"2":16,"3":16,"4":16,"5":16,"6":16,"7":16,"8":16,"9":23,"10":23,"11":22,"12":22,"13":1,"14":16,"15":4,"16":4,"17":3,"18":2,"19":2,"20":2,"21":1,"22":16,"23":4,"24":4,"25":3,"26":2,"27":2,"28":2,"29":1,"30":16,"31":0,"32":0,"33":0,"34":0,"35":0,"36":0,"37":0,"38":0,"39":16,"40":0,"41":0,"42":0,"43":0,"44":0,"45":0,"46":0,"47":0,"48":16,"49":1,"50":2,"51":16,"52":1,"53":1,"54":1,"55":16,"56":0,"57":0,"58":0,"59":16,"60":0,"61":0,"62":0,"63":16,"64":0,"65":0,"66":1,"67":1,"68":1,"69":1,"70":35,"71":0,"72":18,"73":0,"74":17,"75":17,"76":0,"77":31,"78":0,"79":0,"80":0,"81":0,"82":0,"83":0,"84":0,"85":0,"86":0},"f":{"0":16,"1":23,"2":4,"3":4,"4":0,"5":0,"6":1,"7":2,"8":1,"9":1,"10":0,"11":0,"12":0,"13":0,"14":18,"15":0,"16":17,"17":17,"18":0,"19":31,"20":0,"21":0,"22":0,"23":0,"24":0,"25":0,"26":0,"27":0,"28":0},"b":{"0":[1,0],"1":[1,1],"2":[1,0],"3":[1,1],"4":[1,0],"5":[0,0],"6":[0,0],"7":[0,0],"8":[0,0],"9":[0,0],"10":[0,0],"11":[0,0,0],"12":[0,0],"13":[35,16],"14":[35,0],"15":[35,16],"16":[35,16],"17":[35,null],"18":[17,16],"19":[35,null],"20":[17,16],"21":[0,0],"22":[0,0],"23":[0,null],"24":[0,0],"25":[0,null],"26":[0,0],"27":[35,16],"28":[35,16]},"meta":{"lastBranch":29,"lastFunction":29,"lastStatement":87,"seen":{"s:99:6:99:Infinity":0,"s:101:6:101:Infinity":1,"s:102:6:102:Infinity":2,"s:103:6:103:Infinity":3,"s:104:6:104:Infinity":4,"s:105:6:109:Infinity":5,"s:111:0:113:Infinity":6,"f:111:10:111:16":0,"s:112:2:112:Infinity":7,"s:115:18:128:Infinity":8,"f:115:18:115:30":1,"s:116:2:127:Infinity":9,"s:117:28:122:Infinity":10,"s:123:4:123:Infinity":11,"s:124:4:124:Infinity":12,"s:126:4:126:Infinity":13,"b:126:20:126:53:126:53:126:61":0,"s:130:22:143:Infinity":14,"f:130:22:130:29":2,"s:131:2:142:Infinity":15,"s:132:4:134:Infinity":16,"s:135:4:135:Infinity":17,"s:136:4:136:Infinity":18,"s:137:4:137:Infinity":19,"b:139:4:141:Infinity:undefined:undefined:undefined:undefined":1,"s:139:4:141:Infinity":20,"s:140:6:140:Infinity":21,"b:140:22:140:55:140:55:140:61":2,"s:145:30:160:Infinity":22,"f:145:30:145:37":3,"s:146:2:159:Infinity":23,"s:147:4:151:Infinity":24,"s:152:4:152:Infinity":25,"s:153:4:153:Infinity":26,"s:154:4:154:Infinity":27,"b:156:4:158:Infinity:undefined:undefined:undefined:undefined":3,"s:156:4:158:Infinity":28,"s:157:6:157:Infinity":29,"b:157:22:157:55:157:55:157:61":4,"s:162:27:176:Infinity":30,"f:162:27:162:39":4,"s:163:2:175:Infinity":31,"s:164:4:166:Infinity":32,"s:167:4:167:Infinity":33,"s:168:4:168:Infinity":34,"s:169:4:169:Infinity":35,"s:170:4:170:Infinity":36,"b:172:4:174:Infinity:undefined:undefined:undefined:undefined":5,"s:172:4:174:Infinity":37,"s:173:6:173:Infinity":38,"b:173:22:173:55:173:55:173:63":6,"s:178:26:194:Infinity":39,"f:178:26:178:38":5,"s:179:2:193:Infinity":40,"s:180:4:184:Infinity":41,"s:185:4:185:Infinity":42,"s:186:4:186:Infinity":43,"s:187:4:187:Infinity":44,"s:188:4:188:Infinity":45,"b:190:4:192:Infinity:undefined:undefined:undefined:undefined":7,"s:190:4:192:Infinity":46,"s:191:6:191:Infinity":47,"b:191:22:191:55:191:55:191:63":8,"s:196:30:198:Infinity":48,"f:196:30:196:31":6,"s:197:2:197:Infinity":49,"f:197:36:197:44":7,"s:197:44:197:51":50,"s:200:21:205:Infinity":51,"f:200:21:200:27":8,"s:201:2:204:Infinity":52,"f:201:13:201:19":9,"s:202:4:202:Infinity":53,"s:203:4:203:Infinity":54,"s:207:19:210:Infinity":55,"f:207:19:207:20":10,"b:208:2:208:Infinity:undefined:undefined:undefined:undefined":9,"s:208:2:208:Infinity":56,"s:208:13:208:Infinity":57,"s:209:2:209:Infinity":58,"s:212:20:215:Infinity":59,"f:212:20:212:21":11,"b:213:2:213:Infinity:undefined:undefined:undefined:undefined":10,"s:213:2:213:Infinity":60,"s:213:32:213:Infinity":61,"s:214:2:214:Infinity":62,"b:214:9:214:23:214:23:214:41:214:41:214:Infinity":11,"s:217:23:220:Infinity":63,"f:217:23:217:24":12,"s:218:15:218:Infinity":64,"s:219:2:219:Infinity":65,"b:219:9:219:27:219:27:219:Infinity":12,"s:2:7:2:Infinity":66,"s:4:7:4:Infinity":67,"s:15:9:15:Infinity":68,"s:52:17:52:40":69,"s:2:2:88:Infinity":70,"b:90:8:90:Infinity:90:8:3:16":13,"b:5:28:5:68:5:61:6:42":14,"b:9:22:9:32:9:22:9:35":15,"f:9:22:9:32":13,"s:9:22:9:35":71,"f:10:6:10:19":14,"s:10:60:12:56":72,"b:17:17:17:30:17:17:17:Infinity":16,"f:17:17:17:30":15,"s:17:17:17:Infinity":73,"b:23:24:28:18":17,"f:26:7:26:Infinity":16,"s:28:6:28:18":74,"b:28:6:28:18:28:6:28:18":18,"b:30:24:36:18":19,"f:34:7:34:Infinity":17,"s:36:6:36:18":75,"b:36:6:36:18:36:6:36:18":20,"f:44:8:44:17":18,"s:44:68:44:68":76,"b:44:34:44:68:44:34:44:68":21,"f:46:6:46:23":19,"s:46:53:79:22":77,"f:51:10:51:21":20,"s:50:33:55:50":78,"b:51:25:53:57:53:46:55:50":22,"f:60:10:60:13":21,"s:59:33:60:41":79,"f:65:10:65:Infinity":22,"s:64:33:79:22":80,"b:66:28:71:22":23,"f:68:18:68:20":23,"s:68:20:68:Infinity":81,"f:69:11:69:Infinity":24,"s:71:10:71:22":82,"b:71:10:71:22:71:10:71:22":24,"b:73:28:79:22":25,"f:76:18:76:20":25,"s:76:20:76:Infinity":83,"f:77:11:77:Infinity":26,"s:79:10:79:22":84,"b:79:10:79:22:79:10:79:22":26,"b:85:39:85:43:85:39:85:Infinity":27,"f:85:39:85:43":27,"s:85:28:85:Infinity":85,"b:86:36:86:41:86:36:86:Infinity":28,"f:86:36:86:41":28,"s:86:25:86:Infinity":86}}}
,"/Users/jiashenglin/Desktop/好玩的项目/noidear/client/src/views/approvals/ApprovalDetail.vue": {"path":"/Users/jiashenglin/Desktop/好玩的项目/noidear/client/src/views/approvals/ApprovalDetail.vue","statementMap":{"0":{"start":{"line":190,"column":6},"end":{"line":190,"column":null}},"1":{"start":{"line":191,"column":6},"end":{"line":191,"column":null}},"2":{"start":{"line":192,"column":6},"end":{"line":192,"column":null}},"3":{"start":{"line":193,"column":6},"end":{"line":193,"column":null}},"4":{"start":{"line":194,"column":6},"end":{"line":194,"column":null}},"5":{"start":{"line":195,"column":6},"end":{"line":195,"column":null}},"6":{"start":{"line":196,"column":6},"end":{"line":196,"column":null}},"7":{"start":{"line":197,"column":6},"end":{"line":197,"column":null}},"8":{"start":{"line":198,"column":6},"end":{"line":198,"column":null}},"9":{"start":{"line":199,"column":6},"end":{"line":199,"column":null}},"10":{"start":{"line":200,"column":6},"end":{"line":200,"column":null}},"11":{"start":{"line":202,"column":6},"end":{"line":202,"column":null}},"12":{"start":{"line":202,"column":34},"end":{"line":202,"column":59}},"13":{"start":{"line":204,"column":6},"end":{"line":204,"column":null}},"14":{"start":{"line":204,"column":35},"end":{"line":204,"column":79}},"15":{"start":{"line":206,"column":6},"end":{"line":213,"column":null}},"16":{"start":{"line":207,"column":41},"end":{"line":211,"column":null}},"17":{"start":{"line":212,"column":2},"end":{"line":212,"column":null}},"18":{"start":{"line":215,"column":6},"end":{"line":221,"column":null}},"19":{"start":{"line":216,"column":2},"end":{"line":216,"column":null}},"20":{"start":{"line":216,"column":41},"end":{"line":216,"column":null}},"21":{"start":{"line":217,"column":2},"end":{"line":220,"column":null}},"22":{"start":{"line":217,"column":79},"end":{"line":220,"column":4}},"23":{"start":{"line":223,"column":19},"end":{"line":226,"column":null}},"24":{"start":{"line":224,"column":2},"end":{"line":224,"column":null}},"25":{"start":{"line":224,"column":13},"end":{"line":224,"column":null}},"26":{"start":{"line":225,"column":2},"end":{"line":225,"column":null}},"27":{"start":{"line":228,"column":23},"end":{"line":237,"column":null}},"28":{"start":{"line":229,"column":41},"end":{"line":235,"column":null}},"29":{"start":{"line":236,"column":2},"end":{"line":236,"column":null}},"30":{"start":{"line":239,"column":22},"end":{"line":248,"column":null}},"31":{"start":{"line":240,"column":80},"end":{"line":246,"column":null}},"32":{"start":{"line":247,"column":2},"end":{"line":247,"column":null}},"33":{"start":{"line":250,"column":24},"end":{"line":259,"column":null}},"34":{"start":{"line":251,"column":87},"end":{"line":257,"column":null}},"35":{"start":{"line":258,"column":2},"end":{"line":258,"column":null}},"36":{"start":{"line":261,"column":20},"end":{"line":277,"column":null}},"37":{"start":{"line":262,"column":2},"end":{"line":262,"column":null}},"38":{"start":{"line":263,"column":2},"end":{"line":276,"column":null}},"39":{"start":{"line":264,"column":16},"end":{"line":264,"column":null}},"40":{"start":{"line":265,"column":4},"end":{"line":265,"column":null}},"41":{"start":{"line":268,"column":4},"end":{"line":271,"column":null}},"42":{"start":{"line":269,"column":20},"end":{"line":269,"column":null}},"43":{"start":{"line":270,"column":6},"end":{"line":270,"column":null}},"44":{"start":{"line":273,"column":4},"end":{"line":273,"column":null}},"45":{"start":{"line":275,"column":4},"end":{"line":275,"column":null}},"46":{"start":{"line":279,"column":22},"end":{"line":282,"column":null}},"47":{"start":{"line":280,"column":2},"end":{"line":280,"column":null}},"48":{"start":{"line":281,"column":2},"end":{"line":281,"column":null}},"49":{"start":{"line":284,"column":23},"end":{"line":300,"column":null}},"50":{"start":{"line":285,"column":2},"end":{"line":285,"column":null}},"51":{"start":{"line":286,"column":2},"end":{"line":299,"column":null}},"52":{"start":{"line":287,"column":4},"end":{"line":291,"column":null}},"53":{"start":{"line":292,"column":4},"end":{"line":292,"column":null}},"54":{"start":{"line":293,"column":4},"end":{"line":293,"column":null}},"55":{"start":{"line":294,"column":4},"end":{"line":294,"column":null}},"56":{"start":{"line":296,"column":4},"end":{"line":296,"column":null}},"57":{"start":{"line":298,"column":4},"end":{"line":298,"column":null}},"58":{"start":{"line":302,"column":22},"end":{"line":322,"column":null}},"59":{"start":{"line":303,"column":2},"end":{"line":306,"column":null}},"60":{"start":{"line":304,"column":4},"end":{"line":304,"column":null}},"61":{"start":{"line":305,"column":4},"end":{"line":305,"column":null}},"62":{"start":{"line":307,"column":2},"end":{"line":307,"column":null}},"63":{"start":{"line":308,"column":2},"end":{"line":321,"column":null}},"64":{"start":{"line":309,"column":4},"end":{"line":313,"column":null}},"65":{"start":{"line":314,"column":4},"end":{"line":314,"column":null}},"66":{"start":{"line":315,"column":4},"end":{"line":315,"column":null}},"67":{"start":{"line":316,"column":4},"end":{"line":316,"column":null}},"68":{"start":{"line":318,"column":4},"end":{"line":318,"column":null}},"69":{"start":{"line":320,"column":4},"end":{"line":320,"column":null}},"70":{"start":{"line":324,"column":0},"end":{"line":324,"column":null}},"71":{"start":{"line":2,"column":7},"end":{"line":2,"column":null}},"72":{"start":{"line":3,"column":9},"end":{"line":3,"column":null}},"73":{"start":{"line":10,"column":29},"end":{"line":10,"column":null}},"74":{"start":{"line":14,"column":15},"end":{"line":14,"column":null}},"75":{"start":{"line":18,"column":17},"end":{"line":18,"column":null}},"76":{"start":{"line":19,"column":20},"end":{"line":19,"column":38}},"77":{"start":{"line":20,"column":20},"end":{"line":20,"column":38}},"78":{"start":{"line":21,"column":20},"end":{"line":21,"column":38}},"79":{"start":{"line":47,"column":20},"end":{"line":47,"column":46}},"80":{"start":{"line":112,"column":19},"end":{"line":112,"column":null}},"81":{"start":{"line":113,"column":22},"end":{"line":113,"column":51}},"82":{"start":{"line":154,"column":11},"end":{"line":154,"column":null}},"83":{"start":{"line":155,"column":13},"end":{"line":155,"column":null}},"84":{"start":{"line":2,"column":2},"end":{"line":167,"column":14}},"85":{"start":{"line":4,"column":25},"end":{"line":4,"column":40}},"86":{"start":{"line":5,"column":40},"end":{"line":6,"column":18}},"87":{"start":{"line":5,"column":30},"end":{"line":5,"column":40}},"88":{"start":{"line":26,"column":16},"end":{"line":23,"column":null}},"89":{"start":{"line":32,"column":49},"end":{"line":32,"column":49}},"90":{"start":{"line":49,"column":28},"end":{"line":47,"column":80}},"91":{"start":{"line":37,"column":35},"end":{"line":47,"column":80}},"92":{"start":{"line":36,"column":50},"end":{"line":36,"column":50}},"93":{"start":{"line":41,"column":23},"end":{"line":40,"column":33}},"94":{"start":{"line":40,"column":33},"end":{"line":40,"column":33}},"95":{"start":{"line":44,"column":36},"end":{"line":44,"column":36}},"96":{"start":{"line":47,"column":80},"end":{"line":47,"column":80}},"97":{"start":{"line":55,"column":50},"end":{"line":55,"column":50}},"98":{"start":{"line":67,"column":28},"end":{"line":74,"column":58}},"99":{"start":{"line":60,"column":35},"end":{"line":65,"column":55}},"100":{"start":{"line":59,"column":58},"end":{"line":59,"column":58}},"101":{"start":{"line":62,"column":49},"end":{"line":62,"column":49}},"102":{"start":{"line":65,"column":55},"end":{"line":65,"column":55}},"103":{"start":{"line":73,"column":68},"end":{"line":74,"column":58}},"104":{"start":{"line":81,"column":48},"end":{"line":81,"column":48}},"105":{"start":{"line":96,"column":28},"end":{"line":94,"column":51}},"106":{"start":{"line":86,"column":35},"end":{"line":94,"column":51}},"107":{"start":{"line":85,"column":51},"end":{"line":85,"column":51}},"108":{"start":{"line":88,"column":50},"end":{"line":88,"column":50}},"109":{"start":{"line":91,"column":58},"end":{"line":91,"column":58}},"110":{"start":{"line":94,"column":51},"end":{"line":94,"column":51}},"111":{"start":{"line":102,"column":47},"end":{"line":102,"column":47}},"112":{"start":{"line":123,"column":24},"end":{"line":119,"column":null}},"113":{"start":{"line":106,"column":44},"end":{"line":119,"column":null}},"114":{"start":{"line":105,"column":12},"end":{"line":119,"column":null}},"115":{"start":{"line":121,"column":20},"end":{"line":119,"column":null}},"116":{"start":{"line":115,"column":51},"end":{"line":115,"column":51}},"117":{"start":{"line":129,"column":40},"end":{"line":130,"column":22}},"118":{"start":{"line":129,"column":30},"end":{"line":129,"column":40}},"119":{"start":{"line":131,"column":56},"end":{"line":131,"column":null}},"120":{"start":{"line":132,"column":40},"end":{"line":133,"column":22}},"121":{"start":{"line":132,"column":30},"end":{"line":132,"column":40}},"122":{"start":{"line":139,"column":24},"end":{"line":139,"column":43}},"123":{"start":{"line":147,"column":68},"end":{"line":148,"column":95}},"124":{"start":{"line":147,"column":27},"end":{"line":147,"column":54}},"125":{"start":{"line":147,"column":56},"end":{"line":147,"column":68}},"126":{"start":{"line":148,"column":83},"end":{"line":148,"column":95}},"127":{"start":{"line":145,"column":8},"end":{"line":144,"column":null}},"128":{"start":{"line":141,"column":17},"end":{"line":141,"column":null}},"129":{"start":{"line":153,"column":24},"end":{"line":153,"column":42}},"130":{"start":{"line":170,"column":67},"end":{"line":176,"column":25}},"131":{"start":{"line":170,"column":27},"end":{"line":170,"column":53}},"132":{"start":{"line":170,"column":55},"end":{"line":170,"column":67}},"133":{"start":{"line":176,"column":13},"end":{"line":176,"column":25}},"134":{"start":{"line":168,"column":12},"end":{"line":167,"column":14}},"135":{"start":{"line":156,"column":50},"end":{"line":156,"column":60}},"136":{"start":{"line":160,"column":19},"end":{"line":160,"column":null}}},"fnMap":{"0":{"name":"(anonymous_0)","decl":{"start":{"line":202,"column":28},"end":{"line":202,"column":34}},"loc":{"start":{"line":202,"column":34},"end":{"line":202,"column":59}},"line":202},"1":{"name":"(anonymous_1)","decl":{"start":{"line":204,"column":29},"end":{"line":204,"column":35}},"loc":{"start":{"line":204,"column":35},"end":{"line":204,"column":79}},"line":204},"2":{"name":"(anonymous_2)","decl":{"start":{"line":206,"column":35},"end":{"line":206,"column":41}},"loc":{"start":{"line":206,"column":41},"end":{"line":213,"column":1}},"line":206},"3":{"name":"(anonymous_3)","decl":{"start":{"line":215,"column":29},"end":{"line":215,"column":35}},"loc":{"start":{"line":215,"column":35},"end":{"line":221,"column":1}},"line":215},"4":{"name":"(anonymous_4)","decl":{"start":{"line":217,"column":60},"end":{"line":217,"column":61}},"loc":{"start":{"line":217,"column":79},"end":{"line":220,"column":4}},"line":217},"5":{"name":"(anonymous_5)","decl":{"start":{"line":223,"column":19},"end":{"line":223,"column":20}},"loc":{"start":{"line":223,"column":38},"end":{"line":226,"column":null}},"line":223},"6":{"name":"(anonymous_6)","decl":{"start":{"line":228,"column":23},"end":{"line":228,"column":24}},"loc":{"start":{"line":228,"column":51},"end":{"line":237,"column":null}},"line":228},"7":{"name":"(anonymous_7)","decl":{"start":{"line":239,"column":22},"end":{"line":239,"column":23}},"loc":{"start":{"line":239,"column":90},"end":{"line":248,"column":null}},"line":239},"8":{"name":"(anonymous_8)","decl":{"start":{"line":250,"column":24},"end":{"line":250,"column":25}},"loc":{"start":{"line":250,"column":99},"end":{"line":259,"column":null}},"line":250},"9":{"name":"(anonymous_9)","decl":{"start":{"line":261,"column":20},"end":{"line":261,"column":32}},"loc":{"start":{"line":261,"column":32},"end":{"line":277,"column":null}},"line":261},"10":{"name":"(anonymous_10)","decl":{"start":{"line":279,"column":22},"end":{"line":279,"column":28}},"loc":{"start":{"line":279,"column":28},"end":{"line":282,"column":null}},"line":279},"11":{"name":"(anonymous_11)","decl":{"start":{"line":284,"column":23},"end":{"line":284,"column":35}},"loc":{"start":{"line":284,"column":35},"end":{"line":300,"column":null}},"line":284},"12":{"name":"(anonymous_12)","decl":{"start":{"line":302,"column":22},"end":{"line":302,"column":34}},"loc":{"start":{"line":302,"column":34},"end":{"line":322,"column":null}},"line":302},"13":{"name":"(anonymous_13)","decl":{"start":{"line":4,"column":23},"end":{"line":4,"column":25}},"loc":{"start":{"line":4,"column":25},"end":{"line":4,"column":40}},"line":4},"14":{"name":"(anonymous_14)","decl":{"start":{"line":5,"column":8},"end":{"line":5,"column":17}},"loc":{"start":{"line":5,"column":40},"end":{"line":6,"column":18}},"line":5},"15":{"name":"(anonymous_15)","decl":{"start":{"line":5,"column":17},"end":{"line":5,"column":30}},"loc":{"start":{"line":5,"column":30},"end":{"line":5,"column":40}},"line":5},"16":{"name":"(anonymous_16)","decl":{"start":{"line":14,"column":10},"end":{"line":14,"column":15}},"loc":{"start":{"line":26,"column":16},"end":{"line":23,"column":null}},"line":26},"17":{"name":"(anonymous_17)","decl":{"start":{"line":32,"column":12},"end":{"line":32,"column":18}},"loc":{"start":{"line":32,"column":49},"end":{"line":32,"column":49}},"line":32},"18":{"name":"(anonymous_18)","decl":{"start":{"line":34,"column":10},"end":{"line":34,"column":28}},"loc":{"start":{"line":49,"column":28},"end":{"line":47,"column":80}},"line":49},"19":{"name":"(anonymous_19)","decl":{"start":{"line":35,"column":12},"end":{"line":35,"column":34}},"loc":{"start":{"line":37,"column":35},"end":{"line":47,"column":80}},"line":37},"20":{"name":"(anonymous_20)","decl":{"start":{"line":36,"column":14},"end":{"line":36,"column":17}},"loc":{"start":{"line":36,"column":50},"end":{"line":36,"column":50}},"line":36},"21":{"name":"(anonymous_21)","decl":{"start":{"line":39,"column":14},"end":{"line":39,"column":23}},"loc":{"start":{"line":41,"column":23},"end":{"line":40,"column":33}},"line":41},"22":{"name":"(anonymous_22)","decl":{"start":{"line":40,"column":16},"end":{"line":40,"column":19}},"loc":{"start":{"line":40,"column":33},"end":{"line":40,"column":33}},"line":40},"23":{"name":"(anonymous_23)","decl":{"start":{"line":44,"column":14},"end":{"line":44,"column":17}},"loc":{"start":{"line":44,"column":36},"end":{"line":44,"column":36}},"line":44},"24":{"name":"(anonymous_24)","decl":{"start":{"line":47,"column":14},"end":{"line":47,"column":20}},"loc":{"start":{"line":47,"column":80},"end":{"line":47,"column":80}},"line":47},"25":{"name":"(anonymous_25)","decl":{"start":{"line":55,"column":12},"end":{"line":55,"column":18}},"loc":{"start":{"line":55,"column":50},"end":{"line":55,"column":50}},"line":55},"26":{"name":"(anonymous_26)","decl":{"start":{"line":57,"column":10},"end":{"line":57,"column":28}},"loc":{"start":{"line":67,"column":28},"end":{"line":74,"column":58}},"line":67},"27":{"name":"(anonymous_27)","decl":{"start":{"line":58,"column":12},"end":{"line":58,"column":34}},"loc":{"start":{"line":60,"column":35},"end":{"line":65,"column":55}},"line":60},"28":{"name":"(anonymous_28)","decl":{"start":{"line":59,"column":14},"end":{"line":59,"column":17}},"loc":{"start":{"line":59,"column":58},"end":{"line":59,"column":58}},"line":59},"29":{"name":"(anonymous_29)","decl":{"start":{"line":62,"column":14},"end":{"line":62,"column":17}},"loc":{"start":{"line":62,"column":49},"end":{"line":62,"column":49}},"line":62},"30":{"name":"(anonymous_30)","decl":{"start":{"line":65,"column":14},"end":{"line":65,"column":17}},"loc":{"start":{"line":65,"column":55},"end":{"line":65,"column":55}},"line":65},"31":{"name":"(anonymous_31)","decl":{"start":{"line":73,"column":14},"end":{"line":73,"column":31}},"loc":{"start":{"line":73,"column":68},"end":{"line":74,"column":58}},"line":73},"32":{"name":"(anonymous_32)","decl":{"start":{"line":81,"column":12},"end":{"line":81,"column":18}},"loc":{"start":{"line":81,"column":48},"end":{"line":81,"column":48}},"line":81},"33":{"name":"(anonymous_33)","decl":{"start":{"line":83,"column":10},"end":{"line":83,"column":28}},"loc":{"start":{"line":96,"column":28},"end":{"line":94,"column":51}},"line":96},"34":{"name":"(anonymous_34)","decl":{"start":{"line":84,"column":12},"end":{"line":84,"column":34}},"loc":{"start":{"line":86,"column":35},"end":{"line":94,"column":51}},"line":86},"35":{"name":"(anonymous_35)","decl":{"start":{"line":85,"column":14},"end":{"line":85,"column":17}},"loc":{"start":{"line":85,"column":51},"end":{"line":85,"column":51}},"line":85},"36":{"name":"(anonymous_36)","decl":{"start":{"line":88,"column":14},"end":{"line":88,"column":17}},"loc":{"start":{"line":88,"column":50},"end":{"line":88,"column":50}},"line":88},"37":{"name":"(anonymous_37)","decl":{"start":{"line":91,"column":14},"end":{"line":91,"column":17}},"loc":{"start":{"line":91,"column":58},"end":{"line":91,"column":58}},"line":91},"38":{"name":"(anonymous_38)","decl":{"start":{"line":94,"column":14},"end":{"line":94,"column":17}},"loc":{"start":{"line":94,"column":51},"end":{"line":94,"column":51}},"line":94},"39":{"name":"(anonymous_39)","decl":{"start":{"line":102,"column":12},"end":{"line":102,"column":18}},"loc":{"start":{"line":102,"column":47},"end":{"line":102,"column":47}},"line":102},"40":{"name":"(anonymous_40)","decl":{"start":{"line":104,"column":10},"end":{"line":104,"column":null}},"loc":{"start":{"line":123,"column":24},"end":{"line":119,"column":null}},"line":123},"41":{"name":"(anonymous_41)","decl":{"start":{"line":106,"column":14},"end":{"line":106,"column":21}},"loc":{"start":{"line":106,"column":44},"end":{"line":119,"column":null}},"line":106},"42":{"name":"(anonymous_42)","decl":{"start":{"line":106,"column":43},"end":{"line":106,"column":44}},"loc":{"start":{"line":106,"column":25},"end":{"line":119,"column":null}},"line":106},"43":{"name":"(anonymous_43)","decl":{"start":{"line":112,"column":14},"end":{"line":112,"column":19}},"loc":{"start":{"line":121,"column":20},"end":{"line":119,"column":null}},"line":121},"44":{"name":"(anonymous_44)","decl":{"start":{"line":115,"column":18},"end":{"line":115,"column":21}},"loc":{"start":{"line":115,"column":51},"end":{"line":115,"column":51}},"line":115},"45":{"name":"(anonymous_45)","decl":{"start":{"line":129,"column":12},"end":{"line":129,"column":21}},"loc":{"start":{"line":129,"column":40},"end":{"line":130,"column":22}},"line":129},"46":{"name":"(anonymous_46)","decl":{"start":{"line":129,"column":21},"end":{"line":129,"column":30}},"loc":{"start":{"line":129,"column":30},"end":{"line":129,"column":40}},"line":129},"47":{"name":"(anonymous_47)","decl":{"start":{"line":131,"column":54},"end":{"line":131,"column":56}},"loc":{"start":{"line":131,"column":56},"end":{"line":131,"column":null}},"line":131},"48":{"name":"(anonymous_48)","decl":{"start":{"line":132,"column":12},"end":{"line":132,"column":21}},"loc":{"start":{"line":132,"column":40},"end":{"line":133,"column":22}},"line":132},"49":{"name":"(anonymous_49)","decl":{"start":{"line":132,"column":21},"end":{"line":132,"column":30}},"loc":{"start":{"line":132,"column":30},"end":{"line":132,"column":40}},"line":132},"50":{"name":"(anonymous_50)","decl":{"start":{"line":139,"column":24},"end":{"line":139,"column":41}},"loc":{"start":{"line":139,"column":24},"end":{"line":139,"column":43}},"line":139},"51":{"name":"(anonymous_51)","decl":{"start":{"line":147,"column":8},"end":{"line":147,"column":20}},"loc":{"start":{"line":147,"column":68},"end":{"line":148,"column":95}},"line":147},"52":{"name":"(anonymous_52)","decl":{"start":{"line":147,"column":25},"end":{"line":147,"column":27}},"loc":{"start":{"line":147,"column":27},"end":{"line":147,"column":54}},"line":147},"53":{"name":"(anonymous_53)","decl":{"start":{"line":147,"column":54},"end":{"line":147,"column":56}},"loc":{"start":{"line":147,"column":56},"end":{"line":147,"column":68}},"line":147},"54":{"name":"(anonymous_54)","decl":{"start":{"line":148,"column":79},"end":{"line":148,"column":83}},"loc":{"start":{"line":148,"column":83},"end":{"line":148,"column":95}},"line":148},"55":{"name":"(anonymous_55)","decl":{"start":{"line":140,"column":6},"end":{"line":140,"column":null}},"loc":{"start":{"line":145,"column":8},"end":{"line":144,"column":null}},"line":145},"56":{"name":"(anonymous_56)","decl":{"start":{"line":141,"column":17},"end":{"line":141,"column":31}},"loc":{"start":{"line":141,"column":17},"end":{"line":141,"column":null}},"line":141},"57":{"name":"(anonymous_57)","decl":{"start":{"line":153,"column":24},"end":{"line":153,"column":40}},"loc":{"start":{"line":153,"column":24},"end":{"line":153,"column":42}},"line":153},"58":{"name":"(anonymous_58)","decl":{"start":{"line":170,"column":8},"end":{"line":170,"column":20}},"loc":{"start":{"line":170,"column":67},"end":{"line":176,"column":25}},"line":170},"59":{"name":"(anonymous_59)","decl":{"start":{"line":170,"column":25},"end":{"line":170,"column":27}},"loc":{"start":{"line":170,"column":27},"end":{"line":170,"column":53}},"line":170},"60":{"name":"(anonymous_60)","decl":{"start":{"line":170,"column":53},"end":{"line":170,"column":55}},"loc":{"start":{"line":170,"column":55},"end":{"line":170,"column":67}},"line":170},"61":{"name":"(anonymous_61)","decl":{"start":{"line":176,"column":9},"end":{"line":176,"column":13}},"loc":{"start":{"line":176,"column":13},"end":{"line":176,"column":25}},"line":176},"62":{"name":"(anonymous_62)","decl":{"start":{"line":154,"column":6},"end":{"line":154,"column":11}},"loc":{"start":{"line":168,"column":12},"end":{"line":167,"column":14}},"line":168},"63":{"name":"(anonymous_63)","decl":{"start":{"line":156,"column":39},"end":{"line":156,"column":50}},"loc":{"start":{"line":156,"column":50},"end":{"line":156,"column":60}},"line":156},"64":{"name":"(anonymous_64)","decl":{"start":{"line":160,"column":19},"end":{"line":160,"column":31}},"loc":{"start":{"line":160,"column":19},"end":{"line":160,"column":null}},"line":160}},"branchMap":{"0":{"loc":{"start":{"line":204,"column":50},"end":{"line":204,"column":78}},"type":"binary-expr","locations":[{"start":{"line":204,"column":50},"end":{"line":204,"column":76}},{"start":{"line":204,"column":76},"end":{"line":204,"column":78}}],"line":204},"1":{"loc":{"start":{"line":212,"column":9},"end":{"line":212,"column":null}},"type":"binary-expr","locations":[{"start":{"line":212,"column":9},"end":{"line":212,"column":61}},{"start":{"line":212,"column":61},"end":{"line":212,"column":null}}],"line":212},"2":{"loc":{"start":{"line":212,"column":16},"end":{"line":212,"column":56}},"type":"binary-expr","locations":[{"start":{"line":212,"column":16},"end":{"line":212,"column":48}},{"start":{"line":212,"column":48},"end":{"line":212,"column":56}}],"line":212},"3":{"loc":{"start":{"line":216,"column":2},"end":{"line":216,"column":null}},"type":"if","locations":[{"start":{"line":216,"column":2},"end":{"line":216,"column":null}},{"start":{},"end":{}}],"line":216},"4":{"loc":{"start":{"line":224,"column":2},"end":{"line":224,"column":null}},"type":"if","locations":[{"start":{"line":224,"column":2},"end":{"line":224,"column":null}},{"start":{},"end":{}}],"line":224},"5":{"loc":{"start":{"line":236,"column":9},"end":{"line":236,"column":null}},"type":"binary-expr","locations":[{"start":{"line":236,"column":9},"end":{"line":236,"column":27}},{"start":{"line":236,"column":27},"end":{"line":236,"column":null}}],"line":236},"6":{"loc":{"start":{"line":247,"column":9},"end":{"line":247,"column":null}},"type":"binary-expr","locations":[{"start":{"line":247,"column":9},"end":{"line":247,"column":26}},{"start":{"line":247,"column":26},"end":{"line":247,"column":null}}],"line":247},"7":{"loc":{"start":{"line":258,"column":9},"end":{"line":258,"column":null}},"type":"binary-expr","locations":[{"start":{"line":258,"column":9},"end":{"line":258,"column":26}},{"start":{"line":258,"column":26},"end":{"line":258,"column":null}}],"line":258},"8":{"loc":{"start":{"line":268,"column":4},"end":{"line":271,"column":null}},"type":"if","locations":[{"start":{"line":268,"column":4},"end":{"line":271,"column":null}},{"start":{},"end":{}}],"line":268},"9":{"loc":{"start":{"line":270,"column":30},"end":{"line":270,"column":null}},"type":"binary-expr","locations":[{"start":{"line":270,"column":30},"end":{"line":270,"column":65}},{"start":{"line":270,"column":65},"end":{"line":270,"column":null}}],"line":270},"10":{"loc":{"start":{"line":290,"column":6},"end":{"line":290,"column":null}},"type":"binary-expr","locations":[{"start":{"line":290,"column":6},"end":{"line":290,"column":30}},{"start":{"line":290,"column":30},"end":{"line":290,"column":null}}],"line":290},"11":{"loc":{"start":{"line":303,"column":2},"end":{"line":306,"column":null}},"type":"if","locations":[{"start":{"line":303,"column":2},"end":{"line":306,"column":null}},{"start":{},"end":{}}],"line":303},"12":{"loc":{"start":{"line":4,"column":23},"end":{"line":4,"column":40}},"type":"binary-expr","locations":[{"start":{"line":4,"column":23},"end":{"line":4,"column":25}},{"start":{"line":4,"column":23},"end":{"line":4,"column":40}}],"line":4},"13":{"loc":{"start":{"line":7,"column":6},"end":{"line":7,"column":38}},"type":"binary-expr","locations":[{"start":{"line":7,"column":6},"end":{"line":7,"column":10}},{"start":{"line":7,"column":6},"end":{"line":7,"column":38}}],"line":7},"14":{"loc":{"start":{"line":11,"column":22},"end":{"line":133,"column":22}},"type":"cond-expr","locations":[{"start":{"line":11,"column":22},"end":{"line":133,"column":22}}],"line":11},"15":{"loc":{"start":{"line":22,"column":26},"end":{"line":23,"column":null}},"type":"cond-expr","locations":[{"start":{"line":22,"column":35},"end":{"line":23,"column":null}},{"start":{"line":23,"column":55},"end":{"line":23,"column":null}}],"line":22},"16":{"loc":{"start":{"line":32,"column":49},"end":{"line":32,"column":49}},"type":"binary-expr","locations":[{"start":{"line":32,"column":49},"end":{"line":32,"column":null}},{"start":{"line":32,"column":49},"end":{"line":32,"column":49}}],"line":32},"17":{"loc":{"start":{"line":36,"column":17},"end":{"line":36,"column":50}},"type":"binary-expr","locations":[{"start":{"line":36,"column":17},"end":{"line":36,"column":40}},{"start":{"line":36,"column":40},"end":{"line":36,"column":50}}],"line":36},"18":{"loc":{"start":{"line":43,"column":40},"end":{"line":44,"column":36}},"type":"cond-expr","locations":[{"start":{"line":43,"column":49},"end":{"line":44,"column":36}}],"line":43},"19":{"loc":{"start":{"line":46,"column":40},"end":{"line":47,"column":80}},"type":"cond-expr","locations":[{"start":{"line":46,"column":49},"end":{"line":47,"column":80}}],"line":46},"20":{"loc":{"start":{"line":53,"column":23},"end":{"line":74,"column":58}},"type":"cond-expr","locations":[{"start":{"line":53,"column":32},"end":{"line":74,"column":58}}],"line":53},"21":{"loc":{"start":{"line":55,"column":50},"end":{"line":55,"column":50}},"type":"binary-expr","locations":[{"start":{"line":55,"colu
[...]
ine":77,"column":49},"end":{"line":77,"column":49}},"108":{"start":{"line":77,"column":39},"end":{"line":77,"column":49}},"109":{"start":{"line":84,"column":18},"end":{"line":102,"column":51}},"110":{"start":{"line":90,"column":31},"end":{"line":90,"column":null}},"111":{"start":{"line":94,"column":30},"end":{"line":94,"column":null}},"112":{"start":{"line":100,"column":30},"end":{"line":100,"column":null}},"113":{"start":{"line":102,"column":51},"end":{"line":102,"column":51}},"114":{"start":{"line":102,"column":41},"end":{"line":102,"column":51}},"115":{"start":{"line":109,"column":28},"end":{"line":109,"column":null}},"116":{"start":{"line":112,"column":18},"end":{"line":112,"column":30}},"117":{"start":{"line":118,"column":41},"end":{"line":119,"column":24}},"118":{"start":{"line":118,"column":31},"end":{"line":118,"column":41}},"119":{"start":{"line":125,"column":27},"end":{"line":125,"column":43}},"120":{"start":{"line":125,"column":45},"end":{"line":125,"column":57}},"121":{"start":{"line":127,"column":40},"end":{"line":127,"column":40}}},"fnMap":{"0":{"name":"(anonymous_0)","decl":{"start":{"line":170,"column":24},"end":{"line":170,"column":30}},"loc":{"start":{"line":170,"column":30},"end":{"line":170,"column":47}},"line":170},"1":{"name":"(anonymous_1)","decl":{"start":{"line":183,"column":17},"end":{"line":183,"column":23}},"loc":{"start":{"line":183,"column":23},"end":{"line":185,"column":null}},"line":183},"2":{"name":"(anonymous_2)","decl":{"start":{"line":187,"column":20},"end":{"line":187,"column":21}},"loc":{"start":{"line":187,"column":39},"end":{"line":191,"column":null}},"line":187},"3":{"name":"(anonymous_3)","decl":{"start":{"line":193,"column":26},"end":{"line":193,"column":27}},"loc":{"start":{"line":193,"column":44},"end":{"line":198,"column":null}},"line":193},"4":{"name":"(anonymous_4)","decl":{"start":{"line":200,"column":18},"end":{"line":200,"column":19}},"loc":{"start":{"line":200,"column":36},"end":{"line":205,"column":null}},"line":200},"5":{"name":"(anonymous_5)","decl":{"start":{"line":207,"column":21},"end":{"line":207,"column":22}},"loc":{"start":{"line":207,"column":55},"end":{"line":211,"column":null}},"line":207},"6":{"name":"(anonymous_6)","decl":{"start":{"line":213,"column":21},"end":{"line":213,"column":27}},"loc":{"start":{"line":213,"column":27},"end":{"line":227,"column":null}},"line":213},"7":{"name":"(anonymous_7)","decl":{"start":{"line":220,"column":11},"end":{"line":220,"column":12}},"loc":{"start":{"line":220,"column":20},"end":{"line":225,"column":null}},"line":220},"8":{"name":"(anonymous_8)","decl":{"start":{"line":229,"column":22},"end":{"line":229,"column":34}},"loc":{"start":{"line":229,"column":34},"end":{"line":247,"column":null}},"line":229},"9":{"name":"(anonymous_9)","decl":{"start":{"line":231,"column":13},"end":{"line":231,"column":19}},"loc":{"start":{"line":231,"column":19},"end":{"line":231,"column":33}},"line":231},"10":{"name":"(anonymous_10)","decl":{"start":{"line":241,"column":13},"end":{"line":241,"column":19}},"loc":{"start":{"line":241,"column":19},"end":{"line":241,"column":33}},"line":241},"11":{"name":"(anonymous_11)","decl":{"start":{"line":249,"column":26},"end":{"line":249,"column":27}},"loc":{"start":{"line":249,"column":47},"end":{"line":260,"column":null}},"line":249},"12":{"name":"(anonymous_12)","decl":{"start":{"line":254,"column":11},"end":{"line":254,"column":17}},"loc":{"start":{"line":254,"column":17},"end":{"line":259,"column":3}},"line":254},"13":{"name":"(anonymous_13)","decl":{"start":{"line":262,"column":21},"end":{"line":262,"column":33}},"loc":{"start":{"line":262,"column":33},"end":{"line":288,"column":null}},"line":262},"14":{"name":"(anonymous_14)","decl":{"start":{"line":290,"column":10},"end":{"line":290,"column":16}},"loc":{"start":{"line":290,"column":16},"end":{"line":292,"column":1}},"line":290},"15":{"name":"(anonymous_15)","decl":{"start":{"line":3,"column":25},"end":{"line":3,"column":27}},"loc":{"start":{"line":3,"column":27},"end":{"line":3,"column":null}},"line":3},"16":{"name":"(anonymous_16)","decl":{"start":{"line":5,"column":8},"end":{"line":5,"column":14}},"loc":{"start":{"line":5,"column":70},"end":{"line":5,"column":70}},"line":5},"17":{"name":"(anonymous_17)","decl":{"start":{"line":10,"column":6},"end":{"line":10,"column":16}},"loc":{"start":{"line":122,"column":16},"end":{"line":127,"column":40}},"line":122},"18":{"name":"(anonymous_18)","decl":{"start":{"line":11,"column":8},"end":{"line":11,"column":22}},"loc":{"start":{"line":18,"column":23},"end":{"line":119,"column":24}},"line":18},"19":{"name":"(anonymous_19)","decl":{"start":{"line":12,"column":10},"end":{"line":12,"column":30}},"loc":{"start":{"line":17,"column":22},"end":{"line":16,"column":49}},"line":17},"20":{"name":"(anonymous_20)","decl":{"start":{"line":12,"column":35},"end":{"line":12,"column":40}},"loc":{"start":{"line":12,"column":30},"end":{"line":12,"column":43}},"line":12},"21":{"name":"(anonymous_21)","decl":{"start":{"line":13,"column":12},"end":{"line":13,"column":24}},"loc":{"start":{"line":13,"column":49},"end":{"line":16,"column":49}},"line":13},"22":{"name":"(anonymous_22)","decl":{"start":{"line":21,"column":10},"end":{"line":21,"column":29}},"loc":{"start":{"line":21,"column":65},"end":{"line":21,"column":65}},"line":21},"23":{"name":"(anonymous_23)","decl":{"start":{"line":21,"column":34},"end":{"line":21,"column":39}},"loc":{"start":{"line":21,"column":29},"end":{"line":21,"column":41}},"line":21},"24":{"name":"(anonymous_24)","decl":{"start":{"line":25,"column":10},"end":{"line":25,"column":15}},"loc":{"start":{"line":30,"column":16},"end":{"line":119,"column":24}},"line":30},"25":{"name":"(anonymous_25)","decl":{"start":{"line":26,"column":49},"end":{"line":26,"column":51}},"loc":{"start":{"line":26,"column":51},"end":{"line":26,"column":null}},"line":26},"26":{"name":"(anonymous_26)","decl":{"start":{"line":27,"column":14},"end":{"line":27,"column":23}},"loc":{"start":{"line":27,"column":43},"end":{"line":28,"column":null}},"line":27},"27":{"name":"(anonymous_27)","decl":{"start":{"line":27,"column":23},"end":{"line":27,"column":33}},"loc":{"start":{"line":27,"column":33},"end":{"line":27,"column":43}},"line":27},"28":{"name":"(anonymous_28)","decl":{"start":{"line":51,"column":52},"end":{"line":51,"column":null}},"loc":{"start":{"line":51,"column":36},"end":{"line":112,"column":30}},"line":51},"29":{"name":"(anonymous_29)","decl":{"start":{"line":57,"column":20},"end":{"line":57,"column":29}},"loc":{"start":{"line":57,"column":47},"end":{"line":57,"column":47}},"line":57},"30":{"name":"(anonymous_30)","decl":{"start":{"line":57,"column":29},"end":{"line":57,"column":37}},"loc":{"start":{"line":57,"column":37},"end":{"line":57,"column":47}},"line":57},"31":{"name":"(anonymous_31)","decl":{"start":{"line":59,"column":43},"end":{"line":59,"column":47}},"loc":{"start":{"line":59,"column":37},"end":{"line":59,"column":49}},"line":59},"32":{"name":"(anonymous_32)","decl":{"start":{"line":60,"column":43},"end":{"line":60,"column":48}},"loc":{"start":{"line":60,"column":37},"end":{"line":60,"column":50}},"line":60},"33":{"name":"(anonymous_33)","decl":{"start":{"line":61,"column":44},"end":{"line":61,"column":48}},"loc":{"start":{"line":61,"column":38},"end":{"line":61,"column":50}},"line":61},"34":{"name":"(anonymous_34)","decl":{"start":{"line":61,"column":76},"end":{"line":61,"column":78}},"loc":{"start":{"line":61,"column":78},"end":{"line":61,"column":null}},"line":61},"35":{"name":"(anonymous_35)","decl":{"start":{"line":63,"column":22},"end":{"line":63,"column":29}},"loc":{"start":{"line":63,"column":56},"end":{"line":71,"column":null}},"line":63},"36":{"name":"(anonymous_36)","decl":{"start":{"line":63,"column":55},"end":{"line":63,"column":56}},"loc":{"start":{"line":63,"column":34},"end":{"line":71,"column":null}},"line":63},"37":{"name":"(anonymous_37)","decl":{"start":{"line":68,"column":24},"end":{"line":68,"column":31}},"loc":{"start":{"line":68,"column":49},"end":{"line":71,"column":null}},"line":68},"38":{"name":"(anonymous_38)","decl":{"start":{"line":68,"column":48},"end":{"line":68,"column":49}},"loc":{"start":{"line":68,"column":33},"end":{"line":71,"column":null}},"line":68},"39":{"name":"(anonymous_39)","decl":{"start":{"line":75,"column":46},"end":{"line":75,"column":54}},"loc":{"start":{"line":75,"column":40},"end":{"line":75,"column":56}},"line":75},"40":{"name":"(anonymous_40)","decl":{"start":{"line":75,"column":56},"end":{"line":75,"column":58}},"loc":{"start":{"line":75,"column":58},"end":{"line":75,"column":72}},"line":75},"41":{"name":"(anonymous_41)","decl":{"start":{"line":76,"column":54},"end":{"line":76,"column":56}},"loc":{"start":{"line":76,"column":56},"end":{"line":76,"column":null}},"line":76},"42":{"name":"(anonymous_42)","decl":{"start":{"line":77,"column":20},"end":{"line":77,"column":29}},"loc":{"start":{"line":77,"column":49},"end":{"line":77,"column":49}},"line":77},"43":{"name":"(anonymous_43)","decl":{"start":{"line":77,"column":29},"end":{"line":77,"column":39}},"loc":{"start":{"line":77,"column":39},"end":{"line":77,"column":49}},"line":77},"44":{"name":"(anonymous_44)","decl":{"start":{"line":85,"column":58},"end":{"line":85,"column":null}},"loc":{"start":{"line":85,"column":39},"end":{"line":102,"column":51}},"line":85},"45":{"name":"(anonymous_45)","decl":{"start":{"line":90,"column":35},"end":{"line":90,"column":40}},"loc":{"start":{"line":90,"column":31},"end":{"line":90,"column":null}},"line":90},"46":{"name":"(anonymous_46)","decl":{"start":{"line":94,"column":28},"end":{"line":94,"column":30}},"loc":{"start":{"line":94,"column":30},"end":{"line":94,"column":null}},"line":94},"47":{"name":"(anonymous_47)","decl":{"start":{"line":100,"column":28},"end":{"line":100,"column":30}},"loc":{"start":{"line":100,"column":30},"end":{"line":100,"column":null}},"line":100},"48":{"name":"(anonymous_48)","decl":{"start":{"line":102,"column":22},"end":{"line":102,"column":31}},"loc":{"start":{"line":102,"column":51},"end":{"line":102,"column":51}},"line":102},"49":{"name":"(anonymous_49)","decl":{"start":{"line":102,"column":31},"end":{"line":102,"column":41}},"loc":{"start":{"line":102,"column":41},"end":{"line":102,"column":51}},"line":102},"50":{"name":"(anonymous_50)","decl":{"start":{"line":109,"column":26},"end":{"line":109,"column":28}},"loc":{"start":{"line":109,"column":28},"end":{"line":109,"column":null}},"line":109},"51":{"name":"(anonymous_51)","decl":{"start":{"line":110,"column":19},"end":{"line":110,"column":null}},"loc":{"start":{"line":112,"column":18},"end":{"line":112,"column":30}},"line":112},"52":{"name":"(anonymous_52)","decl":{"start":{"line":118,"column":14},"end":{"line":118,"column":23}},"loc":{"start":{"line":118,"column":41},"end":{"line":119,"column":24}},"line":118},"53":{"name":"(anonymous_53)","decl":{"start":{"line":118,"column":23},"end":{"line":118,"column":31}},"loc":{"start":{"line":118,"column":31},"end":{"line":118,"column":41}},"line":118},"54":{"name":"(anonymous_54)","decl":{"start":{"line":125,"column":25},"end":{"line":125,"column":27}},"loc":{"start":{"line":125,"column":27},"end":{"line":125,"column":43}},"line":125},"55":{"name":"(anonymous_55)","decl":{"start":{"line":125,"column":43},"end":{"line":125,"column":45}},"loc":{"start":{"line":125,"column":45},"end":{"line":125,"column":57}},"line":125},"56":{"name":"(anonymous_56)","decl":{"start":{"line":127,"column":10},"end":{"line":127,"column":13}},"loc":{"start":{"line":127,"column":40},"end":{"line":127,"column":40}},"line":127}},"branchMap":{"0":{"loc":{"start":{"line":188,"column":2},"end":{"line":190,"column":null}},"type":"if","locations":[{"start":{"line":188,"column":2},"end":{"line":190,"column":null}},{"start":{},"end":{}}],"line":188},"1":{"loc":{"start":{"line":195,"column":2},"end":{"line":197,"column":null}},"type":"if","locations":[{"start":{"line":195,"column":2},"end":{"line":197,"column":null}},{"start":{},"end":{}}],"line":195},"2":{"loc":{"start":{"line":195,"column":2},"end":{"line":195,"column":59}},"type":"binary-expr","locations":[{"start":{"line":195,"column":2},"end":{"line":195,"column":43}},{"start":{"line":195,"column":43},"end":{"line":195,"column":59}}],"line":195},"3":{"loc":{"start":{"line":201,"column":2},"end":{"line":203,"column":null}},"type":"if","locations":[{"start":{"line":201,"column":2},"end":{"line":203,"column":null}},{"start":{},"end":{}}],"line":201},"4":{"loc":{"start":{"line":208,"column":2},"end":{"line":210,"column":null}},"type":"if","locations":[{"start":{"line":208,"column":2},"end":{"line":210,"column":null}},{"start":{},"end":{}}],"line":208},"5":{"loc":{"start":{"line":208,"column":6},"end":{"line":208,"column":49}},"type":"binary-expr","locations":[{"start":{"line":208,"column":6},"end":{"line":208,"column":23}},{"start":{"line":208,"column":23},"end":{"line":208,"column":49}}],"line":208},"6":{"loc":{"start":{"line":214,"column":2},"end":{"line":214,"column":null}},"type":"if","locations":[{"start":{"line":214,"column":2},"end":{"line":214,"column":null}},{"start":{},"end":{}}],"line":214},"7":{"loc":{"start":{"line":230,"column":2},"end":{"line":233,"column":null}},"type":"if","locations":[{"start":{"line":230,"column":2},"end":{"line":233,"column":null}},{"start":{},"end":{}}],"line":230},"8":{"loc":{"start":{"line":240,"column":18},"end":{"line":240,"column":null}},"type":"cond-expr","locations":[{"start":{"line":240,"column":50},"end":{"line":240,"column":67}},{"start":{"line":240,"column":67},"end":{"line":240,"column":null}}],"line":240},"9":{"loc":{"start":{"line":255,"column":4},"end":{"line":257,"column":null}},"type":"if","locations":[{"start":{"line":255,"column":4},"end":{"line":257,"column":null}},{"start":{},"end":{}}],"line":255},"10":{"loc":{"start":{"line":263,"column":2},"end":{"line":263,"column":null}},"type":"if","locations":[{"start":{"line":263,"column":2},"end":{"line":263,"column":null}},{"start":{},"end":{}}],"line":263},"11":{"loc":{"start":{"line":268,"column":4},"end":{"line":281,"column":null}},"type":"if","locations":[{"start":{"line":268,"column":4},"end":{"line":281,"column":null}},{"start":{"line":274,"column":11},"end":{"line":281,"column":null}}],"line":268},"12":{"loc":{"start":{"line":3,"column":25},"end":{"line":3,"column":null}},"type":"binary-expr","locations":[{"start":{"line":3,"column":25},"end":{"line":3,"column":27}},{"start":{"line":3,"column":25},"end":{"line":3,"column":null}}],"line":3},"13":{"loc":{"start":{"line":5,"column":36},"end":{"line":5,"column":70}},"type":"cond-expr","locations":[{"start":{"line":5,"column":42},"end":{"line":5,"column":70}},{"start":{"line":5,"column":42},"end":{"line":5,"column":70}}],"line":5},"14":{"loc":{"start":{"line":12,"column":35},"end":{"line":12,"column":43}},"type":"binary-expr","locations":[{"start":{"line":12,"column":35},"end":{"line":12,"column":40}},{"start":{"line":12,"column":35},"end":{"line":12,"column":43}}],"line":12},"15":{"loc":{"start":{"line":21,"column":34},"end":{"line":21,"column":41}},"type":"binary-expr","locations":[{"start":{"line":21,"column":34},"end":{"line":21,"column":39}},{"start":{"line":21,"column":34},"end":{"line":21,"column":41}}],"line":21},"16":{"loc":{"start":{"line":26,"column":49},"end":{"line":26,"column":null}},"type":"binary-expr","locations":[{"start":{"line":26,"column":49},"end":{"line":26,"column":51}},{"start":{"line":26,"column":49},"end":{"line":26,"column":null}}],"line":26},"17":{"loc":{"start":{"line":28,"column":17},"end":{"line":28,"column":null}},"type":"cond-expr","locations":[{"start":{"line":28,"column":32},"end":{"line":28,"column":null}},{"start":{"line":28,"column":32},"end":{"line":28,"column":null}}],"line":28},"18":{"loc":{"start":{"line":34,"column":18},"end":{"line":36,"column":null}},"type":"cond-expr","locations":[{"start":{"line":34,"column":18},"end":{"line":36,"column":null}},{"start":{"line":36,"column":18},"end":{"line":36,"column":null}}],"line":34},"19":{"loc":{"start":{"line":120,"column":16},"end":{"line":46,"column":29}},"type":"binary-expr","locations":[{"start":{"line":120,"column":16},"end":{"line":120,"column":null}},{"start":{"line":120,"column":16},"end":{"line":46,"column":29}}],"line":120},"20":{"loc":{"start":{"line":75,"column":58},"end":{"line":75,"column":72}},"type":"binary-expr","locations":[{"start":{"line":75,"column":58},"end":{"line":75,"column":72}},{"start":{"line":75,"column":58},"end":{"line":75,"column":72}}],"line":75},"21":{"loc":{"start":{"line":82,"column":27},"end":{"line":112,"column":30}},"type":"cond-expr","locations":[{"start":{"line":82,"column":59},"end":{"line":112,"column":30}}],"line":82},"22":{"loc":{"start":{"line":113,"column":22},"end":{"line":83,"column":56}},"type":"binary-expr","locations":[{"start":{"line":113,"column":22},"end":{"line":113,"column":null}},{"start":{"line":113,"column":22},"end":{"line":83,"column":56}}],"line":113},"23":{"loc":{"start":{"line":85,"column":45},"end":{"line":85,"column":null}},"type":"binary-expr","locations":[{"start":{"line":85,"column":45},"end":{"line":85,"column":58}},{"start":{"line":85,"column":58},"end":{"line":85,"column":null}}],"line":85},"24":{"loc":{"start":{"line":112,"column":18},"end":{"line":112,"column":30}},"type":"binary-expr","locations":[{"start":{"line":112,"column":18},"end":{"line":112,"column":30}},{"start":{"line":112,"column":18},"end":{"line":112,"column":30}}],"line":112},"25":{"loc":{"start":{"line":125,"column":25},"end":{"line":125,"column":43}},"type":"binary-expr","locations":[{"start":{"line":125,"column":25},"end":{"line":125,"column":27}},{"start":{"line":125,"column":25},"end":{"line":125,"column":43}}],"line":125},"26":{"loc":{"start":{"line":125,"column":45},"end":{"line":125,"column":57}},"type":"binary-expr","locations":[{"start":{"line":125,"column":45},"end":{"line":125,"column":57}},{"start":{"line":125,"column":45},"end":{"line":125,"column":57}}],"line":125},"27":{"loc":{"start":{"line":127,"column":13},"end":{"line":127,"column":40}},"type":"cond-expr","locations":[{"start":{"line":127,"column":19},"end":{"line":127,"column":40}},{"start":{"line":127,"column":19},"end":{"line":127,"column":40}}],"line":127}},"s":{"0":10,"1":10,"2":10,"3":10,"4":10,"5":10,"6":10,"7":10,"8":10,"9":10,"10":10,"11":10,"12":10,"13":4,"14":10,"15":1,"16":1,"17":10,"18":0,"19":0,"20":10,"21":1,"22":0,"23":1,"24":10,"25":1,"26":1,"27":10,"28":11,"29":0,"30":11,"31":0,"32":0,"33":0,"34":0,"35":10,"36":10,"37":10,"38":10,"39":10,"40":0,"41":0,"42":0,"43":0,"44":0,"45":0,"46":10,"47":0,"48":0,"49":0,"50":10,"51":1,"52":1,"53":1,"54":1,"55":1,"56":1,"57":1,"58":10,"59":0,"60":0,"61":0,"62":0,"63":0,"64":0,"65":0,"66":0,"67":0,"68":0,"69":0,"70":0,"71":10,"72":10,"73":1,"74":1,"75":1,"76":1,"77":1,"78":1,"79":10,"80":0,"81":10,"82":10,"83":10,"84":10,"85":0,"86":10,"87":10,"88":0,"89":14,"90":0,"91":10,"92":10,"93":17,"94":13,"95":13,"96":0,"97":0,"98":0,"99":0,"100":17,"101":51,"102":51,"103":357,"104":0,"105":17,"106":0,"107":17,"108":13,"109":0,"110":0,"111":0,"112":0,"113":0,"114":0,"115":0,"116":0,"117":10,"118":10,"119":0,"120":10,"121":10},"f":{"0":10,"1":4,"2":1,"3":0,"4":1,"5":1,"6":11,"7":0,"8":10,"9":10,"10":0,"11":1,"12":1,"13":0,"14":10,"15":0,"16":10,"17":10,"18":10,"19":10,"20":0,"21":10,"22":10,"23":0,"24":14,"25":0,"26":10,"27":10,"28":17,"29":13,"30":13,"31":0,"32":0,"33":0,"34":0,"35":17,"36":51,"37":51,"38":357,"39":0,"40":17,"41":0,"42":17,"43":13,"44":0,"45":0,"46":0,"47":0,"48":0,"49":0,"50":0,"51":0,"52":10,"53":10,"54":0,"55":10,"56":10},"b":{"0":[1,0],"1":[0,0],"2":[0,0],"3":[0,1],"4":[1,0],"5":[1,1],"6":[0,11],"7":[10,0],"8":[0,0],"9":[1,0],"10":[0,0],"11":[0,0],"12":[10,10],"13":[0,10],"14":[10,10],"15":[10,10],"16":[14,10],"17":[0,10],"18":[0,14],"19":[14,10],"20":[17,10],"21":[0,null],"22":[0,0],"23":[0,0],"24":[0,0],"25":[10,10],"26":[10,10],"27":[0,10]},"meta":{"lastBranch":0,"lastFunction":0,"lastStatement":0,"seen":{}}}
}
